#
# A fatal error has been detected by the Java Runtime Environment:
#
#  EXCEPTION_ACCESS_VIOLATION (0xc0000005) at pc=0x575c3a43, pid=4044, tid=1440
#
# JRE version: 7.0-b147
# Java VM: Java HotSpot(TM) Client VM (21.0-b17 mixed mode, sharing windows-x86 )
# Problematic frame:
# C  0x575c3a43
#
# Failed to write core dump. Minidumps are not enabled by default on client versions of Windows
#
# If you would like to submit a bug report, please visit:
#   http://bugreport.sun.com/bugreport/crash.jsp
# The crash happened outside the Java Virtual Machine in native code.
# See problematic frame for where to report the bug.
#

---------------  T H R E A D  ---------------

Current thread (0x03c7f800):  JavaThread "AWT-EventQueue-0" [_thread_in_native, id=1440, stack(0x041b0000,0x04200000)]

siginfo: ExceptionCode=0xc0000005, ExceptionInformation=0x00000008 0x575c3a43

Registers:
EAX=0x575c3a43, EBX=0x32bf0458, ECX=0x06960a78, EDX=0x06960d10
ESP=0x041ff1b8, EBP=0x041ff1bc, ESI=0x066a0a78, EDI=0x00000000
EIP=0x575c3a43, EFLAGS=0x00010246

Top of Stack: (sp=0x041ff1b8)
0x041ff1b8:   04131835 041ff220 03f627d5 03c7f800
0x041ff1c8:   32bf0458 041ff220 32bf0458 32bf0458
0x041ff1d8:   32bf0458 041ff220 01bea4a7 00c7f800
0x041ff1e8:   03f6121b 01bea5a7 03c7f928 041ff230
0x041ff1f8:   005f12e4 005f12ec 041ff200 32bf0458
0x041ff208:   041ff230 32bf2f70 00000000 32bf0458
0x041ff218:   00000000 041ff230 041ff254 01be3187
0x041ff228:   00000000 01be8839 23cd6e98 041ff234 

Instructions: (pc=0x575c3a43)
0x575c3a23:   
[error occurred during error reporting (printing registers, top of stack, instructions near pc), id 0xc0000005]

Register to memory mapping:

EAX=0x575c3a43 is an unknown value
EBX=0x32bf0458 is an oop
{method} 
 - klass: {other class}
ECX=0x06960a78 is an unknown value
EDX=0x06960d10 is an unknown value
ESP=0x041ff1b8 is pointing into the stack for thread: 0x03c7f800
EBP=0x041ff1bc is pointing into the stack for thread: 0x03c7f800
ESI=0x066a0a78 is an unknown value
EDI=0x00000000 is an unknown value


Stack: [0x041b0000,0x04200000],  sp=0x041ff1b8,  free space=316k
Native frames: (J=compiled Java code, j=interpreted, Vv=VM code, C=native code)
C  0x575c3a43
C  [JMyron.dll+0x27d5]  Java_JMyron_JMyron_native_1stop+0xf75
j  JMyron.JMyron.update()V+1
j  jcamlan.Cam$1.actionPerformed(Ljava/awt/event/ActionEvent;)V+7
j  javax.swing.Timer.fireActionPerformed(Ljava/awt/event/ActionEvent;)V+35
j  javax.swing.Timer$DoPostEvent.run()V+74
j  java.awt.event.InvocationEvent.dispatch()V+47
j  java.awt.EventQueue.dispatchEventImpl(Ljava/awt/AWTEvent;Ljava/lang/Object;)V+21
j  java.awt.EventQueue.access$000(Ljava/awt/EventQueue;Ljava/awt/AWTEvent;Ljava/lang/Object;)V+3
j  java.awt.EventQueue$3.run()Ljava/lang/Void;+12
j  java.awt.EventQueue$3.run()Ljava/lang/Object;+1
v  ~StubRoutines::call_stub
V  [jvm.dll+0x122c7e]
V  [jvm.dll+0x1c9c0e]
V  [jvm.dll+0x122d0d]
V  [jvm.dll+0xd3c3a]
C  [java.dll+0x102f]  Java_java_security_AccessController_doPrivileged__Ljava_security_PrivilegedAction_2Ljava_security_AccessControlContext_2+0x17
j  java.security.ProtectionDomain$1.doIntersectionPrivilege(Ljava/security/PrivilegedAction;Ljava/security/AccessControlContext;Ljava/security/AccessControlContext;)Ljava/lang/Object;+28
j  java.awt.EventQueue.dispatchEvent(Ljava/awt/AWTEvent;)V+46
j  java.awt.EventDispatchThread.pumpOneEventForFilters(I)Z+245
j  java.awt.EventDispatchThread.pumpEventsForFilter(ILjava/awt/Conditional;Ljava/awt/EventFilter;)V+35
j  java.awt.EventDispatchThread.pumpEventsForHierarchy(ILjava/awt/Conditional;Ljava/awt/Component;)V+11
j  java.awt.EventDispatchThread.pumpEvents(ILjava/awt/Conditional;)V+4
j  java.awt.EventDispatchThread.pumpEvents(Ljava/awt/Conditional;)V+3
j  java.awt.EventDispatchThread.run()V+9
v  ~StubRoutines::call_stub
V  [jvm.dll+0x122c7e]
V  [jvm.dll+0x1c9c0e]
V  [jvm.dll+0x122e73]
V  [jvm.dll+0x122ed7]
V  [jvm.dll+0xccd1f]
V  [jvm.dll+0x14433f]
V  [jvm.dll+0x171549]
C  [msvcr100.dll+0x5c6de]  endthreadex+0x3a
C  [msvcr100.dll+0x5c788]  endthreadex+0xe4
C  [kernel32.dll+0x51114]  BaseThreadInitThunk+0x12
C  [ntdll.dll+0x5b429]  RtlInitializeExceptionChain+0x63
C  [ntdll.dll+0x5b3fc]  RtlInitializeExceptionChain+0x36

Java frames: (J=compiled Java code, j=interpreted, Vv=VM code)
j  JMyron.JMyron.native_update()V+0
j  JMyron.JMyron.update()V+1
j  jcamlan.Cam$1.actionPerformed(Ljava/awt/event/ActionEvent;)V+7
j  javax.swing.Timer.fireActionPerformed(Ljava/awt/event/ActionEvent;)V+35
j  javax.swing.Timer$DoPostEvent.run()V+74
j  java.awt.event.InvocationEvent.dispatch()V+47
j  java.awt.EventQueue.dispatchEventImpl(Ljava/awt/AWTEvent;Ljava/lang/Object;)V+21
j  java.awt.EventQueue.access$000(Ljava/awt/EventQueue;Ljava/awt/AWTEvent;Ljava/lang/Object;)V+3
j  java.awt.EventQueue$3.run()Ljava/lang/Void;+12
j  java.awt.EventQueue$3.run()Ljava/lang/Object;+1
v  ~StubRoutines::call_stub
j  java.security.AccessController.doPrivileged(Ljava/security/PrivilegedAction;Ljava/security/AccessControlContext;)Ljava/lang/Object;+0
j  java.security.ProtectionDomain$1.doIntersectionPrivilege(Ljava/security/PrivilegedAction;Ljava/security/AccessControlContext;Ljava/security/AccessControlContext;)Ljava/lang/Object;+28
j  java.awt.EventQueue.dispatchEvent(Ljava/awt/AWTEvent;)V+46
j  java.awt.EventDispatchThread.pumpOneEventForFilters(I)Z+245
j  java.awt.EventDispatchThread.pumpEventsForFilter(ILjava/awt/Conditional;Ljava/awt/EventFilter;)V+35
j  java.awt.EventDispatchThread.pumpEventsForHierarchy(ILjava/awt/Conditional;Ljava/awt/Component;)V+11
j  java.awt.EventDispatchThread.pumpEvents(ILjava/awt/Conditional;)V+4
j  java.awt.EventDispatchThread.pumpEvents(Ljava/awt/Conditional;)V+3
j  java.awt.EventDispatchThread.run()V+9
v  ~StubRoutines::call_stub

---------------  P R O C E S S  ---------------

Java Threads: ( => current thread )
  0x03cec000 JavaThread "D3D Screen Updater" daemon [_thread_blocked, id=3940, stack(0x064a0000,0x064f0000)]
  0x03ce0000 JavaThread "TimerQueue" daemon [_thread_blocked, id=3696, stack(0x04250000,0x042a0000)]
  0x0064f400 JavaThread "DestroyJavaVM" [_thread_blocked, id=1756, stack(0x009d0000,0x00a20000)]
=>0x03c7f800 JavaThread "AWT-EventQueue-0" [_thread_in_native, id=1440, stack(0x041b0000,0x04200000)]
  0x03c3ec00 JavaThread "AWT-Windows" daemon [_thread_in_native, id=1276, stack(0x04080000,0x040d0000)]
  0x03c3e000 JavaThread "AWT-Shutdown" [_thread_blocked, id=2972, stack(0x03fe0000,0x04030000)]
  0x03c3b800 JavaThread "Java2D Disposer" daemon [_thread_blocked, id=2596, stack(0x03e10000,0x03e60000)]
  0x005ed400 JavaThread "Service Thread" daemon [_thread_blocked, id=2264, stack(0x00e80000,0x00ed0000)]
  0x005dfc00 JavaThread "C1 CompilerThread0" daemon [_thread_blocked, id=832, stack(0x00e30000,0x00e80000)]
  0x005de800 JavaThread "Attach Listener" daemon [_thread_blocked, id=1868, stack(0x00de0000,0x00e30000)]
  0x005dd800 JavaThread "Signal Dispatcher" daemon [_thread_blocked, id=3904, stack(0x00b10000,0x00b60000)]
  0x005d0000 JavaThread "Finalizer" daemon [_thread_blocked, id=2588, stack(0x00c40000,0x00c90000)]
  0x005ce800 JavaThread "Reference Handler" daemon [_thread_blocked, id=2056, stack(0x00d70000,0x00dc0000)]

Other Threads:
  0x005cc800 VMThread [stack: 0x00ba0000,0x00bf0000] [id=3692]
  0x005ee800 WatcherThread [stack: 0x00ce0000,0x00d30000] [id=2948]

VM state:not at safepoint (normal execution)

VM Mutex/Monitor currently owned by a thread: None

Heap
 def new generation   total 4608K, used 4058K [0x23a70000, 0x23f70000, 0x28a70000)
  eden space 4096K,  99% used [0x23a70000, 0x23e66980, 0x23e70000)
  from space 512K,   0% used [0x23e70000, 0x23e70000, 0x23ef0000)
  to   space 512K,   0% used [0x23ef0000, 0x23ef0000, 0x23f70000)
 tenured generation   total 10240K, used 0K [0x28a70000, 0x29470000, 0x32a70000)
   the space 10240K,   0% used [0x28a70000, 0x28a70000, 0x28a70200, 0x29470000)
 compacting perm gen  total 12288K, used 1885K [0x32a70000, 0x33670000, 0x36a70000)
   the space 12288K,  15% used [0x32a70000, 0x32c47690, 0x32c47800, 0x33670000)
    ro space 10240K,  45% used [0x36a70000, 0x36ef1888, 0x36ef1a00, 0x37470000)
    rw space 12288K,  54% used [0x37470000, 0x37af04f8, 0x37af0600, 0x38070000)

Code Cache  [0x01be0000, 0x01c88000, 0x03be0000)
 total_blobs=373 nmethods=127 adapters=179 free_code_cache=32107Kb largest_free_block=32878208

Dynamic libraries:
0x00fb0000 - 0x00fde000 	C:\Program Files\Java\jdk1.7.0\bin\java.exe
0x77550000 - 0x7768d000 	C:\Windows\SYSTEM32\ntdll.dll
0x75b40000 - 0x75c14000 	C:\Windows\system32\kernel32.dll
0x757b0000 - 0x757fa000 	C:\Windows\system32\KERNELBASE.dll
0x75d30000 - 0x75dd0000 	C:\Windows\system32\ADVAPI32.dll
0x76e00000 - 0x76eac000 	C:\Windows\system32\msvcrt.dll
0x75cb0000 - 0x75cc9000 	C:\Windows\SYSTEM32\sechost.dll
0x76d50000 - 0x76df1000 	C:\Windows\system32\RPCRT4.dll
0x76c80000 - 0x76d49000 	C:\Windows\system32\USER32.dll
0x75dd0000 - 0x75e1e000 	C:\Windows\system32\GDI32.dll
0x759a0000 - 0x759aa000 	C:\Windows\system32\LPK.dll
0x77350000 - 0x773ed000 	C:\Windows\system32\USP10.dll
0x74700000 - 0x7489e000 	C:\Windows\WinSxS\x86_microsoft.windows.common-controls_6595b64144ccf1df_6.0.7600.16661_none_420fe3fa2b8113bd\COMCTL32.dll
0x776a0000 - 0x776f7000 	C:\Windows\system32\SHLWAPI.dll
0x75cd0000 - 0x75cef000 	C:\Windows\system32\IMM32.DLL
0x75f60000 - 0x7602c000 	C:\Windows\system32\MSCTF.dll
0x6aec0000 - 0x6af7e000 	C:\Program Files\Java\jdk1.7.0\jre\bin\msvcr100.dll
0x68c40000 - 0x68f61000 	C:\Program Files\Java\jdk1.7.0\jre\bin\client\jvm.dll
0x6fc30000 - 0x6fc37000 	C:\Windows\system32\WSOCK32.dll
0x75cf0000 - 0x75d25000 	C:\Windows\system32\WS2_32.dll
0x76eb0000 - 0x76eb6000 	C:\Windows\system32\NSI.dll
0x6fbf0000 - 0x6fc22000 	C:\Windows\system32\WINMM.dll
0x77690000 - 0x77695000 	C:\Windows\system32\PSAPI.DLL
0x722a0000 - 0x722ac000 	C:\Program Files\Java\jdk1.7.0\jre\bin\verify.dll
0x71fe0000 - 0x72000000 	C:\Program Files\Java\jdk1.7.0\jre\bin\java.dll
0x71f80000 - 0x71f93000 	C:\Program Files\Java\jdk1.7.0\jre\bin\zip.dll
0x68af0000 - 0x68c32000 	C:\Program Files\Java\jdk1.7.0\jre\bin\awt.dll
0x75c20000 - 0x75caf000 	C:\Windows\system32\OLEAUT32.dll
0x773f0000 - 0x7754c000 	C:\Windows\system32\ole32.dll
0x74580000 - 0x745c0000 	C:\Windows\system32\uxtheme.dll
0x74250000 - 0x74263000 	C:\Windows\system32\dwmapi.dll
0x75620000 - 0x7562c000 	C:\Windows\system32\CRYPTBASE.dll
0x76030000 - 0x76c79000 	C:\Windows\system32\SHELL32.dll
0x6eed0000 - 0x6eefa000 	C:\Program Files\Java\jdk1.7.0\jre\bin\fontmanager.dll
0x67130000 - 0x672f3000 	C:\Windows\system32\d3d9.dll
0x74b60000 - 0x74b69000 	C:\Windows\system32\VERSION.dll
0x72470000 - 0x72476000 	C:\Windows\system32\d3d8thk.dll
0x70d00000 - 0x7145c000 	C:\Windows\system32\nvd3dum.dll
0x73b90000 - 0x73bb5000 	C:\Windows\system32\powrprof.dll
0x770c0000 - 0x7725d000 	C:\Windows\system32\SETUPAPI.dll
0x75920000 - 0x75947000 	C:\Windows\system32\CFGMGR32.dll
0x75980000 - 0x75992000 	C:\Windows\system32\DEVOBJ.dll
0x6fd00000 - 0x6fd14000 	C:\Program Files\Java\jdk1.7.0\jre\bin\net.dll
0x75130000 - 0x7516c000 	C:\Windows\system32\mswsock.dll
0x75120000 - 0x75126000 	C:\Windows\System32\wship6.dll
0x72290000 - 0x7229f000 	C:\Program Files\Java\jdk1.7.0\jre\bin\nio.dll
0x6f770000 - 0x6f7a1000 	C:\Program Files\Java\jdk1.7.0\jre\bin\t2k.dll
0x77260000 - 0x772e3000 	C:\Windows\system32\CLBCatQ.DLL
0x74120000 - 0x7421b000 	C:\Windows\system32\WindowsCodecs.dll
0x755d0000 - 0x7561b000 	C:\Windows\system32\apphelp.dll
0x10000000 - 0x10017000 	C:\Users\Pedro\AppData\Roaming\Dropbox\bin\DropboxExt.14.dll
0x71760000 - 0x7184b000 	C:\Windows\system32\dbghelp.dll
0x7c3a0000 - 0x7c41b000 	C:\Users\Pedro\AppData\Roaming\Dropbox\bin\MSVCP71.dll
0x7c340000 - 0x7c396000 	C:\Users\Pedro\AppData\Roaming\Dropbox\bin\MSVCR71.dll
0x715c0000 - 0x715f1000 	C:\Windows\system32\EhStorShell.dll
0x745c0000 - 0x746b5000 	C:\Windows\system32\PROPSYS.dll
0x70b30000 - 0x70b9a000 	C:\Windows\System32\cscui.dll
0x70b20000 - 0x70b29000 	C:\Windows\System32\CSCDLL.dll
0x70b10000 - 0x70b1b000 	C:\Windows\system32\CSCAPI.dll
0x70aa0000 - 0x70b0f000 	C:\Windows\system32\ntshrui.dll
0x75520000 - 0x75539000 	C:\Windows\system32\srvcli.dll
0x738b0000 - 0x738ba000 	C:\Windows\system32\slc.dll
0x740d0000 - 0x740f4000 	C:\Program Files\Java\jdk1.7.0\jre\bin\dcpr.dll
0x03f60000 - 0x03f7b000 	C:\Windows\System32\JMyron.dll
0x04130000 - 0x04144000 	C:\Windows\system32\myron_ezcam.dll
0x04200000 - 0x04213000 	C:\Windows\system32\DSVL.dll
0x6abf0000 - 0x6ad67000 	C:\Windows\system32\QUARTZ.dll
0x70870000 - 0x708a2000 	C:\Windows\system32\qcap.dll
0x72520000 - 0x72541000 	C:\Windows\system32\MSVFW32.dll
0x6f6f0000 - 0x6f770000 	C:\Windows\System32\qedit.dll
0x759b0000 - 0x75a2b000 	C:\Windows\system32\COMDLG32.dll
0x743f0000 - 0x74580000 	C:\Windows\WinSxS\x86_microsoft.windows.gdiplus_6595b64144ccf1df_1.1.7600.16385_none_72fc7cbf861225ca\gdiplus.dll
0x722e0000 - 0x722f4000 	C:\Windows\system32\devenum.dll
0x73760000 - 0x73781000 	C:\Windows\system32\ntmarta.dll
0x77730000 - 0x77775000 	C:\Windows\system32\WLDAP32.dll
0x75950000 - 0x7597d000 	C:\Windows\system32\WINTRUST.dll
0x75800000 - 0x7591c000 	C:\Windows\system32\CRYPT32.dll
0x75710000 - 0x7571c000 	C:\Windows\system32\MSASN1.dll
0x72450000 - 0x7245b000 	C:\Windows\system32\msdmo.dll
0x6fa20000 - 0x6fa53000 	C:\Windows\system32\ksproxy.ax
0x6e7d0000 - 0x6e7d4000 	C:\Windows\system32\ksuser.dll
0x72460000 - 0x72469000 	C:\Windows\system32\vidcap.ax
0x70790000 - 0x707ad000 	C:\Windows\system32\kswdmcap.ax
0x67010000 - 0x6712c000 	C:\Windows\system32\MFC42.dll
0x6eae0000 - 0x6eb6c000 	C:\Windows\system32\ODBC32.dll
0x6f6b0000 - 0x6f6e8000 	C:\Windows\system32\odbcint.dll
0x04240000 - 0x04247000 	C:\Windows\system32\VMctrl325.ax

VM Arguments:
jvm_args: -Dfile.encoding=UTF-8 
java_command: jcamlan.initFrame
Launcher Type: SUN_STANDARD

Environment Variables:
PATH=C:\Program Files\Common Files\Microsoft Shared\Windows Live;C:\Windows\system32;C:\Windows;C:\Windows\System32\Wbem;C:\Windows\System32\WindowsPowerShell\v1.0\;C:\Program Files\Windows Live\Shared
USERNAME=Pedro
OS=Windows_NT
PROCESSOR_IDENTIFIER=x86 Family 15 Model 127 Stepping 1, AuthenticAMD



---------------  S Y S T E M  ---------------

OS: Windows 7 Build 7600 

CPU:total 1 (1 cores per cpu, 1 threads per core) family 15 model 127 stepping 1, cmov, cx8, fxsr, mmx, sse, sse2, sse3, mmxext, 3dnowpref

Memory: 4k page, physical 981496k(36668k free), swap 2463820k(191896k free)

vm_info: Java HotSpot(TM) Client VM (21.0-b17) for windows-x86 JRE (1.7.0-b147), built on Jun 27 2011 02:25:52 by "java_re" with unknown MS VC++:1600

time: Mon Oct 10 18:05:32 2011
elapsed time: 6 seconds

