#
# A fatal error has been detected by the Java Runtime Environment:
#
#  EXCEPTION_ACCESS_VIOLATION (0xc0000005) at pc=0x575c3a43, pid=3516, tid=3388
#
# JRE version: 7.0-b147
# Java VM: Java HotSpot(TM) Client VM (21.0-b17 mixed mode, sharing windows-x86 )
# Problematic frame:
# C  0x575c3a43
#
# Failed to write core dump. Minidumps are not enabled by default on client versions of Windows
#
# If you would like to submit a bug report, please visit:
#   http://bugreport.sun.com/bugreport/crash.jsp
# The crash happened outside the Java Virtual Machine in native code.
# See problematic frame for where to report the bug.
#

---------------  T H R E A D  ---------------

Current thread (0x03ca5400):  JavaThread "AWT-EventQueue-0" [_thread_in_native, id=3388, stack(0x070b0000,0x07100000)]

siginfo: ExceptionCode=0xc0000005, ExceptionInformation=0x00000008 0x575c3a43

Registers:
EAX=0x575c3a43, EBX=0x32aa4dc8, ECX=0x00c60a78, EDX=0x00c60d10
ESP=0x070ff268, EBP=0x070ff26c, ESI=0x03ec0a78, EDI=0x00000000
EIP=0x575c3a43, EFLAGS=0x00010246

Top of Stack: (sp=0x070ff268)
0x070ff268:   00b51835 070ff2d0 100027d5 03ca5400
0x070ff278:   32aa4dc8 070ff2d0 32aa4dc8 32aa4dc8
0x070ff288:   32aa4dc8 070ff2d0 018ea4a7 00ca5400
0x070ff298:   1000121b 018ea5a7 03ca5528 070ff2e0
0x070ff2a8:   00981ef4 00981efc 070ff2b0 32aa4dc8
0x070ff2b8:   070ff2e0 32aa78e0 00000000 32aa4dc8
0x070ff2c8:   00000000 070ff2e0 070ff304 018e3187
0x070ff2d8:   00000000 018e8839 23b0e900 070ff2e4 

Instructions: (pc=0x575c3a43)
0x575c3a23:   
[error occurred during error reporting (printing registers, top of stack, instructions near pc), id 0xc0000005]

Register to memory mapping:

EAX=0x575c3a43 is an unknown value
EBX=0x32aa4dc8 is an oop
{method} 
 - klass: {other class}
ECX=0x00c60a78 is an unknown value
EDX=0x00c60d10 is an unknown value
ESP=0x070ff268 is pointing into the stack for thread: 0x03ca5400
EBP=0x070ff26c is pointing into the stack for thread: 0x03ca5400
ESI=0x03ec0a78 is an unknown value
EDI=0x00000000 is an unknown value


Stack: [0x070b0000,0x07100000],  sp=0x070ff268,  free space=316k
Native frames: (J=compiled Java code, j=interpreted, Vv=VM code, C=native code)
C  0x575c3a43
C  [JMyron.dll+0x27d5]  Java_JMyron_JMyron_native_1stop+0xf75
j  JMyron.JMyron.update()V+1
j  jcamlan.IOcam.Cam$1.actionPerformed(Ljava/awt/event/ActionEvent;)V+7
j  javax.swing.Timer.fireActionPerformed(Ljava/awt/event/ActionEvent;)V+35
j  javax.swing.Timer$DoPostEvent.run()V+74
j  java.awt.event.InvocationEvent.dispatch()V+47
j  java.awt.EventQueue.dispatchEventImpl(Ljava/awt/AWTEvent;Ljava/lang/Object;)V+21
j  java.awt.EventQueue.access$000(Ljava/awt/EventQueue;Ljava/awt/AWTEvent;Ljava/lang/Object;)V+3
j  java.awt.EventQueue$3.run()Ljava/lang/Void;+12
j  java.awt.EventQueue$3.run()Ljava/lang/Object;+1
v  ~StubRoutines::call_stub
V  [jvm.dll+0x122c7e]
V  [jvm.dll+0x1c9c0e]
V  [jvm.dll+0x122d0d]
V  [jvm.dll+0xd3c3a]
C  [java.dll+0x102f]  Java_java_security_AccessController_doPrivileged__Ljava_security_PrivilegedAction_2Ljava_security_AccessControlContext_2+0x17
j  java.security.ProtectionDomain$1.doIntersectionPrivilege(Ljava/security/PrivilegedAction;Ljava/security/AccessControlContext;Ljava/security/AccessControlContext;)Ljava/lang/Object;+28
j  java.awt.EventQueue.dispatchEvent(Ljava/awt/AWTEvent;)V+46
j  java.awt.EventDispatchThread.pumpOneEventForFilters(I)Z+245
j  java.awt.EventDispatchThread.pumpEventsForFilter(ILjava/awt/Conditional;Ljava/awt/EventFilter;)V+35
j  java.awt.EventDispatchThread.pumpEventsForHierarchy(ILjava/awt/Conditional;Ljava/awt/Component;)V+11
j  java.awt.EventDispatchThread.pumpEvents(ILjava/awt/Conditional;)V+4
j  java.awt.EventDispatchThread.pumpEvents(Ljava/awt/Conditional;)V+3
j  java.awt.EventDispatchThread.run()V+9
v  ~StubRoutines::call_stub
V  [jvm.dll+0x122c7e]
V  [jvm.dll+0x1c9c0e]
V  [jvm.dll+0x122e73]
V  [jvm.dll+0x122ed7]
V  [jvm.dll+0xccd1f]
V  [jvm.dll+0x14433f]
V  [jvm.dll+0x171549]
C  [msvcr100.dll+0x5c6de]  endthreadex+0x3a
C  [msvcr100.dll+0x5c788]  endthreadex+0xe4
C  [kernel32.dll+0x51114]  BaseThreadInitThunk+0x12
C  [ntdll.dll+0x5b429]  RtlInitializeExceptionChain+0x63
C  [ntdll.dll+0x5b3fc]  RtlInitializeExceptionChain+0x36

Java frames: (J=compiled Java code, j=interpreted, Vv=VM code)
j  JMyron.JMyron.native_update()V+0
j  JMyron.JMyron.update()V+1
j  jcamlan.IOcam.Cam$1.actionPerformed(Ljava/awt/event/ActionEvent;)V+7
j  javax.swing.Timer.fireActionPerformed(Ljava/awt/event/ActionEvent;)V+35
j  javax.swing.Timer$DoPostEvent.run()V+74
j  java.awt.event.InvocationEvent.dispatch()V+47
j  java.awt.EventQueue.dispatchEventImpl(Ljava/awt/AWTEvent;Ljava/lang/Object;)V+21
j  java.awt.EventQueue.access$000(Ljava/awt/EventQueue;Ljava/awt/AWTEvent;Ljava/lang/Object;)V+3
j  java.awt.EventQueue$3.run()Ljava/lang/Void;+12
j  java.awt.EventQueue$3.run()Ljava/lang/Object;+1
v  ~StubRoutines::call_stub
j  java.security.AccessController.doPrivileged(Ljava/security/PrivilegedAction;Ljava/security/AccessControlContext;)Ljava/lang/Object;+0
j  java.security.ProtectionDomain$1.doIntersectionPrivilege(Ljava/security/PrivilegedAction;Ljava/security/AccessControlContext;Ljava/security/AccessControlContext;)Ljava/lang/Object;+28
j  java.awt.EventQueue.dispatchEvent(Ljava/awt/AWTEvent;)V+46
j  java.awt.EventDispatchThread.pumpOneEventForFilters(I)Z+245
j  java.awt.EventDispatchThread.pumpEventsForFilter(ILjava/awt/Conditional;Ljava/awt/EventFilter;)V+35
j  java.awt.EventDispatchThread.pumpEventsForHierarchy(ILjava/awt/Conditional;Ljava/awt/Component;)V+11
j  java.awt.EventDispatchThread.pumpEvents(ILjava/awt/Conditional;)V+4
j  java.awt.EventDispatchThread.pumpEvents(Ljava/awt/Conditional;)V+3
j  java.awt.EventDispatchThread.run()V+9
v  ~StubRoutines::call_stub

---------------  P R O C E S S  ---------------

Java Threads: ( => current thread )
=>0x03ca5400 JavaThread "AWT-EventQueue-0" [_thread_in_native, id=3388, stack(0x070b0000,0x07100000)]
  0x03ca2800 JavaThread "AWT-Windows" daemon [_thread_in_native, id=1736, stack(0x03ee0000,0x03f30000)]
  0x03c9e800 JavaThread "AWT-Shutdown" [_thread_blocked, id=672, stack(0x04e50000,0x04ea0000)]
  0x03c9b000 JavaThread "Java2D Disposer" daemon [_thread_blocked, id=3644, stack(0x04dd0000,0x04e20000)]
  0x009bfc00 JavaThread "TimerQueue" daemon [_thread_blocked, id=2952, stack(0x06f50000,0x06fa0000)]
  0x0097d400 JavaThread "Service Thread" daemon [_thread_blocked, id=1132, stack(0x00bc0000,0x00c10000)]
  0x0096fc00 JavaThread "C1 CompilerThread0" daemon [_thread_blocked, id=3308, stack(0x03970000,0x039c0000)]
  0x0096e800 JavaThread "Attach Listener" daemon [_thread_blocked, id=3628, stack(0x039d0000,0x03a20000)]
  0x0096d800 JavaThread "Signal Dispatcher" daemon [_thread_blocked, id=3348, stack(0x03910000,0x03960000)]
  0x00960000 JavaThread "Finalizer" daemon [_thread_blocked, id=1568, stack(0x03a20000,0x03a70000)]
  0x0095e800 JavaThread "Reference Handler" daemon [_thread_blocked, id=2644, stack(0x00b00000,0x00b50000)]
  0x00a4f400 JavaThread "main" [_thread_in_native, id=968, stack(0x004c0000,0x00510000)]

Other Threads:
  0x0095c800 VMThread [stack: 0x00b70000,0x00bc0000] [id=2236]
  0x0097ec00 WatcherThread [stack: 0x03be0000,0x03c30000] [id=3396]

VM state:not at safepoint (normal execution)

VM Mutex/Monitor currently owned by a thread: None

Heap
 def new generation   total 4608K, used 1281K [0x23a70000, 0x23f70000, 0x28a70000)
  eden space 4096K,  31% used [0x23a70000, 0x23bb0790, 0x23e70000)
  from space 512K,   0% used [0x23e70000, 0x23e70000, 0x23ef0000)
  to   space 512K,   0% used [0x23ef0000, 0x23ef0000, 0x23f70000)
 tenured generation   total 10240K, used 0K [0x28a70000, 0x29470000, 0x32a70000)
   the space 10240K,   0% used [0x28a70000, 0x28a70000, 0x28a70200, 0x29470000)
 compacting perm gen  total 12288K, used 421K [0x32a70000, 0x33670000, 0x36a70000)
   the space 12288K,   3% used [0x32a70000, 0x32ad95a0, 0x32ad9600, 0x33670000)
    ro space 10240K,  45% used [0x36a70000, 0x36ef1888, 0x36ef1a00, 0x37470000)
    rw space 12288K,  54% used [0x37470000, 0x37af04f8, 0x37af0600, 0x38070000)

Code Cache  [0x018e0000, 0x01960000, 0x038e0000)
 total_blobs=191 nmethods=23 adapters=102 free_code_cache=32262Kb largest_free_block=33037184

Dynamic libraries:
0x00cb0000 - 0x00cde000 	C:\Program Files\Java\jdk1.7.0\bin\java.exe
0x76f80000 - 0x770bd000 	C:\Windows\SYSTEM32\ntdll.dll
0x76570000 - 0x76644000 	C:\Windows\system32\kernel32.dll
0x75360000 - 0x753aa000 	C:\Windows\system32\KERNELBASE.dll
0x77110000 - 0x771b0000 	C:\Windows\system32\ADVAPI32.dll
0x76c60000 - 0x76d0c000 	C:\Windows\system32\msvcrt.dll
0x755c0000 - 0x755d9000 	C:\Windows\SYSTEM32\sechost.dll
0x75510000 - 0x755b1000 	C:\Windows\system32\RPCRT4.dll
0x769b0000 - 0x76a79000 	C:\Windows\system32\USER32.dll
0x75730000 - 0x7577e000 	C:\Windows\system32\GDI32.dll
0x770c0000 - 0x770ca000 	C:\Windows\system32\LPK.dll
0x753e0000 - 0x7547d000 	C:\Windows\system32\USP10.dll
0x74130000 - 0x742ce000 	C:\Windows\WinSxS\x86_microsoft.windows.common-controls_6595b64144ccf1df_6.0.7600.16661_none_420fe3fa2b8113bd\COMCTL32.dll
0x76b80000 - 0x76bd7000 	C:\Windows\system32\SHLWAPI.dll
0x75780000 - 0x7579f000 	C:\Windows\system32\IMM32.DLL
0x76d10000 - 0x76ddc000 	C:\Windows\system32\MSCTF.dll
0x6c5d0000 - 0x6c68e000 	C:\Program Files\Java\jdk1.7.0\jre\bin\msvcr100.dll
0x68890000 - 0x68bb1000 	C:\Program Files\Java\jdk1.7.0\jre\bin\client\jvm.dll
0x6e840000 - 0x6e847000 	C:\Windows\system32\WSOCK32.dll
0x75480000 - 0x754b5000 	C:\Windows\system32\WS2_32.dll
0x77100000 - 0x77106000 	C:\Windows\system32\NSI.dll
0x6f6c0000 - 0x6f6f2000 	C:\Windows\system32\WINMM.dll
0x75720000 - 0x75725000 	C:\Windows\system32\PSAPI.DLL
0x73590000 - 0x7359c000 	C:\Program Files\Java\jdk1.7.0\jre\bin\verify.dll
0x72290000 - 0x722b0000 	C:\Program Files\Java\jdk1.7.0\jre\bin\java.dll
0x724c0000 - 0x724d3000 	C:\Program Files\Java\jdk1.7.0\jre\bin\zip.dll
0x685f0000 - 0x68732000 	C:\Program Files\Java\jdk1.7.0\jre\bin\awt.dll
0x76480000 - 0x7650f000 	C:\Windows\system32\OLEAUT32.dll
0x76850000 - 0x769ac000 	C:\Windows\system32\ole32.dll
0x10000000 - 0x1001b000 	C:\Windows\System32\JMyron.dll
0x00b50000 - 0x00b64000 	C:\Windows\system32\myron_ezcam.dll
0x00c10000 - 0x00c23000 	C:\Windows\system32\DSVL.dll
0x68c20000 - 0x68d97000 	C:\Windows\system32\QUARTZ.dll
0x757a0000 - 0x763e9000 	C:\Windows\system32\SHELL32.dll
0x7c3a0000 - 0x7c41b000 	C:\Windows\system32\MSVCP71.dll
0x7c340000 - 0x7c396000 	C:\Windows\system32\MSVCR71.dll
0x75050000 - 0x7505c000 	C:\Windows\system32\CRYPTBASE.dll
0x73fb0000 - 0x73ff0000 	C:\Windows\system32\uxtheme.dll
0x64910000 - 0x6491e000 	C:\ProgramData\Real\RealPlayer\BrowserRecordPlugin\Chrome\Hook\rpchrome14browserrecordhelper.dll
0x6e850000 - 0x6e8f3000 	C:\Windows\WinSxS\x86_microsoft.vc90.crt_1fc8b3b9a1e18e3b_9.0.30729.4926_none_508ed732bcbc0e5a\MSVCR90.dll
0x6db00000 - 0x6db8e000 	C:\Windows\WinSxS\x86_microsoft.vc90.crt_1fc8b3b9a1e18e3b_9.0.30729.4926_none_508ed732bcbc0e5a\MSVCP90.dll
0x763f0000 - 0x76473000 	C:\Windows\system32\CLBCatQ.DLL
0x73c80000 - 0x73c93000 	C:\Windows\system32\dwmapi.dll
0x721c0000 - 0x721f2000 	C:\Windows\system32\qcap.dll
0x6f4e0000 - 0x6f501000 	C:\Windows\system32\MSVFW32.dll
0x74590000 - 0x74599000 	C:\Windows\system32\VERSION.dll
0x665e0000 - 0x66660000 	C:\Windows\System32\qedit.dll
0x76be0000 - 0x76c5b000 	C:\Windows\system32\COMDLG32.dll
0x73e20000 - 0x73fb0000 	C:\Windows\WinSxS\x86_microsoft.windows.gdiplus_6595b64144ccf1df_1.1.7600.16385_none_72fc7cbf861225ca\gdiplus.dll
0x72390000 - 0x723a4000 	C:\Windows\system32\devenum.dll
0x76de0000 - 0x76f7d000 	C:\Windows\system32\setupapi.dll
0x75150000 - 0x75177000 	C:\Windows\system32\CFGMGR32.dll
0x753b0000 - 0x753c2000 	C:\Windows\system32\DEVOBJ.dll
0x73560000 - 0x73581000 	C:\Windows\system32\ntmarta.dll
0x754c0000 - 0x75505000 	C:\Windows\system32\WLDAP32.dll
0x75180000 - 0x751ad000 	C:\Windows\system32\WINTRUST.dll
0x75240000 - 0x7535c000 	C:\Windows\system32\CRYPT32.dll
0x75140000 - 0x7514c000 	C:\Windows\system32\MSASN1.dll
0x72380000 - 0x7238b000 	C:\Windows\system32\msdmo.dll
0x5f7e0000 - 0x5f9a3000 	C:\Windows\system32\d3d9.dll
0x74120000 - 0x74126000 	C:\Windows\system32\d3d8thk.dll
0x70bc0000 - 0x7131c000 	C:\Windows\system32\nvd3dum.dll

VM Arguments:
jvm_args: -Dfile.encoding=UTF-8 
java_command: jcamlan.Main
Launcher Type: SUN_STANDARD

Environment Variables:
PATH=C:\Program Files\Common Files\Microsoft Shared\Windows Live;C:\Windows\system32;C:\Windows;C:\Windows\System32\Wbem;C:\Windows\System32\WindowsPowerShell\v1.0\;C:\Program Files\Windows Live\Shared
USERNAME=Pedro
OS=Windows_NT
PROCESSOR_IDENTIFIER=x86 Family 15 Model 127 Stepping 1, AuthenticAMD



---------------  S Y S T E M  ---------------

OS: Windows 7 Build 7600 

CPU:total 1 (1 cores per cpu, 1 threads per core) family 15 model 127 stepping 1, cmov, cx8, fxsr, mmx, sse, sse2, sse3, mmxext, 3dnowpref

Memory: 4k page, physical 981496k(78040k free), swap 2030072k(683616k free)

vm_info: Java HotSpot(TM) Client VM (21.0-b17) for windows-x86 JRE (1.7.0-b147), built on Jun 27 2011 02:25:52 by "java_re" with unknown MS VC++:1600

time: Thu Oct 13 17:42:18 2011
elapsed time: 4 seconds

