#
# A fatal error has been detected by the Java Runtime Environment:
#
#  EXCEPTION_ACCESS_VIOLATION (0xc0000005) at pc=0x575c3a43, pid=2476, tid=3420
#
# JRE version: 7.0-b147
# Java VM: Java HotSpot(TM) Client VM (21.0-b17 mixed mode, sharing windows-x86 )
# Problematic frame:
# C  0x575c3a43
#
# Failed to write core dump. Minidumps are not enabled by default on client versions of Windows
#
# If you would like to submit a bug report, please visit:
#   http://bugreport.sun.com/bugreport/crash.jsp
# The crash happened outside the Java Virtual Machine in native code.
# See problematic frame for where to report the bug.
#

---------------  T H R E A D  ---------------

Current thread (0x04c32c00):  JavaThread "AWT-EventQueue-0" [_thread_in_native, id=3420, stack(0x051c0000,0x05210000)]

siginfo: ExceptionCode=0xc0000005, ExceptionInformation=0x00000008 0x575c3a43

Registers:
EAX=0x575c3a43, EBX=0x32a91bf0, ECX=0x03940a78, EDX=0x03940d10
ESP=0x0520f0e8, EBP=0x0520f0ec, ESI=0x03af0a78, EDI=0x00000000
EIP=0x575c3a43, EFLAGS=0x00010246

Top of Stack: (sp=0x0520f0e8)
0x0520f0e8:   01351835 0520f150 100027d5 04c32c00
0x0520f0f8:   32a91bf0 0520f150 32a91bf0 32a91bf0
0x0520f108:   32a91bf0 0520f150 0156a4a7 00c32c00
0x0520f118:   1000121b 0156a5a7 04c32d28 0520f160
0x0520f128:   01301ef4 01301efc 0520f130 32a91bf0
0x0520f138:   0520f160 32a94708 00000000 32a91bf0
0x0520f148:   00000000 0520f160 0520f184 01563187
0x0520f158:   00000000 01568839 23b03bf0 0520f164 

Instructions: (pc=0x575c3a43)
0x575c3a23:   
[error occurred during error reporting (printing registers, top of stack, instructions near pc), id 0xc0000005]

Register to memory mapping:

EAX=0x575c3a43 is an unknown value
EBX=0x32a91bf0 is an oop
{method} 
 - klass: {other class}
ECX=0x03940a78 is an unknown value
EDX=0x03940d10 is an unknown value
ESP=0x0520f0e8 is pointing into the stack for thread: 0x04c32c00
EBP=0x0520f0ec is pointing into the stack for thread: 0x04c32c00
ESI=0x03af0a78 is an unknown value
EDI=0x00000000 is an unknown value


Stack: [0x051c0000,0x05210000],  sp=0x0520f0e8,  free space=316k
Native frames: (J=compiled Java code, j=interpreted, Vv=VM code, C=native code)
C  0x575c3a43
C  [JMyron.dll+0x27d5]  Java_JMyron_JMyron_native_1stop+0xf75
j  JMyron.JMyron.update()V+1
j  jcamlan.Cam$1.actionPerformed(Ljava/awt/event/ActionEvent;)V+7
j  javax.swing.Timer.fireActionPerformed(Ljava/awt/event/ActionEvent;)V+35
j  javax.swing.Timer$DoPostEvent.run()V+74
j  java.awt.event.InvocationEvent.dispatch()V+47
j  java.awt.EventQueue.dispatchEventImpl(Ljava/awt/AWTEvent;Ljava/lang/Object;)V+21
j  java.awt.EventQueue.access$000(Ljava/awt/EventQueue;Ljava/awt/AWTEvent;Ljava/lang/Object;)V+3
j  java.awt.EventQueue$3.run()Ljava/lang/Void;+12
j  java.awt.EventQueue$3.run()Ljava/lang/Object;+1
v  ~StubRoutines::call_stub
V  [jvm.dll+0x122c7e]
V  [jvm.dll+0x1c9c0e]
V  [jvm.dll+0x122d0d]
V  [jvm.dll+0xd3c3a]
C  [java.dll+0x102f]  Java_java_security_AccessController_doPrivileged__Ljava_security_PrivilegedAction_2Ljava_security_AccessControlContext_2+0x17
j  java.security.ProtectionDomain$1.doIntersectionPrivilege(Ljava/security/PrivilegedAction;Ljava/security/AccessControlContext;Ljava/security/AccessControlContext;)Ljava/lang/Object;+28
j  java.awt.EventQueue.dispatchEvent(Ljava/awt/AWTEvent;)V+46
j  java.awt.EventDispatchThread.pumpOneEventForFilters(I)Z+245
j  java.awt.EventDispatchThread.pumpEventsForFilter(ILjava/awt/Conditional;Ljava/awt/EventFilter;)V+35
j  java.awt.EventDispatchThread.pumpEventsForHierarchy(ILjava/awt/Conditional;Ljava/awt/Component;)V+11
j  java.awt.EventDispatchThread.pumpEvents(ILjava/awt/Conditional;)V+4
j  java.awt.EventDispatchThread.pumpEvents(Ljava/awt/Conditional;)V+3
j  java.awt.EventDispatchThread.run()V+9
v  ~StubRoutines::call_stub
V  [jvm.dll+0x122c7e]
V  [jvm.dll+0x1c9c0e]
V  [jvm.dll+0x122e73]
V  [jvm.dll+0x122ed7]
V  [jvm.dll+0xccd1f]
V  [jvm.dll+0x14433f]
V  [jvm.dll+0x171549]
C  [msvcr100.dll+0x5c6de]  endthreadex+0x3a
C  [msvcr100.dll+0x5c788]  endthreadex+0xe4
C  [kernel32.dll+0x51114]  BaseThreadInitThunk+0x12
C  [ntdll.dll+0x5b429]  RtlInitializeExceptionChain+0x63
C  [ntdll.dll+0x5b3fc]  RtlInitializeExceptionChain+0x36

Java frames: (J=compiled Java code, j=interpreted, Vv=VM code)
j  JMyron.JMyron.native_update()V+0
j  JMyron.JMyron.update()V+1
j  jcamlan.Cam$1.actionPerformed(Ljava/awt/event/ActionEvent;)V+7
j  javax.swing.Timer.fireActionPerformed(Ljava/awt/event/ActionEvent;)V+35
j  javax.swing.Timer$DoPostEvent.run()V+74
j  java.awt.event.InvocationEvent.dispatch()V+47
j  java.awt.EventQueue.dispatchEventImpl(Ljava/awt/AWTEvent;Ljava/lang/Object;)V+21
j  java.awt.EventQueue.access$000(Ljava/awt/EventQueue;Ljava/awt/AWTEvent;Ljava/lang/Object;)V+3
j  java.awt.EventQueue$3.run()Ljava/lang/Void;+12
j  java.awt.EventQueue$3.run()Ljava/lang/Object;+1
v  ~StubRoutines::call_stub
j  java.security.AccessController.doPrivileged(Ljava/security/PrivilegedAction;Ljava/security/AccessControlContext;)Ljava/lang/Object;+0
j  java.security.ProtectionDomain$1.doIntersectionPrivilege(Ljava/security/PrivilegedAction;Ljava/security/AccessControlContext;Ljava/security/AccessControlContext;)Ljava/lang/Object;+28
j  java.awt.EventQueue.dispatchEvent(Ljava/awt/AWTEvent;)V+46
j  java.awt.EventDispatchThread.pumpOneEventForFilters(I)Z+245
j  java.awt.EventDispatchThread.pumpEventsForFilter(ILjava/awt/Conditional;Ljava/awt/EventFilter;)V+35
j  java.awt.EventDispatchThread.pumpEventsForHierarchy(ILjava/awt/Conditional;Ljava/awt/Component;)V+11
j  java.awt.EventDispatchThread.pumpEvents(ILjava/awt/Conditional;)V+4
j  java.awt.EventDispatchThread.pumpEvents(Ljava/awt/Conditional;)V+3
j  java.awt.EventDispatchThread.run()V+9
v  ~StubRoutines::call_stub

---------------  P R O C E S S  ---------------

Java Threads: ( => current thread )
=>0x04c32c00 JavaThread "AWT-EventQueue-0" [_thread_in_native, id=3420, stack(0x051c0000,0x05210000)]
  0x04c31c00 JavaThread "AWT-Windows" daemon [_thread_in_native, id=3572, stack(0x04dd0000,0x04e20000)]
  0x04c2dc00 JavaThread "AWT-Shutdown" [_thread_blocked, id=3252, stack(0x04e40000,0x04e90000)]
  0x04c2d400 JavaThread "Java2D Disposer" daemon [_thread_blocked, id=3568, stack(0x04910000,0x04960000)]
  0x01334400 JavaThread "TimerQueue" daemon [_thread_blocked, id=2620, stack(0x04970000,0x049c0000)]
  0x012fd400 JavaThread "Service Thread" daemon [_thread_blocked, id=3744, stack(0x014f0000,0x01540000)]
  0x012efc00 JavaThread "C1 CompilerThread0" daemon [_thread_blocked, id=3916, stack(0x03860000,0x038b0000)]
  0x012ee800 JavaThread "Attach Listener" daemon [_thread_blocked, id=2104, stack(0x03690000,0x036e0000)]
  0x012ed800 JavaThread "Signal Dispatcher" daemon [_thread_blocked, id=3248, stack(0x03730000,0x03780000)]
  0x012e0000 JavaThread "Finalizer" daemon [_thread_blocked, id=3696, stack(0x03580000,0x035d0000)]
  0x012de800 JavaThread "Reference Handler" daemon [_thread_blocked, id=1116, stack(0x01490000,0x014e0000)]
  0x0155f400 JavaThread "main" [_thread_in_native, id=776, stack(0x00230000,0x00280000)]

Other Threads:
  0x012dc800 VMThread [stack: 0x03600000,0x03650000] [id=2788]
  0x012fec00 WatcherThread [stack: 0x037c0000,0x03810000] [id=1084]

VM state:not at safepoint (normal execution)

VM Mutex/Monitor currently owned by a thread: None

Heap
 def new generation   total 4608K, used 1250K [0x23a70000, 0x23f70000, 0x28a70000)
  eden space 4096K,  30% used [0x23a70000, 0x23ba8b38, 0x23e70000)
  from space 512K,   0% used [0x23e70000, 0x23e70000, 0x23ef0000)
  to   space 512K,   0% used [0x23ef0000, 0x23ef0000, 0x23f70000)
 tenured generation   total 10240K, used 0K [0x28a70000, 0x29470000, 0x32a70000)
   the space 10240K,   0% used [0x28a70000, 0x28a70000, 0x28a70200, 0x29470000)
 compacting perm gen  total 12288K, used 492K [0x32a70000, 0x33670000, 0x36a70000)
   the space 12288K,   4% used [0x32a70000, 0x32aeb188, 0x32aeb200, 0x33670000)
    ro space 10240K,  45% used [0x36a70000, 0x36ef1888, 0x36ef1a00, 0x37470000)
    rw space 12288K,  54% used [0x37470000, 0x37af04f8, 0x37af0600, 0x38070000)

Code Cache  [0x01560000, 0x015e8000, 0x03560000)
 total_blobs=203 nmethods=30 adapters=107 free_code_cache=32252Kb largest_free_block=33026752

Dynamic libraries:
0x001d0000 - 0x001fe000 	C:\Program Files\Java\jdk1.7.0\bin\java.exe
0x77b20000 - 0x77c5d000 	C:\Windows\SYSTEM32\ntdll.dll
0x760e0000 - 0x761b4000 	C:\Windows\system32\kernel32.dll
0x75e10000 - 0x75e5a000 	C:\Windows\system32\KERNELBASE.dll
0x77ca0000 - 0x77d40000 	C:\Windows\system32\ADVAPI32.dll
0x77950000 - 0x779fc000 	C:\Windows\system32\msvcrt.dll
0x76970000 - 0x76989000 	C:\Windows\SYSTEM32\sechost.dll
0x766a0000 - 0x76741000 	C:\Windows\system32\RPCRT4.dll
0x76370000 - 0x76439000 	C:\Windows\system32\USER32.dll
0x77900000 - 0x7794e000 	C:\Windows\system32\GDI32.dll
0x77c80000 - 0x77c8a000 	C:\Windows\system32\LPK.dll
0x75f70000 - 0x7600d000 	C:\Windows\system32\USP10.dll
0x75140000 - 0x752de000 	C:\Windows\WinSxS\x86_microsoft.windows.common-controls_6595b64144ccf1df_6.0.7600.16661_none_420fe3fa2b8113bd\COMCTL32.dll
0x76310000 - 0x76367000 	C:\Windows\system32\SHLWAPI.dll
0x77c60000 - 0x77c7f000 	C:\Windows\system32\IMM32.DLL
0x76010000 - 0x760dc000 	C:\Windows\system32\MSCTF.dll
0x6f880000 - 0x6f93e000 	C:\Program Files\Java\jdk1.7.0\jre\bin\msvcr100.dll
0x683e0000 - 0x68701000 	C:\Program Files\Java\jdk1.7.0\jre\bin\client\jvm.dll
0x6f9a0000 - 0x6f9a7000 	C:\Windows\system32\WSOCK32.dll
0x77870000 - 0x778a5000 	C:\Windows\system32\WS2_32.dll
0x77d40000 - 0x77d46000 	C:\Windows\system32\NSI.dll
0x6fc00000 - 0x6fc32000 	C:\Windows\system32\WINMM.dll
0x761c0000 - 0x761c5000 	C:\Windows\system32\PSAPI.DLL
0x750f0000 - 0x750fc000 	C:\Program Files\Java\jdk1.7.0\jre\bin\verify.dll
0x6f860000 - 0x6f880000 	C:\Program Files\Java\jdk1.7.0\jre\bin\java.dll
0x6f800000 - 0x6f813000 	C:\Program Files\Java\jdk1.7.0\jre\bin\zip.dll
0x10000000 - 0x1001b000 	C:\Windows\System32\JMyron.dll
0x01350000 - 0x01364000 	C:\Windows\system32\myron_ezcam.dll
0x76a90000 - 0x76bec000 	C:\Windows\system32\ole32.dll
0x01370000 - 0x01383000 	C:\Windows\system32\DSVL.dll
0x63c00000 - 0x63d77000 	C:\Windows\system32\QUARTZ.dll
0x77a00000 - 0x77a8f000 	C:\Windows\system32\OLEAUT32.dll
0x76c20000 - 0x77869000 	C:\Windows\system32\SHELL32.dll
0x7c3a0000 - 0x7c41b000 	C:\Windows\system32\MSVCP71.dll
0x7c340000 - 0x7c396000 	C:\Windows\system32\MSVCR71.dll
0x75bf0000 - 0x75bfc000 	C:\Windows\system32\CRYPTBASE.dll
0x74960000 - 0x749a0000 	C:\Windows\system32\uxtheme.dll
0x77a90000 - 0x77b13000 	C:\Windows\system32\CLBCatQ.DLL
0x74630000 - 0x74643000 	C:\Windows\system32\dwmapi.dll
0x60f40000 - 0x60f72000 	C:\Windows\system32\qcap.dll
0x64e20000 - 0x64e41000 	C:\Windows\system32\MSVFW32.dll
0x74eb0000 - 0x74eb9000 	C:\Windows\system32\VERSION.dll
0x5ca50000 - 0x5cad0000 	C:\Windows\System32\qedit.dll
0x76750000 - 0x767cb000 	C:\Windows\system32\COMDLG32.dll
0x747d0000 - 0x74960000 	C:\Windows\WinSxS\x86_microsoft.windows.gdiplus_6595b64144ccf1df_1.1.7600.16385_none_72fc7cbf861225ca\gdiplus.dll
0x72c50000 - 0x72c64000 	C:\Windows\system32\devenum.dll
0x767d0000 - 0x7696d000 	C:\Windows\system32\setupapi.dll
0x75e60000 - 0x75e87000 	C:\Windows\system32\CFGMGR32.dll
0x75f50000 - 0x75f62000 	C:\Windows\system32\DEVOBJ.dll
0x74040000 - 0x74061000 	C:\Windows\system32\ntmarta.dll
0x778b0000 - 0x778f5000 	C:\Windows\system32\WLDAP32.dll
0x75f20000 - 0x75f4d000 	C:\Windows\system32\WINTRUST.dll
0x75cf0000 - 0x75e0c000 	C:\Windows\system32\CRYPT32.dll
0x75ce0000 - 0x75cec000 	C:\Windows\system32\MSASN1.dll
0x74160000 - 0x7416b000 	C:\Windows\system32\msdmo.dll
0x72aa0000 - 0x72ad3000 	C:\Windows\system32\ksproxy.ax
0x6dbb0000 - 0x6dbb4000 	C:\Windows\system32\ksuser.dll
0x6dd30000 - 0x6def3000 	C:\Windows\system32\d3d9.dll
0x72a90000 - 0x72a96000 	C:\Windows\system32\d3d8thk.dll
0x72a80000 - 0x72a89000 	C:\Windows\system32\vidcap.ax
0x72a60000 - 0x72a7d000 	C:\Windows\system32\kswdmcap.ax
0x6f100000 - 0x6f21c000 	C:\Windows\system32\MFC42.dll
0x729d0000 - 0x72a5c000 	C:\Windows\system32\ODBC32.dll
0x6f5d0000 - 0x6f608000 	C:\Windows\system32\odbcint.dll
0x03570000 - 0x03577000 	C:\Windows\system32\VMctrl325.ax
0x68290000 - 0x683d2000 	C:\Program Files\Java\jdk1.7.0\jre\bin\awt.dll
0x711f0000 - 0x7194c000 	C:\Windows\system32\nvd3dum.dll
0x74130000 - 0x74155000 	C:\Windows\system32\powrprof.dll

VM Arguments:
jvm_args: -Dfile.encoding=UTF-8 
java_command: jcamlan.Main
Launcher Type: SUN_STANDARD

Environment Variables:
PATH=C:\Program Files\Common Files\Microsoft Shared\Windows Live;C:\Windows\system32;C:\Windows;C:\Windows\System32\Wbem;C:\Windows\System32\WindowsPowerShell\v1.0\;C:\Program Files\Windows Live\Shared
USERNAME=Pedro
OS=Windows_NT
PROCESSOR_IDENTIFIER=x86 Family 15 Model 127 Stepping 1, AuthenticAMD



---------------  S Y S T E M  ---------------

OS: Windows 7 Build 7600 

CPU:total 1 (1 cores per cpu, 1 threads per core) family 15 model 127 stepping 1, cmov, cx8, fxsr, mmx, sse, sse2, sse3, mmxext, 3dnowpref

Memory: 4k page, physical 981496k(103288k free), swap 2030072k(439604k free)

vm_info: Java HotSpot(TM) Client VM (21.0-b17) for windows-x86 JRE (1.7.0-b147), built on Jun 27 2011 02:25:52 by "java_re" with unknown MS VC++:1600

time: Sat Oct 08 13:45:06 2011
elapsed time: 3 seconds

