#
# A fatal error has been detected by the Java Runtime Environment:
#
#  EXCEPTION_ACCESS_VIOLATION (0xc0000005) at pc=0x575c3a43, pid=2464, tid=3500
#
# JRE version: 7.0-b147
# Java VM: Java HotSpot(TM) Client VM (21.0-b17 mixed mode, sharing windows-x86 )
# Problematic frame:
# C  0x575c3a43
#
# Failed to write core dump. Minidumps are not enabled by default on client versions of Windows
#
# If you would like to submit a bug report, please visit:
#   http://bugreport.sun.com/bugreport/crash.jsp
# The crash happened outside the Java Virtual Machine in native code.
# See problematic frame for where to report the bug.
#

---------------  T H R E A D  ---------------

Current thread (0x03d13400):  JavaThread "AWT-EventQueue-0" [_thread_in_native, id=3500, stack(0x071a0000,0x071f0000)]

siginfo: ExceptionCode=0xc0000005, ExceptionInformation=0x00000008 0x575c3a43

Registers:
EAX=0x575c3a43, EBX=0x32aa4f78, ECX=0x00bb0a78, EDX=0x00bb0d10
ESP=0x071ef188, EBP=0x071ef18c, ESI=0x04130a78, EDI=0x00000000
EIP=0x575c3a43, EFLAGS=0x00010246

Top of Stack: (sp=0x071ef188)
0x071ef188:   008d1835 071ef1f0 100027d5 03d13400
0x071ef198:   32aa4f78 071ef1f0 32aa4f78 32aa4f78
0x071ef1a8:   32aa4f78 071ef1f0 0196a4a7 00d13400
0x071ef1b8:   1000121b 0196a5a7 03d13528 071ef200
0x071ef1c8:   00a01ef4 00a01efc 071ef1d0 32aa4f78
0x071ef1d8:   071ef200 32aa7a90 00000000 32aa4f78
0x071ef1e8:   00000000 071ef200 071ef224 01963187
0x071ef1f8:   00000000 01968839 23b0ea58 071ef204 

Instructions: (pc=0x575c3a43)
0x575c3a23:   
[error occurred during error reporting (printing registers, top of stack, instructions near pc), id 0xc0000005]

Register to memory mapping:

EAX=0x575c3a43 is an unknown value
EBX=0x32aa4f78 is an oop
{method} 
 - klass: {other class}
ECX=0x00bb0a78 is an unknown value
EDX=0x00bb0d10 is an unknown value
ESP=0x071ef188 is pointing into the stack for thread: 0x03d13400
EBP=0x071ef18c is pointing into the stack for thread: 0x03d13400
ESI=0x04130a78 is an unknown value
EDI=0x00000000 is an unknown value


Stack: [0x071a0000,0x071f0000],  sp=0x071ef188,  free space=316k
Native frames: (J=compiled Java code, j=interpreted, Vv=VM code, C=native code)
C  0x575c3a43
C  [JMyron.dll+0x27d5]  Java_JMyron_JMyron_native_1stop+0xf75
j  JMyron.JMyron.update()V+1
j  jcamlan.IOcam.Cam$1.actionPerformed(Ljava/awt/event/ActionEvent;)V+7
j  javax.swing.Timer.fireActionPerformed(Ljava/awt/event/ActionEvent;)V+35
j  javax.swing.Timer$DoPostEvent.run()V+74
j  java.awt.event.InvocationEvent.dispatch()V+47
j  java.awt.EventQueue.dispatchEventImpl(Ljava/awt/AWTEvent;Ljava/lang/Object;)V+21
j  java.awt.EventQueue.access$000(Ljava/awt/EventQueue;Ljava/awt/AWTEvent;Ljava/lang/Object;)V+3
j  java.awt.EventQueue$3.run()Ljava/lang/Void;+12
j  java.awt.EventQueue$3.run()Ljava/lang/Object;+1
v  ~StubRoutines::call_stub
V  [jvm.dll+0x122c7e]
V  [jvm.dll+0x1c9c0e]
V  [jvm.dll+0x122d0d]
V  [jvm.dll+0xd3c3a]
C  [java.dll+0x102f]  Java_java_security_AccessController_doPrivileged__Ljava_security_PrivilegedAction_2Ljava_security_AccessControlContext_2+0x17
j  java.security.ProtectionDomain$1.doIntersectionPrivilege(Ljava/security/PrivilegedAction;Ljava/security/AccessControlContext;Ljava/security/AccessControlContext;)Ljava/lang/Object;+28
j  java.awt.EventQueue.dispatchEvent(Ljava/awt/AWTEvent;)V+46
j  java.awt.EventDispatchThread.pumpOneEventForFilters(I)Z+245
j  java.awt.EventDispatchThread.pumpEventsForFilter(ILjava/awt/Conditional;Ljava/awt/EventFilter;)V+35
j  java.awt.EventDispatchThread.pumpEventsForHierarchy(ILjava/awt/Conditional;Ljava/awt/Component;)V+11
j  java.awt.EventDispatchThread.pumpEvents(ILjava/awt/Conditional;)V+4
j  java.awt.EventDispatchThread.pumpEvents(Ljava/awt/Conditional;)V+3
j  java.awt.EventDispatchThread.run()V+9
v  ~StubRoutines::call_stub
V  [jvm.dll+0x122c7e]
V  [jvm.dll+0x1c9c0e]
V  [jvm.dll+0x122e73]
V  [jvm.dll+0x122ed7]
V  [jvm.dll+0xccd1f]
V  [jvm.dll+0x14433f]
V  [jvm.dll+0x171549]
C  [msvcr100.dll+0x5c6de]  endthreadex+0x3a
C  [msvcr100.dll+0x5c788]  endthreadex+0xe4
C  [kernel32.dll+0x51114]  BaseThreadInitThunk+0x12
C  [ntdll.dll+0x5b429]  RtlInitializeExceptionChain+0x63
C  [ntdll.dll+0x5b3fc]  RtlInitializeExceptionChain+0x36

Java frames: (J=compiled Java code, j=interpreted, Vv=VM code)
j  JMyron.JMyron.native_update()V+0
j  JMyron.JMyron.update()V+1
j  jcamlan.IOcam.Cam$1.actionPerformed(Ljava/awt/event/ActionEvent;)V+7
j  javax.swing.Timer.fireActionPerformed(Ljava/awt/event/ActionEvent;)V+35
j  javax.swing.Timer$DoPostEvent.run()V+74
j  java.awt.event.InvocationEvent.dispatch()V+47
j  java.awt.EventQueue.dispatchEventImpl(Ljava/awt/AWTEvent;Ljava/lang/Object;)V+21
j  java.awt.EventQueue.access$000(Ljava/awt/EventQueue;Ljava/awt/AWTEvent;Ljava/lang/Object;)V+3
j  java.awt.EventQueue$3.run()Ljava/lang/Void;+12
j  java.awt.EventQueue$3.run()Ljava/lang/Object;+1
v  ~StubRoutines::call_stub
j  java.security.AccessController.doPrivileged(Ljava/security/PrivilegedAction;Ljava/security/AccessControlContext;)Ljava/lang/Object;+0
j  java.security.ProtectionDomain$1.doIntersectionPrivilege(Ljava/security/PrivilegedAction;Ljava/security/AccessControlContext;Ljava/security/AccessControlContext;)Ljava/lang/Object;+28
j  java.awt.EventQueue.dispatchEvent(Ljava/awt/AWTEvent;)V+46
j  java.awt.EventDispatchThread.pumpOneEventForFilters(I)Z+245
j  java.awt.EventDispatchThread.pumpEventsForFilter(ILjava/awt/Conditional;Ljava/awt/EventFilter;)V+35
j  java.awt.EventDispatchThread.pumpEventsForHierarchy(ILjava/awt/Conditional;Ljava/awt/Component;)V+11
j  java.awt.EventDispatchThread.pumpEvents(ILjava/awt/Conditional;)V+4
j  java.awt.EventDispatchThread.pumpEvents(Ljava/awt/Conditional;)V+3
j  java.awt.EventDispatchThread.run()V+9
v  ~StubRoutines::call_stub

---------------  P R O C E S S  ---------------

Java Threads: ( => current thread )
=>0x03d13400 JavaThread "AWT-EventQueue-0" [_thread_in_native, id=3500, stack(0x071a0000,0x071f0000)]
  0x03d12800 JavaThread "AWT-Windows" daemon [_thread_in_native, id=2480, stack(0x07020000,0x07070000)]
  0x03d0e800 JavaThread "AWT-Shutdown" [_thread_blocked, id=4040, stack(0x07120000,0x07170000)]
  0x03d0b400 JavaThread "Java2D Disposer" daemon [_thread_blocked, id=3816, stack(0x06f60000,0x06fb0000)]
  0x00a2d400 JavaThread "TimerQueue" daemon [_thread_blocked, id=1876, stack(0x07070000,0x070c0000)]
  0x009fd400 JavaThread "Service Thread" daemon [_thread_blocked, id=2988, stack(0x03bc0000,0x03c10000)]
  0x009efc00 JavaThread "C1 CompilerThread0" daemon [_thread_blocked, id=3016, stack(0x03b70000,0x03bc0000)]
  0x009ee800 JavaThread "Attach Listener" daemon [_thread_blocked, id=3080, stack(0x03a10000,0x03a60000)]
  0x009ed800 JavaThread "Signal Dispatcher" daemon [_thread_blocked, id=2944, stack(0x00c40000,0x00c90000)]
  0x009e0000 JavaThread "Finalizer" daemon [_thread_blocked, id=332, stack(0x00b30000,0x00b80000)]
  0x009de800 JavaThread "Reference Handler" daemon [_thread_blocked, id=188, stack(0x03980000,0x039d0000)]
  0x0054f400 JavaThread "main" [_thread_in_native, id=540, stack(0x008f0000,0x00940000)]

Other Threads:
  0x009dc800 VMThread [stack: 0x00cc0000,0x00d10000] [id=1084]
  0x009fec00 WatcherThread [stack: 0x03c50000,0x03ca0000] [id=2156]

VM state:not at safepoint (normal execution)

VM Mutex/Monitor currently owned by a thread: None

Heap
 def new generation   total 4608K, used 1361K [0x23a70000, 0x23f70000, 0x28a70000)
  eden space 4096K,  33% used [0x23a70000, 0x23bc4790, 0x23e70000)
  from space 512K,   0% used [0x23e70000, 0x23e70000, 0x23ef0000)
  to   space 512K,   0% used [0x23ef0000, 0x23ef0000, 0x23f70000)
 tenured generation   total 10240K, used 0K [0x28a70000, 0x29470000, 0x32a70000)
   the space 10240K,   0% used [0x28a70000, 0x28a70000, 0x28a70200, 0x29470000)
 compacting perm gen  total 12288K, used 438K [0x32a70000, 0x33670000, 0x36a70000)
   the space 12288K,   3% used [0x32a70000, 0x32add9b8, 0x32adda00, 0x33670000)
    ro space 10240K,  45% used [0x36a70000, 0x36ef1888, 0x36ef1a00, 0x37470000)
    rw space 12288K,  54% used [0x37470000, 0x37af04f8, 0x37af0600, 0x38070000)

Code Cache  [0x01960000, 0x019e0000, 0x03960000)
 total_blobs=192 nmethods=23 adapters=103 free_code_cache=32262Kb largest_free_block=33036864

Dynamic libraries:
0x00d30000 - 0x00d5e000 	C:\Program Files\Java\jdk1.7.0\bin\java.exe
0x77140000 - 0x7727d000 	C:\Windows\SYSTEM32\ntdll.dll
0x76350000 - 0x76424000 	C:\Windows\system32\kernel32.dll
0x754f0000 - 0x7553a000 	C:\Windows\system32\KERNELBASE.dll
0x76d70000 - 0x76e10000 	C:\Windows\system32\ADVAPI32.dll
0x76e50000 - 0x76efc000 	C:\Windows\system32\msvcrt.dll
0x765d0000 - 0x765e9000 	C:\Windows\SYSTEM32\sechost.dll
0x76b00000 - 0x76ba1000 	C:\Windows\system32\RPCRT4.dll
0x76280000 - 0x76349000 	C:\Windows\system32\USER32.dll
0x765f0000 - 0x7663e000 	C:\Windows\system32\GDI32.dll
0x772b0000 - 0x772ba000 	C:\Windows\system32\LPK.dll
0x76640000 - 0x766dd000 	C:\Windows\system32\USP10.dll
0x741e0000 - 0x7437e000 	C:\Windows\WinSxS\x86_microsoft.windows.common-controls_6595b64144ccf1df_6.0.7600.16661_none_420fe3fa2b8113bd\COMCTL32.dll
0x77310000 - 0x77367000 	C:\Windows\system32\SHLWAPI.dll
0x77280000 - 0x7729f000 	C:\Windows\system32\IMM32.DLL
0x76c40000 - 0x76d0c000 	C:\Windows\system32\MSCTF.dll
0x647e0000 - 0x6489e000 	C:\Program Files\Java\jdk1.7.0\jre\bin\msvcr100.dll
0x64240000 - 0x64561000 	C:\Program Files\Java\jdk1.7.0\jre\bin\client\jvm.dll
0x6f6f0000 - 0x6f6f7000 	C:\Windows\system32\WSOCK32.dll
0x76e10000 - 0x76e45000 	C:\Windows\system32\WS2_32.dll
0x772a0000 - 0x772a6000 	C:\Windows\system32\NSI.dll
0x6f6b0000 - 0x6f6e2000 	C:\Windows\system32\WINMM.dll
0x766e0000 - 0x766e5000 	C:\Windows\system32\PSAPI.DLL
0x67280000 - 0x6728c000 	C:\Program Files\Java\jdk1.7.0\jre\bin\verify.dll
0x649d0000 - 0x649f0000 	C:\Program Files\Java\jdk1.7.0\jre\bin\java.dll
0x649b0000 - 0x649c3000 	C:\Program Files\Java\jdk1.7.0\jre\bin\zip.dll
0x64670000 - 0x647b2000 	C:\Program Files\Java\jdk1.7.0\jre\bin\awt.dll
0x755a0000 - 0x7562f000 	C:\Windows\system32\OLEAUT32.dll
0x766f0000 - 0x7684c000 	C:\Windows\system32\ole32.dll
0x10000000 - 0x1001b000 	C:\Windows\System32\JMyron.dll
0x008d0000 - 0x008e4000 	C:\Windows\system32\myron_ezcam.dll
0x00b80000 - 0x00b93000 	C:\Windows\system32\DSVL.dll
0x60760000 - 0x608d7000 	C:\Windows\system32\QUARTZ.dll
0x75630000 - 0x76279000 	C:\Windows\system32\SHELL32.dll
0x7c3a0000 - 0x7c41b000 	C:\Windows\system32\MSVCP71.dll
0x7c340000 - 0x7c396000 	C:\Windows\system32\MSVCR71.dll
0x75210000 - 0x7521c000 	C:\Windows\system32\CRYPTBASE.dll
0x74060000 - 0x740a0000 	C:\Windows\system32\uxtheme.dll
0x64910000 - 0x6491e000 	C:\ProgramData\Real\RealPlayer\BrowserRecordPlugin\Chrome\Hook\rpchrome14browserrecordhelper.dll
0x6f700000 - 0x6f7a3000 	C:\Windows\WinSxS\x86_microsoft.vc90.crt_1fc8b3b9a1e18e3b_9.0.30729.4926_none_508ed732bcbc0e5a\MSVCR90.dll
0x6dc70000 - 0x6dcfe000 	C:\Windows\WinSxS\x86_microsoft.vc90.crt_1fc8b3b9a1e18e3b_9.0.30729.4926_none_508ed732bcbc0e5a\MSVCP90.dll
0x76bb0000 - 0x76c33000 	C:\Windows\system32\CLBCatQ.DLL
0x73d30000 - 0x73d43000 	C:\Windows\system32\dwmapi.dll
0x72370000 - 0x723a2000 	C:\Windows\system32\qcap.dll
0x722e0000 - 0x72301000 	C:\Windows\system32\MSVFW32.dll
0x74750000 - 0x74759000 	C:\Windows\system32\VERSION.dll
0x6ae90000 - 0x6af10000 	C:\Windows\System32\qedit.dll
0x76a50000 - 0x76acb000 	C:\Windows\system32\COMDLG32.dll
0x73ed0000 - 0x74060000 	C:\Windows\WinSxS\x86_microsoft.windows.gdiplus_6595b64144ccf1df_1.1.7600.16385_none_72fc7cbf861225ca\gdiplus.dll
0x72660000 - 0x72674000 	C:\Windows\system32\devenum.dll
0x76430000 - 0x765cd000 	C:\Windows\system32\setupapi.dll
0x75560000 - 0x75587000 	C:\Windows\system32\CFGMGR32.dll
0x75540000 - 0x75552000 	C:\Windows\system32\DEVOBJ.dll
0x73720000 - 0x73741000 	C:\Windows\system32\ntmarta.dll
0x772c0000 - 0x77305000 	C:\Windows\system32\WLDAP32.dll
0x75310000 - 0x7533d000 	C:\Windows\system32\WINTRUST.dll
0x75340000 - 0x7545c000 	C:\Windows\system32\CRYPT32.dll
0x75300000 - 0x7530c000 	C:\Windows\system32\MSASN1.dll
0x72650000 - 0x7265b000 	C:\Windows\system32\msdmo.dll
0x5acd0000 - 0x5ae93000 	C:\Windows\system32\d3d9.dll
0x741d0000 - 0x741d6000 	C:\Windows\system32\d3d8thk.dll
0x70c70000 - 0x713cc000 	C:\Windows\system32\nvd3dum.dll

VM Arguments:
jvm_args: -Dfile.encoding=UTF-8 
java_command: jcamlan.Main
Launcher Type: SUN_STANDARD

Environment Variables:
PATH=C:\Program Files\Common Files\Microsoft Shared\Windows Live;C:\Windows\system32;C:\Windows;C:\Windows\System32\Wbem;C:\Windows\System32\WindowsPowerShell\v1.0\;C:\Program Files\Windows Live\Shared
USERNAME=Pedro
OS=Windows_NT
PROCESSOR_IDENTIFIER=x86 Family 15 Model 127 Stepping 1, AuthenticAMD



---------------  S Y S T E M  ---------------

OS: Windows 7 Build 7600 

CPU:total 1 (1 cores per cpu, 1 threads per core) family 15 model 127 stepping 1, cmov, cx8, fxsr, mmx, sse, sse2, sse3, mmxext, 3dnowpref

Memory: 4k page, physical 981496k(138340k free), swap 2030072k(847340k free)

vm_info: Java HotSpot(TM) Client VM (21.0-b17) for windows-x86 JRE (1.7.0-b147), built on Jun 27 2011 02:25:52 by "java_re" with unknown MS VC++:1600

time: Mon Oct 17 17:39:16 2011
elapsed time: 4 seconds

