#
# A fatal error has been detected by the Java Runtime Environment:
#
#  EXCEPTION_ACCESS_VIOLATION (0xc0000005) at pc=0x575c3a43, pid=1940, tid=712
#
# JRE version: 7.0-b147
# Java VM: Java HotSpot(TM) Client VM (21.0-b17 mixed mode, sharing windows-x86 )
# Problematic frame:
# C  0x575c3a43
#
# Failed to write core dump. Minidumps are not enabled by default on client versions of Windows
#
# If you would like to submit a bug report, please visit:
#   http://bugreport.sun.com/bugreport/crash.jsp
# The crash happened outside the Java Virtual Machine in native code.
# See problematic frame for where to report the bug.
#

---------------  T H R E A D  ---------------

Current thread (0x04b92400):  JavaThread "AWT-EventQueue-0" [_thread_in_native, id=712, stack(0x039a0000,0x039f0000)]

siginfo: ExceptionCode=0xc0000005, ExceptionInformation=0x00000008 0x575c3a43

Registers:
EAX=0x575c3a43, EBX=0x32a91bf0, ECX=0x03870a78, EDX=0x03870d10
ESP=0x039ef318, EBP=0x039ef31c, ESI=0x03a70a78, EDI=0x00000000
EIP=0x575c3a43, EFLAGS=0x00010246

Top of Stack: (sp=0x039ef318)
0x039ef318:   01271835 039ef380 100027d5 04b92400
0x039ef328:   32a91bf0 039ef380 32a91bf0 32a91bf0
0x039ef338:   32a91bf0 039ef380 013aa4a7 00b92400
0x039ef348:   1000121b 013aa5a7 04b92528 039ef390
0x039ef358:   01361ef4 01361efc 039ef360 32a91bf0
0x039ef368:   039ef390 32a94708 00000000 32a91bf0
0x039ef378:   00000000 039ef390 039ef3b4 013a3187
0x039ef388:   00000000 013a8839 23b03bf0 039ef394 

Instructions: (pc=0x575c3a43)
0x575c3a23:   
[error occurred during error reporting (printing registers, top of stack, instructions near pc), id 0xc0000005]

Register to memory mapping:

EAX=0x575c3a43 is an unknown value
EBX=0x32a91bf0 is an oop
{method} 
 - klass: {other class}
ECX=0x03870a78 is an unknown value
EDX=0x03870d10 is an unknown value
ESP=0x039ef318 is pointing into the stack for thread: 0x04b92400
EBP=0x039ef31c is pointing into the stack for thread: 0x04b92400
ESI=0x03a70a78 is an unknown value
EDI=0x00000000 is an unknown value


Stack: [0x039a0000,0x039f0000],  sp=0x039ef318,  free space=316k
Native frames: (J=compiled Java code, j=interpreted, Vv=VM code, C=native code)
C  0x575c3a43
C  [JMyron.dll+0x27d5]  Java_JMyron_JMyron_native_1stop+0xf75
j  JMyron.JMyron.update()V+1
j  jcamlan.Cam$1.actionPerformed(Ljava/awt/event/ActionEvent;)V+7
j  javax.swing.Timer.fireActionPerformed(Ljava/awt/event/ActionEvent;)V+35
j  javax.swing.Timer$DoPostEvent.run()V+74
j  java.awt.event.InvocationEvent.dispatch()V+47
j  java.awt.EventQueue.dispatchEventImpl(Ljava/awt/AWTEvent;Ljava/lang/Object;)V+21
j  java.awt.EventQueue.access$000(Ljava/awt/EventQueue;Ljava/awt/AWTEvent;Ljava/lang/Object;)V+3
j  java.awt.EventQueue$3.run()Ljava/lang/Void;+12
j  java.awt.EventQueue$3.run()Ljava/lang/Object;+1
v  ~StubRoutines::call_stub
V  [jvm.dll+0x122c7e]
V  [jvm.dll+0x1c9c0e]
V  [jvm.dll+0x122d0d]
V  [jvm.dll+0xd3c3a]
C  [java.dll+0x102f]  Java_java_security_AccessController_doPrivileged__Ljava_security_PrivilegedAction_2Ljava_security_AccessControlContext_2+0x17
j  java.security.ProtectionDomain$1.doIntersectionPrivilege(Ljava/security/PrivilegedAction;Ljava/security/AccessControlContext;Ljava/security/AccessControlContext;)Ljava/lang/Object;+28
j  java.awt.EventQueue.dispatchEvent(Ljava/awt/AWTEvent;)V+46
j  java.awt.EventDispatchThread.pumpOneEventForFilters(I)Z+245
j  java.awt.EventDispatchThread.pumpEventsForFilter(ILjava/awt/Conditional;Ljava/awt/EventFilter;)V+35
j  java.awt.EventDispatchThread.pumpEventsForHierarchy(ILjava/awt/Conditional;Ljava/awt/Component;)V+11
j  java.awt.EventDispatchThread.pumpEvents(ILjava/awt/Conditional;)V+4
j  java.awt.EventDispatchThread.pumpEvents(Ljava/awt/Conditional;)V+3
j  java.awt.EventDispatchThread.run()V+9
v  ~StubRoutines::call_stub
V  [jvm.dll+0x122c7e]
V  [jvm.dll+0x1c9c0e]
V  [jvm.dll+0x122e73]
V  [jvm.dll+0x122ed7]
V  [jvm.dll+0xccd1f]
V  [jvm.dll+0x14433f]
V  [jvm.dll+0x171549]
C  [msvcr100.dll+0x5c6de]  endthreadex+0x3a
C  [msvcr100.dll+0x5c788]  endthreadex+0xe4
C  [kernel32.dll+0x51114]  BaseThreadInitThunk+0x12
C  [ntdll.dll+0x5b429]  RtlInitializeExceptionChain+0x63
C  [ntdll.dll+0x5b3fc]  RtlInitializeExceptionChain+0x36

Java frames: (J=compiled Java code, j=interpreted, Vv=VM code)
j  JMyron.JMyron.native_update()V+0
j  JMyron.JMyron.update()V+1
j  jcamlan.Cam$1.actionPerformed(Ljava/awt/event/ActionEvent;)V+7
j  javax.swing.Timer.fireActionPerformed(Ljava/awt/event/ActionEvent;)V+35
j  javax.swing.Timer$DoPostEvent.run()V+74
j  java.awt.event.InvocationEvent.dispatch()V+47
j  java.awt.EventQueue.dispatchEventImpl(Ljava/awt/AWTEvent;Ljava/lang/Object;)V+21
j  java.awt.EventQueue.access$000(Ljava/awt/EventQueue;Ljava/awt/AWTEvent;Ljava/lang/Object;)V+3
j  java.awt.EventQueue$3.run()Ljava/lang/Void;+12
j  java.awt.EventQueue$3.run()Ljava/lang/Object;+1
v  ~StubRoutines::call_stub
j  java.security.AccessController.doPrivileged(Ljava/security/PrivilegedAction;Ljava/security/AccessControlContext;)Ljava/lang/Object;+0
j  java.security.ProtectionDomain$1.doIntersectionPrivilege(Ljava/security/PrivilegedAction;Ljava/security/AccessControlContext;Ljava/security/AccessControlContext;)Ljava/lang/Object;+28
j  java.awt.EventQueue.dispatchEvent(Ljava/awt/AWTEvent;)V+46
j  java.awt.EventDispatchThread.pumpOneEventForFilters(I)Z+245
j  java.awt.EventDispatchThread.pumpEventsForFilter(ILjava/awt/Conditional;Ljava/awt/EventFilter;)V+35
j  java.awt.EventDispatchThread.pumpEventsForHierarchy(ILjava/awt/Conditional;Ljava/awt/Component;)V+11
j  java.awt.EventDispatchThread.pumpEvents(ILjava/awt/Conditional;)V+4
j  java.awt.EventDispatchThread.pumpEvents(Ljava/awt/Conditional;)V+3
j  java.awt.EventDispatchThread.run()V+9
v  ~StubRoutines::call_stub

---------------  P R O C E S S  ---------------

Java Threads: ( => current thread )
=>0x04b92400 JavaThread "AWT-EventQueue-0" [_thread_in_native, id=712, stack(0x039a0000,0x039f0000)]
  0x04b90400 JavaThread "AWT-Windows" daemon [_thread_in_native, id=3492, stack(0x04e70000,0x04ec0000)]
  0x04b10c00 JavaThread "AWT-Shutdown" [_thread_blocked, id=3340, stack(0x03a20000,0x03a70000)]
  0x0139e400 JavaThread "Java2D Disposer" daemon [_thread_blocked, id=2828, stack(0x038a0000,0x038f0000)]
  0x01394400 JavaThread "TimerQueue" daemon [_thread_blocked, id=2116, stack(0x04490000,0x044e0000)]
  0x0135d400 JavaThread "Service Thread" daemon [_thread_blocked, id=632, stack(0x038f0000,0x03940000)]
  0x0134fc00 JavaThread "C1 CompilerThread0" daemon [_thread_blocked, id=3164, stack(0x03520000,0x03570000)]
  0x0134e800 JavaThread "Attach Listener" daemon [_thread_blocked, id=3184, stack(0x036b0000,0x03700000)]
  0x0134d800 JavaThread "Signal Dispatcher" daemon [_thread_blocked, id=3540, stack(0x03780000,0x037d0000)]
  0x01340000 JavaThread "Finalizer" daemon [_thread_blocked, id=2220, stack(0x03610000,0x03660000)]
  0x0133e800 JavaThread "Reference Handler" daemon [_thread_blocked, id=1164, stack(0x03580000,0x035d0000)]
  0x0129f400 JavaThread "main" [_thread_in_Java, id=1988, stack(0x011c0000,0x01210000)]

Other Threads:
  0x0133c800 VMThread [stack: 0x03470000,0x034c0000] [id=2848]
  0x0135ec00 WatcherThread [stack: 0x03950000,0x039a0000] [id=1696]

VM state:not at safepoint (normal execution)

VM Mutex/Monitor currently owned by a thread: None

Heap
 def new generation   total 4608K, used 1608K [0x23a70000, 0x23f70000, 0x28a70000)
  eden space 4096K,  39% used [0x23a70000, 0x23c023f0, 0x23e70000)
  from space 512K,   0% used [0x23e70000, 0x23e70000, 0x23ef0000)
  to   space 512K,   0% used [0x23ef0000, 0x23ef0000, 0x23f70000)
 tenured generation   total 10240K, used 0K [0x28a70000, 0x29470000, 0x32a70000)
   the space 10240K,   0% used [0x28a70000, 0x28a70000, 0x28a70200, 0x29470000)
 compacting perm gen  total 12288K, used 604K [0x32a70000, 0x33670000, 0x36a70000)
   the space 12288K,   4% used [0x32a70000, 0x32b07228, 0x32b07400, 0x33670000)
    ro space 10240K,  45% used [0x36a70000, 0x36ef1888, 0x36ef1a00, 0x37470000)
    rw space 12288K,  54% used [0x37470000, 0x37af04f8, 0x37af0600, 0x38070000)

Code Cache  [0x013a0000, 0x01428000, 0x033a0000)
 total_blobs=219 nmethods=34 adapters=118 free_code_cache=32243Kb largest_free_block=33017792

Dynamic libraries:
0x002a0000 - 0x002ce000 	C:\Program Files\Java\jdk1.7.0\bin\java.exe
0x77020000 - 0x7715d000 	C:\Windows\SYSTEM32\ntdll.dll
0x76d40000 - 0x76e14000 	C:\Windows\system32\kernel32.dll
0x752a0000 - 0x752ea000 	C:\Windows\system32\KERNELBASE.dll
0x75b60000 - 0x75c00000 	C:\Windows\system32\ADVAPI32.dll
0x75510000 - 0x755bc000 	C:\Windows\system32\msvcrt.dll
0x758c0000 - 0x758d9000 	C:\Windows\SYSTEM32\sechost.dll
0x76af0000 - 0x76b91000 	C:\Windows\system32\RPCRT4.dll
0x755c0000 - 0x75689000 	C:\Windows\system32\USER32.dll
0x75c60000 - 0x75cae000 	C:\Windows\system32\GDI32.dll
0x77190000 - 0x7719a000 	C:\Windows\system32\LPK.dll
0x75470000 - 0x7550d000 	C:\Windows\system32\USP10.dll
0x740c0000 - 0x7425e000 	C:\Windows\WinSxS\x86_microsoft.windows.common-controls_6595b64144ccf1df_6.0.7600.16661_none_420fe3fa2b8113bd\COMCTL32.dll
0x771b0000 - 0x77207000 	C:\Windows\system32\SHLWAPI.dll
0x77170000 - 0x7718f000 	C:\Windows\system32\IMM32.DLL
0x757f0000 - 0x758bc000 	C:\Windows\system32\MSCTF.dll
0x6b8d0000 - 0x6b98e000 	C:\Program Files\Java\jdk1.7.0\jre\bin\msvcr100.dll
0x688a0000 - 0x68bc1000 	C:\Program Files\Java\jdk1.7.0\jre\bin\client\jvm.dll
0x6fa80000 - 0x6fa87000 	C:\Windows\system32\WSOCK32.dll
0x75a20000 - 0x75a55000 	C:\Windows\system32\WS2_32.dll
0x77240000 - 0x77246000 	C:\Windows\system32\NSI.dll
0x6fa40000 - 0x6fa72000 	C:\Windows\system32\WINMM.dll
0x771a0000 - 0x771a5000 	C:\Windows\system32\PSAPI.DLL
0x73400000 - 0x7340c000 	C:\Program Files\Java\jdk1.7.0\jre\bin\verify.dll
0x733e0000 - 0x73400000 	C:\Program Files\Java\jdk1.7.0\jre\bin\java.dll
0x71e90000 - 0x71ea3000 	C:\Program Files\Java\jdk1.7.0\jre\bin\zip.dll
0x10000000 - 0x1001b000 	C:\Windows\System32\JMyron.dll
0x01270000 - 0x01284000 	C:\Windows\system32\myron_ezcam.dll
0x76900000 - 0x76a5c000 	C:\Windows\system32\ole32.dll
0x03450000 - 0x03463000 	C:\Windows\system32\DSVL.dll
0x675b0000 - 0x67727000 	C:\Windows\system32\QUARTZ.dll
0x76a60000 - 0x76aef000 	C:\Windows\system32\OLEAUT32.dll
0x75cb0000 - 0x768f9000 	C:\Windows\system32\SHELL32.dll
0x7c3a0000 - 0x7c41b000 	C:\Windows\system32\MSVCP71.dll
0x7c340000 - 0x7c396000 	C:\Windows\system32\MSVCR71.dll
0x750f0000 - 0x750fc000 	C:\Windows\system32\CRYPTBASE.dll
0x73f40000 - 0x73f80000 	C:\Windows\system32\uxtheme.dll
0x75760000 - 0x757e3000 	C:\Windows\system32\CLBCatQ.DLL
0x73c10000 - 0x73c23000 	C:\Windows\system32\dwmapi.dll
0x6d440000 - 0x6d472000 	C:\Windows\system32\qcap.dll
0x6d3b0000 - 0x6d3d1000 	C:\Windows\system32\MSVFW32.dll
0x74630000 - 0x74639000 	C:\Windows\system32\VERSION.dll
0x66ef0000 - 0x66f70000 	C:\Windows\System32\qedit.dll
0x756e0000 - 0x7575b000 	C:\Windows\system32\COMDLG32.dll
0x73db0000 - 0x73f40000 	C:\Windows\WinSxS\x86_microsoft.windows.gdiplus_6595b64144ccf1df_1.1.7600.16385_none_72fc7cbf861225ca\gdiplus.dll
0x728b0000 - 0x728c4000 	C:\Windows\system32\devenum.dll
0x76ba0000 - 0x76d3d000 	C:\Windows\system32\setupapi.dll
0x75440000 - 0x75467000 	C:\Windows\system32\CFGMGR32.dll
0x75280000 - 0x75292000 	C:\Windows\system32\DEVOBJ.dll
0x73600000 - 0x73621000 	C:\Windows\system32\ntmarta.dll
0x75690000 - 0x756d5000 	C:\Windows\system32\WLDAP32.dll
0x75410000 - 0x7543d000 	C:\Windows\system32\WINTRUST.dll
0x752f0000 - 0x7540c000 	C:\Windows\system32\CRYPT32.dll
0x751e0000 - 0x751ec000 	C:\Windows\system32\MSASN1.dll
0x728a0000 - 0x728ab000 	C:\Windows\system32\msdmo.dll
0x6b080000 - 0x6b0b3000 	C:\Windows\system32\ksproxy.ax
0x6e390000 - 0x6e394000 	C:\Windows\system32\ksuser.dll
0x66410000 - 0x665d3000 	C:\Windows\system32\d3d9.dll
0x71e80000 - 0x71e86000 	C:\Windows\system32\d3d8thk.dll
0x71e30000 - 0x71e39000 	C:\Windows\system32\vidcap.ax
0x6b7b0000 - 0x6b7cd000 	C:\Windows\system32\kswdmcap.ax
0x65380000 - 0x6549c000 	C:\Windows\system32\MFC42.dll
0x67030000 - 0x670bc000 	C:\Windows\system32\ODBC32.dll
0x67570000 - 0x675a8000 	C:\Windows\system32\odbcint.dll
0x035d0000 - 0x035d7000 	C:\Windows\system32\VMctrl325.ax
0x68750000 - 0x68892000 	C:\Program Files\Java\jdk1.7.0\jre\bin\awt.dll
0x70b70000 - 0x712cc000 	C:\Windows\system32\nvd3dum.dll
0x73660000 - 0x73685000 	C:\Windows\system32\powrprof.dll

VM Arguments:
jvm_args: -Dfile.encoding=UTF-8 
java_command: jcamlan.Main
Launcher Type: SUN_STANDARD

Environment Variables:
PATH=C:\Program Files\Common Files\Microsoft Shared\Windows Live;C:\Windows\system32;C:\Windows;C:\Windows\System32\Wbem;C:\Windows\System32\WindowsPowerShell\v1.0\;C:\Program Files\Windows Live\Shared
USERNAME=Pedro
OS=Windows_NT
PROCESSOR_IDENTIFIER=x86 Family 15 Model 127 Stepping 1, AuthenticAMD



---------------  S Y S T E M  ---------------

OS: Windows 7 Build 7600 

CPU:total 1 (1 cores per cpu, 1 threads per core) family 15 model 127 stepping 1, cmov, cx8, fxsr, mmx, sse, sse2, sse3, mmxext, 3dnowpref

Memory: 4k page, physical 981496k(30472k free), swap 2046456k(133240k free)

vm_info: Java HotSpot(TM) Client VM (21.0-b17) for windows-x86 JRE (1.7.0-b147), built on Jun 27 2011 02:25:52 by "java_re" with unknown MS VC++:1600

time: Fri Oct 07 22:11:51 2011
elapsed time: 0 seconds

