#
# A fatal error has been detected by the Java Runtime Environment:
#
#  EXCEPTION_ACCESS_VIOLATION (0xc0000005) at pc=0x00531f6a, pid=3236, tid=4984
#
# JRE version: 6.0_24-b07
# Java VM: Java HotSpot(TM) Client VM (19.1-b02 mixed mode, sharing windows-x86 )
# Problematic frame:
# C  [myron_ezcam.dll+0x1f6a]
#
# If you would like to submit a bug report, please visit:
#   http://java.sun.com/webapps/bugreport/crash.jsp
# The crash happened outside the Java Virtual Machine in native code.
# See problematic frame for where to report the bug.
#

---------------  T H R E A D  ---------------

Current thread (0x0052fc00):  JavaThread "AWT-EventQueue-0" [_thread_in_native, id=4984, stack(0x05fd0000,0x06020000)]

siginfo: ExceptionCode=0xc0000005, reading address 0x73726573

Registers:
EAX=0x7375e973, EBX=0x3349b598, ECX=0x0000e100, EDX=0x00000000
ESP=0x0601f5b4, EBP=0x0601f5bc, ESI=0x73726573, EDI=0x00000000
EIP=0x00531f6a, EFLAGS=0x00010212

Register to memory mapping:

EAX=0x7375e973
0x7375e973 is pointing to unknown location

EBX=0x3349b598
{method} 
 - klass: {other class}

ECX=0x0000e100
0x0000e100 is pointing to unknown location

EDX=0x00000000
0x00000000 is pointing to unknown location

ESP=0x0601f5b4
0x0601f5b4 is pointing into the stack for thread: 0x0052fc00
"AWT-EventQueue-0" prio=6 tid=0x0052fc00 nid=0x1378 runnable [0x0601f000]
   java.lang.Thread.State: RUNNABLE

EBP=0x0601f5bc
0x0601f5bc is pointing into the stack for thread: 0x0052fc00
"AWT-EventQueue-0" prio=6 tid=0x0052fc00 nid=0x1378 runnable [0x0601f000]
   java.lang.Thread.State: RUNNABLE

ESI=0x73726573
0x73726573 is pointing to unknown location

EDI=0x00000000
0x00000000 is pointing to unknown location


Top of Stack: (sp=0x0601f5b4)
0x0601f5b4:   04960f40 00000000 0601f5f4 00531412
0x0601f5c4:   00000000 73726573 00038400 00000001
0x0601f5d4:   04a10f30 00000000 00000000 2491ae88
0x0601f5e4:   24910590 0601f5e8 00000280 00000000
0x0601f5f4:   0601f5fc 00531835 0601f65c 100027d5
0x0601f604:   0052fc00 3349b598 0601f65c 3349b598
0x0601f614:   000000f0 00000140 00000000 00000000
0x0601f624:   2491ae88 1000121b 02399fb7 0052fd18 

Instructions: (pc=0x00531f6a)
0x00531f5a:   00 00 00 75 15 c1 e9 02 83 e2 03 83 f9 08 72 2a
0x00531f6a:   f3 a5 ff 24 95 84 20 53 00 90 8b c7 ba 03 00 00 


Stack: [0x05fd0000,0x06020000],  sp=0x0601f5b4,  free space=317k
Native frames: (J=compiled Java code, j=interpreted, Vv=VM code, C=native code)
C  [myron_ezcam.dll+0x1f6a]
C  [myron_ezcam.dll+0x1412]
C  [myron_ezcam.dll+0x1835]
C  [JMyron.dll+0x27d5]
j  JMyron.JMyron.update()V+1
j  jcamlan.Cam$1.actionPerformed(Ljava/awt/event/ActionEvent;)V+7
j  javax.swing.Timer.fireActionPerformed(Ljava/awt/event/ActionEvent;)V+35
j  javax.swing.Timer$DoPostEvent.run()V+71
j  java.awt.event.InvocationEvent.dispatch()V+47
j  java.awt.EventQueue.dispatchEventImpl(Ljava/awt/AWTEvent;Ljava/lang/Object;)V+21
j  java.awt.EventQueue.access$000(Ljava/awt/EventQueue;Ljava/awt/AWTEvent;Ljava/lang/Object;)V+3
j  java.awt.EventQueue$1.run()Ljava/lang/Void;+12
j  java.awt.EventQueue$1.run()Ljava/lang/Object;+1
v  ~StubRoutines::call_stub
V  [jvm.dll+0xf0ab9]
V  [jvm.dll+0x1837d1]
V  [jvm.dll+0xf0b3d]
V  [jvm.dll+0x1212df]
C  [java.dll+0x102f]
j  java.security.AccessControlContext$1.doIntersectionPrivilege(Ljava/security/PrivilegedAction;Ljava/security/AccessControlContext;Ljava/security/AccessControlContext;)Ljava/lang/Object;+28
j  java.awt.EventQueue.dispatchEvent(Ljava/awt/AWTEvent;)V+46
j  java.awt.EventDispatchThread.pumpOneEventForFilters(I)Z+204
j  java.awt.EventDispatchThread.pumpEventsForFilter(ILjava/awt/Conditional;Ljava/awt/EventFilter;)V+30
j  java.awt.EventDispatchThread.pumpEventsForHierarchy(ILjava/awt/Conditional;Ljava/awt/Component;)V+11
j  java.awt.EventDispatchThread.pumpEvents(ILjava/awt/Conditional;)V+4
j  java.awt.EventDispatchThread.pumpEvents(Ljava/awt/Conditional;)V+3
j  java.awt.EventDispatchThread.run()V+9
v  ~StubRoutines::call_stub
V  [jvm.dll+0xf0ab9]
V  [jvm.dll+0x1837d1]
V  [jvm.dll+0xf0c61]
V  [jvm.dll+0xf0cbb]
V  [jvm.dll+0x11b4b9]
V  [jvm.dll+0x1e4624]
V  [jvm.dll+0x18317c]
C  [msvcr71.dll+0x9565]
C  [kernel32.dll+0x13677]
C  [ntdll.dll+0x39d72]
C  [ntdll.dll+0x39d45]

Java frames: (J=compiled Java code, j=interpreted, Vv=VM code)
j  JMyron.JMyron.native_update()V+0
j  JMyron.JMyron.update()V+1
j  jcamlan.Cam$1.actionPerformed(Ljava/awt/event/ActionEvent;)V+7
j  javax.swing.Timer.fireActionPerformed(Ljava/awt/event/ActionEvent;)V+35
j  javax.swing.Timer$DoPostEvent.run()V+71
j  java.awt.event.InvocationEvent.dispatch()V+47
j  java.awt.EventQueue.dispatchEventImpl(Ljava/awt/AWTEvent;Ljava/lang/Object;)V+21
j  java.awt.EventQueue.access$000(Ljava/awt/EventQueue;Ljava/awt/AWTEvent;Ljava/lang/Object;)V+3
j  java.awt.EventQueue$1.run()Ljava/lang/Void;+12
j  java.awt.EventQueue$1.run()Ljava/lang/Object;+1
v  ~StubRoutines::call_stub
j  java.security.AccessController.doPrivileged(Ljava/security/PrivilegedAction;Ljava/security/AccessControlContext;)Ljava/lang/Object;+0
j  java.security.AccessControlContext$1.doIntersectionPrivilege(Ljava/security/PrivilegedAction;Ljava/security/AccessControlContext;Ljava/security/AccessControlContext;)Ljava/lang/Object;+28
j  java.awt.EventQueue.dispatchEvent(Ljava/awt/AWTEvent;)V+46
j  java.awt.EventDispatchThread.pumpOneEventForFilters(I)Z+204
j  java.awt.EventDispatchThread.pumpEventsForFilter(ILjava/awt/Conditional;Ljava/awt/EventFilter;)V+30
j  java.awt.EventDispatchThread.pumpEventsForHierarchy(ILjava/awt/Conditional;Ljava/awt/Component;)V+11
j  java.awt.EventDispatchThread.pumpEvents(ILjava/awt/Conditional;)V+4
j  java.awt.EventDispatchThread.pumpEvents(Ljava/awt/Conditional;)V+3
j  java.awt.EventDispatchThread.run()V+9
v  ~StubRoutines::call_stub

---------------  P R O C E S S  ---------------

Java Threads: ( => current thread )
  0x05be1400 JavaThread "D3D Screen Updater" daemon [_thread_blocked, id=3388, stack(0x08730000,0x08780000)]
=>0x0052fc00 JavaThread "AWT-EventQueue-0" [_thread_in_native, id=4984, stack(0x05fd0000,0x06020000)]
  0x004fd800 JavaThread "AWT-Windows" daemon [_thread_in_native, id=896, stack(0x05f40000,0x05f90000)]
  0x004fcc00 JavaThread "AWT-Shutdown" [_thread_blocked, id=3152, stack(0x05eb0000,0x05f00000)]
  0x004fc400 JavaThread "Java2D Disposer" daemon [_thread_blocked, id=2068, stack(0x05b10000,0x05b60000)]
  0x004ddc00 JavaThread "TimerQueue" daemon [_thread_blocked, id=3280, stack(0x05a80000,0x05ad0000)]
  0x004ae000 JavaThread "Low Memory Detector" daemon [_thread_blocked, id=4048, stack(0x04800000,0x04850000)]
  0x004a1000 JavaThread "CompilerThread0" daemon [_thread_blocked, id=4528, stack(0x04770000,0x047c0000)]
  0x004a0000 JavaThread "Attach Listener" daemon [_thread_blocked, id=3496, stack(0x046e0000,0x04730000)]
  0x0049b000 JavaThread "Signal Dispatcher" daemon [_thread_blocked, id=3492, stack(0x04650000,0x046a0000)]
  0x00493c00 JavaThread "Finalizer" daemon [_thread_blocked, id=2156, stack(0x045c0000,0x04610000)]
  0x00492400 JavaThread "Reference Handler" daemon [_thread_blocked, id=4024, stack(0x04530000,0x04580000)]
  0x0039f400 JavaThread "main" [_thread_in_native, id=732, stack(0x002c0000,0x00310000)]

Other Threads:
  0x00456c00 VMThread [stack: 0x044a0000,0x044f0000] [id=1256]
  0x004c9000 WatcherThread [stack: 0x04890000,0x048e0000] [id=4476]

VM state:not at safepoint (normal execution)

VM Mutex/Monitor currently owned by a thread: None

Heap
 def new generation   total 4608K, used 3339K [0x24490000, 0x24990000, 0x29490000)
  eden space 4096K,  69% used [0x24490000, 0x24752e50, 0x24890000)
  from space 512K, 100% used [0x24910000, 0x24990000, 0x24990000)
  to   space 512K,   0% used [0x24890000, 0x24890000, 0x24910000)
 tenured generation   total 10240K, used 404K [0x29490000, 0x29e90000, 0x33490000)
   the space 10240K,   3% used [0x29490000, 0x294f51a0, 0x294f5200, 0x29e90000)
 compacting perm gen  total 12288K, used 316K [0x33490000, 0x34090000, 0x37490000)
   the space 12288K,   2% used [0x33490000, 0x334df2a8, 0x334df400, 0x34090000)
    ro space 10240K,  54% used [0x37490000, 0x37a0d9f8, 0x37a0da00, 0x37e90000)
    rw space 12288K,  55% used [0x37e90000, 0x385313f8, 0x38531400, 0x38a90000)

Dynamic libraries:
0x00400000 - 0x00424000 	C:\Program Files (x86)\Java\jdk1.6.0_24\bin\java.exe
0x77460000 - 0x775e0000 	C:\Windows\SysWOW64\ntdll.dll
0x75890000 - 0x75990000 	C:\Windows\syswow64\kernel32.dll
0x75ea0000 - 0x75ee6000 	C:\Windows\syswow64\KERNELBASE.dll
0x75a20000 - 0x75ac0000 	C:\Windows\syswow64\ADVAPI32.dll
0x75270000 - 0x7531c000 	C:\Windows\syswow64\msvcrt.dll
0x75e80000 - 0x75e99000 	C:\Windows\SysWOW64\sechost.dll
0x75ef0000 - 0x75fe0000 	C:\Windows\syswow64\RPCRT4.dll
0x74fd0000 - 0x75030000 	C:\Windows\syswow64\SspiCli.dll
0x74fc0000 - 0x74fcc000 	C:\Windows\syswow64\CRYPTBASE.dll
0x7c340000 - 0x7c396000 	C:\Program Files (x86)\Java\jdk1.6.0_24\jre\bin\msvcr71.dll
0x6d8a0000 - 0x6db46000 	C:\Program Files (x86)\Java\jdk1.6.0_24\jre\bin\client\jvm.dll
0x754b0000 - 0x755b0000 	C:\Windows\syswow64\USER32.dll
0x75040000 - 0x750d0000 	C:\Windows\syswow64\GDI32.dll
0x75320000 - 0x7532a000 	C:\Windows\syswow64\LPK.dll
0x755b0000 - 0x7564d000 	C:\Windows\syswow64\USP10.dll
0x748c0000 - 0x748f2000 	C:\Windows\system32\WINMM.dll
0x75fe0000 - 0x76040000 	C:\Windows\system32\IMM32.DLL
0x76f90000 - 0x7705c000 	C:\Windows\syswow64\MSCTF.dll
0x72750000 - 0x7279b000 	C:\Windows\system32\apphelp.dll
0x6d850000 - 0x6d85c000 	C:\Program Files (x86)\Java\jdk1.6.0_24\jre\bin\verify.dll
0x6d3d0000 - 0x6d3ef000 	C:\Program Files (x86)\Java\jdk1.6.0_24\jre\bin\java.dll
0x6d330000 - 0x6d338000 	C:\Program Files (x86)\Java\jdk1.6.0_24\jre\bin\hpi.dll
0x75650000 - 0x75655000 	C:\Windows\syswow64\PSAPI.DLL
0x6d890000 - 0x6d89f000 	C:\Program Files (x86)\Java\jdk1.6.0_24\jre\bin\zip.dll
0x10000000 - 0x1001b000 	C:\Program Files (x86)\Java\jdk1.6.0_24\bin\JMyron.dll
0x00530000 - 0x00544000 	C:\Program Files (x86)\Java\jdk1.6.0_24\bin\myron_ezcam.dll
0x75730000 - 0x7588c000 	C:\Windows\syswow64\ole32.dll
0x048e0000 - 0x048f3000 	C:\Program Files (x86)\Java\jdk1.6.0_24\bin\DSVL.dll
0x6a970000 - 0x6aae7000 	C:\Windows\system32\QUARTZ.dll
0x76c90000 - 0x76d1f000 	C:\Windows\syswow64\OLEAUT32.dll
0x76040000 - 0x76c89000 	C:\Windows\syswow64\SHELL32.dll
0x756d0000 - 0x75727000 	C:\Windows\syswow64\SHLWAPI.dll
0x7c3a0000 - 0x7c41b000 	C:\Windows\system32\MSVCP71.dll
0x75370000 - 0x753f3000 	C:\Windows\syswow64\CLBCatQ.DLL
0x052f0000 - 0x05322000 	C:\Windows\SysWOW64\qcap.dll
0x6fce0000 - 0x6fd01000 	C:\Windows\SysWOW64\MSVFW32.dll
0x74b30000 - 0x74cce000 	C:\Windows\WinSxS\x86_microsoft.windows.common-controls_6595b64144ccf1df_6.0.7600.16385_none_421189da2b7fabfc\COMCTL32.dll
0x74900000 - 0x74909000 	C:\Windows\SysWOW64\VERSION.dll
0x6c820000 - 0x6c8a0000 	C:\Windows\SysWOW64\qedit.dll
0x75430000 - 0x754ab000 	C:\Windows\syswow64\COMDLG32.dll
0x74920000 - 0x74ab0000 	C:\Windows\WinSxS\x86_microsoft.windows.gdiplus_6595b64144ccf1df_1.1.7600.16385_none_72fc7cbf861225ca\gdiplus.dll
0x71c20000 - 0x71c34000 	C:\Windows\SysWOW64\devenum.dll
0x750d0000 - 0x7526d000 	C:\Windows\syswow64\setupapi.dll
0x75e20000 - 0x75e47000 	C:\Windows\syswow64\CFGMGR32.dll
0x76f20000 - 0x76f32000 	C:\Windows\syswow64\DEVOBJ.dll
0x74090000 - 0x740b1000 	C:\Windows\system32\ntmarta.dll
0x76f40000 - 0x76f85000 	C:\Windows\syswow64\WLDAP32.dll
0x75e50000 - 0x75e7d000 	C:\Windows\syswow64\WINTRUST.dll
0x75ac0000 - 0x75bdc000 	C:\Windows\syswow64\CRYPT32.dll
0x77430000 - 0x7743c000 	C:\Windows\syswow64\MSASN1.dll
0x737a0000 - 0x737ab000 	C:\Windows\system32\msdmo.dll
0x730b0000 - 0x730e3000 	C:\Windows\SysWOW64\ksproxy.ax
0x715f0000 - 0x715f4000 	C:\Windows\SysWOW64\ksuser.dll
0x70fb0000 - 0x71173000 	C:\Windows\SysWOW64\d3d9.dll
0x74170000 - 0x74176000 	C:\Windows\SysWOW64\d3d8thk.dll
0x739e0000 - 0x739f3000 	C:\Windows\SysWOW64\dwmapi.dll
0x73a00000 - 0x73a09000 	C:\Windows\SysWOW64\vidcap.ax
0x73880000 - 0x7389d000 	C:\Windows\SysWOW64\kswdmcap.ax
0x717d0000 - 0x718ec000 	C:\Windows\SysWOW64\MFC42.dll
0x71740000 - 0x717ca000 	C:\Windows\SysWOW64\ODBC32.dll
0x71c60000 - 0x71c98000 	C:\Windows\SysWOW64\odbcint.dll
0x054f0000 - 0x054f7000 	C:\Windows\system32\VMCtrl325.ax
0x6d0b0000 - 0x6d1fa000 	C:\Program Files (x86)\Java\jdk1.6.0_24\jre\bin\awt.dll
0x74860000 - 0x748b1000 	C:\Windows\system32\WINSPOOL.DRV
0x6d2e0000 - 0x6d32f000 	C:\Program Files (x86)\Java\jdk1.6.0_24\jre\bin\fontmanager.dll
0x703b0000 - 0x70f2f000 	C:\Windows\system32\nvd3dum.dll
0x72ce0000 - 0x72d05000 	C:\Windows\system32\powrprof.dll

VM Arguments:
jvm_args: -Dfile.encoding=UTF-8 
java_command: jcamlan.Main
Launcher Type: SUN_STANDARD

Environment Variables:
PATH=C:\Program Files\Common Files\Microsoft Shared\Windows Live;C:\Program Files (x86)\Common Files\Microsoft Shared\Windows Live;C:\Program Files (x86)\PC Connectivity Solution\;C:\Windows\system32;C:\Windows;C:\Windows\System32\Wbem;C:\Windows\System32\WindowsPowerShell\v1.0\;C:\Program Files\TortoiseSVN\bin;C:\Program Files (x86)\Windows Live\Shared
USERNAME=Pedro
OS=Windows_NT
PROCESSOR_IDENTIFIER=AMD64 Family 15 Model 127 Stepping 1, AuthenticAMD



---------------  S Y S T E M  ---------------

OS: Windows 7 Build 7600 

CPU:total 1 (1 cores per cpu, 1 threads per core) family 15 model 127 stepping 1, cmov, cx8, fxsr, mmx, sse, sse2, sse3, mmxext, 3dnow, 3dnowext

Memory: 4k page, physical 981496k(87896k free), swap 5074468k(392632k free)

vm_info: Java HotSpot(TM) Client VM (19.1-b02) for windows-x86 JRE (1.6.0_24-b07), built on Feb  2 2011 17:44:41 by "java_re" with MS VC++ 7.1 (VS2003)

time: Thu Sep 01 23:56:22 2011
elapsed time: 2 seconds

