#
# A fatal error has been detected by the Java Runtime Environment:
#
#  EXCEPTION_ACCESS_VIOLATION (0xc0000005) at pc=0x5c6f6978, pid=5744, tid=3972
#
# JRE version: 7.0-b147
# Java VM: Java HotSpot(TM) Client VM (21.0-b17 mixed mode, sharing windows-x86 )
# Problematic frame:
# C  0x5c6f6978
#
# Failed to write core dump. Minidumps are not enabled by default on client versions of Windows
#
# If you would like to submit a bug report, please visit:
#   http://bugreport.sun.com/bugreport/crash.jsp
# The crash happened outside the Java Virtual Machine in native code.
# See problematic frame for where to report the bug.
#

---------------  T H R E A D  ---------------

Current thread (0x04b8a400):  JavaThread "AWT-EventQueue-0" [_thread_in_native, id=3972, stack(0x06590000,0x065e0000)]

siginfo: ExceptionCode=0xc0000005, ExceptionInformation=0x00000008 0x5c6f6978

Registers:
EAX=0x5c6f6978, EBX=0x345453e0, ECX=0x00392c88, EDX=0x00391050
ESP=0x065df2b8, EBP=0x065df2bc, ESI=0x05012c88, EDI=0x00000000
EIP=0x5c6f6978, EFLAGS=0x00010246

Top of Stack: (sp=0x065df2b8)
0x065df2b8:   00e71835 065df320 100027d5 04b8a400
0x065df2c8:   345453e0 065df320 345453e0 345453e0
0x065df2d8:   345453e0 065df320 025da4b7 00b8a400
0x065df2e8:   1000121b 025da5b7 04b8a528 065df330
0x065df2f8:   00d79654 00d7965c 065df300 345453e0
0x065df308:   065df330 34547ef8 00000000 345453e0
0x065df318:   00000000 065df330 065df354 025d3187
0x065df328:   00000000 025d8849 245fb1c0 065df334 

Instructions: (pc=0x5c6f6978)
0x5c6f6958:   
[error occurred during error reporting (printing registers, top of stack, instructions near pc), id 0xc0000005]

Register to memory mapping:

EAX=0x5c6f6978 is an unknown value
EBX=0x345453e0 is an oop
{method} 
 - klass: {other class}
ECX=0x00392c88 is an unknown value
EDX=0x00391050 is an unknown value
ESP=0x065df2b8 is pointing into the stack for thread: 0x04b8a400
EBP=0x065df2bc is pointing into the stack for thread: 0x04b8a400
ESI=0x05012c88 is an unknown value
EDI=0x00000000 is an unknown value


Stack: [0x06590000,0x065e0000],  sp=0x065df2b8,  free space=316k
Native frames: (J=compiled Java code, j=interpreted, Vv=VM code, C=native code)
C  0x5c6f6978
C  [JMyron.dll+0x27d5]  Java_JMyron_JMyron_native_1stop+0xf75
j  JMyron.JMyron.update()V+1
j  jcamlan.IOcam.Cam$1.actionPerformed(Ljava/awt/event/ActionEvent;)V+7
j  javax.swing.Timer.fireActionPerformed(Ljava/awt/event/ActionEvent;)V+35
j  javax.swing.Timer$DoPostEvent.run()V+74
j  java.awt.event.InvocationEvent.dispatch()V+47
j  java.awt.EventQueue.dispatchEventImpl(Ljava/awt/AWTEvent;Ljava/lang/Object;)V+21
j  java.awt.EventQueue.access$000(Ljava/awt/EventQueue;Ljava/awt/AWTEvent;Ljava/lang/Object;)V+3
j  java.awt.EventQueue$3.run()Ljava/lang/Void;+12
j  java.awt.EventQueue$3.run()Ljava/lang/Object;+1
v  ~StubRoutines::call_stub
V  [jvm.dll+0x122c7e]
V  [jvm.dll+0x1c9c0e]
V  [jvm.dll+0x122d0d]
V  [jvm.dll+0xd3c3a]
C  [java.dll+0x102f]  Java_java_security_AccessController_doPrivileged__Ljava_security_PrivilegedAction_2Ljava_security_AccessControlContext_2+0x17
j  java.security.ProtectionDomain$1.doIntersectionPrivilege(Ljava/security/PrivilegedAction;Ljava/security/AccessControlContext;Ljava/security/AccessControlContext;)Ljava/lang/Object;+28
j  java.awt.EventQueue.dispatchEvent(Ljava/awt/AWTEvent;)V+46
j  java.awt.EventDispatchThread.pumpOneEventForFilters(I)Z+245
j  java.awt.EventDispatchThread.pumpEventsForFilter(ILjava/awt/Conditional;Ljava/awt/EventFilter;)V+35
j  java.awt.EventDispatchThread.pumpEventsForHierarchy(ILjava/awt/Conditional;Ljava/awt/Component;)V+11
j  java.awt.EventDispatchThread.pumpEvents(ILjava/awt/Conditional;)V+4
j  java.awt.EventDispatchThread.pumpEvents(Ljava/awt/Conditional;)V+3
j  java.awt.EventDispatchThread.run()V+9
v  ~StubRoutines::call_stub
V  [jvm.dll+0x122c7e]
V  [jvm.dll+0x1c9c0e]
V  [jvm.dll+0x122e73]
V  [jvm.dll+0x122ed7]
V  [jvm.dll+0xccd1f]
V  [jvm.dll+0x14433f]
V  [jvm.dll+0x171549]
C  [msvcr100.dll+0x5c6de]  endthreadex+0x3a
C  [msvcr100.dll+0x5c788]  endthreadex+0xe4
C  [kernel32.dll+0x1339a]  BaseThreadInitThunk+0x12
C  [ntdll.dll+0x39ed2]  RtlInitializeExceptionChain+0x63
C  [ntdll.dll+0x39ea5]  RtlInitializeExceptionChain+0x36

Java frames: (J=compiled Java code, j=interpreted, Vv=VM code)
j  JMyron.JMyron.native_update()V+0
j  JMyron.JMyron.update()V+1
j  jcamlan.IOcam.Cam$1.actionPerformed(Ljava/awt/event/ActionEvent;)V+7
j  javax.swing.Timer.fireActionPerformed(Ljava/awt/event/ActionEvent;)V+35
j  javax.swing.Timer$DoPostEvent.run()V+74
j  java.awt.event.InvocationEvent.dispatch()V+47
j  java.awt.EventQueue.dispatchEventImpl(Ljava/awt/AWTEvent;Ljava/lang/Object;)V+21
j  java.awt.EventQueue.access$000(Ljava/awt/EventQueue;Ljava/awt/AWTEvent;Ljava/lang/Object;)V+3
j  java.awt.EventQueue$3.run()Ljava/lang/Void;+12
j  java.awt.EventQueue$3.run()Ljava/lang/Object;+1
v  ~StubRoutines::call_stub
j  java.security.AccessController.doPrivileged(Ljava/security/PrivilegedAction;Ljava/security/AccessControlContext;)Ljava/lang/Object;+0
j  java.security.ProtectionDomain$1.doIntersectionPrivilege(Ljava/security/PrivilegedAction;Ljava/security/AccessControlContext;Ljava/security/AccessControlContext;)Ljava/lang/Object;+28
j  java.awt.EventQueue.dispatchEvent(Ljava/awt/AWTEvent;)V+46
j  java.awt.EventDispatchThread.pumpOneEventForFilters(I)Z+245
j  java.awt.EventDispatchThread.pumpEventsForFilter(ILjava/awt/Conditional;Ljava/awt/EventFilter;)V+35
j  java.awt.EventDispatchThread.pumpEventsForHierarchy(ILjava/awt/Conditional;Ljava/awt/Component;)V+11
j  java.awt.EventDispatchThread.pumpEvents(ILjava/awt/Conditional;)V+4
j  java.awt.EventDispatchThread.pumpEvents(Ljava/awt/Conditional;)V+3
j  java.awt.EventDispatchThread.run()V+9
v  ~StubRoutines::call_stub

---------------  P R O C E S S  ---------------

Java Threads: ( => current thread )
=>0x04b8a400 JavaThread "AWT-EventQueue-0" [_thread_in_native, id=3972, stack(0x06590000,0x065e0000)]
  0x04b89800 JavaThread "AWT-Windows" daemon [_thread_in_native, id=5628, stack(0x07650000,0x076a0000)]
  0x04b7bc00 JavaThread "AWT-Shutdown" [_thread_blocked, id=3944, stack(0x06b20000,0x06b70000)]
  0x04b7fc00 JavaThread "Java2D Disposer" daemon [_thread_blocked, id=4752, stack(0x06ad0000,0x06b20000)]
  0x04b75c00 JavaThread "TimerQueue" daemon [_thread_in_Java, id=4508, stack(0x06bf0000,0x06c40000)]
  0x00d72400 JavaThread "Service Thread" daemon [_thread_blocked, id=7084, stack(0x04ab0000,0x04b00000)]
  0x00d68400 JavaThread "C1 CompilerThread0" daemon [_thread_blocked, id=6836, stack(0x048e0000,0x04930000)]
  0x00d67000 JavaThread "Attach Listener" daemon [_thread_blocked, id=4660, stack(0x04930000,0x04980000)]
  0x00d64000 JavaThread "Signal Dispatcher" daemon [_thread_blocked, id=5492, stack(0x04770000,0x047c0000)]
  0x00d5c000 JavaThread "Finalizer" daemon [_thread_blocked, id=3700, stack(0x00fc0000,0x01010000)]
  0x00d57400 JavaThread "Reference Handler" daemon [_thread_blocked, id=5840, stack(0x04710000,0x04760000)]
  0x00229800 JavaThread "main" [_thread_in_vm, id=596, stack(0x00eb0000,0x00f00000)]

Other Threads:
  0x00d55000 VMThread [stack: 0x04600000,0x04650000] [id=7048]
  0x00d88000 WatcherThread [stack: 0x01130000,0x01180000] [id=1012]

VM state:not at safepoint (normal execution)

VM Mutex/Monitor currently owned by a thread: None

Heap
 def new generation   total 4928K, used 1825K [0x24510000, 0x24a60000, 0x29a60000)
  eden space 4416K,  41% used [0x24510000, 0x246d87f0, 0x24960000)
  from space 512K,   0% used [0x24960000, 0x24960000, 0x249e0000)
  to   space 512K,   0% used [0x249e0000, 0x249e0000, 0x24a60000)
 tenured generation   total 10944K, used 0K [0x29a60000, 0x2a510000, 0x34510000)
   the space 10944K,   0% used [0x29a60000, 0x29a60000, 0x29a60200, 0x2a510000)
 compacting perm gen  total 12288K, used 692K [0x34510000, 0x35110000, 0x38510000)
   the space 12288K,   5% used [0x34510000, 0x345bd250, 0x345bd400, 0x35110000)
    ro space 10240K,  45% used [0x38510000, 0x38991888, 0x38991a00, 0x38f10000)
    rw space 12288K,  54% used [0x38f10000, 0x395904f8, 0x39590600, 0x39b10000)

Code Cache  [0x025d0000, 0x02658000, 0x045d0000)
 total_blobs=230 nmethods=41 adapters=122 free_code_cache=32235Kb largest_free_block=33009536

Dynamic libraries:
0x011a0000 - 0x011ce000 	C:\Program Files (x86)\Java\jdk1.7.0\bin\java.exe
0x779d0000 - 0x77b50000 	C:\Windows\SysWOW64\ntdll.dll
0x76e60000 - 0x76f70000 	C:\Windows\syswow64\kernel32.dll
0x75c20000 - 0x75c66000 	C:\Windows\syswow64\KERNELBASE.dll
0x76fa0000 - 0x77040000 	C:\Windows\syswow64\ADVAPI32.dll
0x75960000 - 0x75a0c000 	C:\Windows\syswow64\msvcrt.dll
0x75930000 - 0x75949000 	C:\Windows\SysWOW64\sechost.dll
0x75a10000 - 0x75b00000 	C:\Windows\syswow64\RPCRT4.dll
0x750c0000 - 0x75120000 	C:\Windows\syswow64\SspiCli.dll
0x750b0000 - 0x750bc000 	C:\Windows\syswow64\CRYPTBASE.dll
0x75280000 - 0x75380000 	C:\Windows\syswow64\USER32.dll
0x769c0000 - 0x76a50000 	C:\Windows\syswow64\GDI32.dll
0x768c0000 - 0x768ca000 	C:\Windows\syswow64\LPK.dll
0x75600000 - 0x7569d000 	C:\Windows\syswow64\USP10.dll
0x731a0000 - 0x7333e000 	C:\Windows\WinSxS\x86_microsoft.windows.common-controls_6595b64144ccf1df_6.0.7601.17514_none_41e6975e2bd6f2b2\COMCTL32.dll
0x75390000 - 0x753e7000 	C:\Windows\syswow64\SHLWAPI.dll
0x75590000 - 0x755f0000 	C:\Windows\system32\IMM32.DLL
0x77040000 - 0x7710c000 	C:\Windows\syswow64\MSCTF.dll
0x6af30000 - 0x6afee000 	C:\Program Files (x86)\Java\jdk1.7.0\jre\bin\msvcr100.dll
0x6aff0000 - 0x6b311000 	C:\Program Files (x86)\Java\jdk1.7.0\jre\bin\client\jvm.dll
0x723e0000 - 0x723e7000 	C:\Windows\system32\WSOCK32.dll
0x758f0000 - 0x75925000 	C:\Windows\syswow64\WS2_32.dll
0x779a0000 - 0x779a6000 	C:\Windows\syswow64\NSI.dll
0x718c0000 - 0x718f2000 	C:\Windows\system32\WINMM.dll
0x755f0000 - 0x755f5000 	C:\Windows\syswow64\PSAPI.DLL
0x6b4f0000 - 0x6b4fc000 	C:\Program Files (x86)\Java\jdk1.7.0\jre\bin\verify.dll
0x6af10000 - 0x6af30000 	C:\Program Files (x86)\Java\jdk1.7.0\jre\bin\java.dll
0x6aeb0000 - 0x6aec3000 	C:\Program Files (x86)\Java\jdk1.7.0\jre\bin\zip.dll
0x6ad40000 - 0x6ae82000 	C:\Program Files (x86)\Java\jdk1.7.0\jre\bin\awt.dll
0x76930000 - 0x769bf000 	C:\Windows\syswow64\OLEAUT32.dll
0x75120000 - 0x7527c000 	C:\Windows\syswow64\ole32.dll
0x10000000 - 0x1001b000 	C:\Program Files (x86)\Java\jdk1.7.0\bin\JMyron.dll
0x00e70000 - 0x00e84000 	C:\Program Files (x86)\Java\jdk1.7.0\bin\myron_ezcam.dll
0x00e90000 - 0x00ea3000 	C:\Program Files (x86)\Java\jdk1.7.0\bin\DSVL.dll
0x6c390000 - 0x6c507000 	C:\Windows\system32\QUARTZ.dll
0x75c70000 - 0x768ba000 	C:\Windows\syswow64\SHELL32.dll
0x7c3a0000 - 0x7c41b000 	C:\Windows\system32\MSVCP71.dll
0x7c340000 - 0x7c396000 	C:\Windows\system32\MSVCR71.dll
0x71960000 - 0x719e0000 	C:\Windows\system32\uxtheme.dll
0x75500000 - 0x75583000 	C:\Windows\syswow64\CLBCatQ.DLL
0x71370000 - 0x71383000 	C:\Windows\system32\dwmapi.dll
0x6c350000 - 0x6c382000 	C:\Windows\SysWOW64\qcap.dll
0x6c320000 - 0x6c341000 	C:\Windows\SysWOW64\MSVFW32.dll
0x72eb0000 - 0x72eb9000 	C:\Windows\SysWOW64\VERSION.dll
0x6c2a0000 - 0x6c320000 	C:\Windows\SysWOW64\qedit.dll
0x75840000 - 0x758bb000 	C:\Windows\syswow64\COMDLG32.dll
0x70f10000 - 0x710a0000 	C:\Windows\WinSxS\x86_microsoft.windows.gdiplus_6595b64144ccf1df_1.1.7601.17514_none_72d18a4386696c80\gdiplus.dll
0x6a150000 - 0x6a164000 	C:\Windows\SysWOW64\devenum.dll
0x756a0000 - 0x7583d000 	C:\Windows\syswow64\setupapi.dll
0x76e10000 - 0x76e37000 	C:\Windows\syswow64\CFGMGR32.dll
0x76e40000 - 0x76e52000 	C:\Windows\syswow64\DEVOBJ.dll
0x72c10000 - 0x72c31000 	C:\Windows\system32\ntmarta.dll
0x76a50000 - 0x76a95000 	C:\Windows\syswow64\WLDAP32.dll
0x758c0000 - 0x758ed000 	C:\Windows\syswow64\WINTRUST.dll
0x76cf0000 - 0x76e0d000 	C:\Windows\syswow64\CRYPT32.dll
0x75380000 - 0x7538c000 	C:\Windows\syswow64\MSASN1.dll
0x6d620000 - 0x6d62b000 	C:\Windows\system32\msdmo.dll
0x6c260000 - 0x6c293000 	C:\Windows\SysWOW64\ksproxy.ax
0x74340000 - 0x74344000 	C:\Windows\SysWOW64\ksuser.dll
0x73f60000 - 0x74123000 	C:\Windows\SysWOW64\d3d9.dll
0x74290000 - 0x74296000 	C:\Windows\SysWOW64\d3d8thk.dll
0x6c230000 - 0x6c239000 	C:\Windows\SysWOW64\vidcap.ax
0x6c210000 - 0x6c22d000 	C:\Windows\SysWOW64\kswdmcap.ax
0x6c0f0000 - 0x6c20c000 	C:\Windows\SysWOW64\MFC42.dll
0x6c060000 - 0x6c0ec000 	C:\Windows\SysWOW64\ODBC32.dll
0x6c020000 - 0x6c058000 	C:\Windows\SysWOW64\odbcint.dll
0x6c250000 - 0x6c259000 	C:\Windows\system32\msyuv.dll

VM Arguments:
jvm_args: -Dfile.encoding=UTF-8 
java_command: jcamlan.udp.Main3
Launcher Type: SUN_STANDARD

Environment Variables:
PATH=C:\Program Files\Common Files\Microsoft Shared\Windows Live;C:\Program Files (x86)\Common Files\Microsoft Shared\Windows Live;C:\Windows\system32;C:\Windows;C:\Windows\System32\Wbem;C:\Windows\System32\WindowsPowerShell\v1.0\;C:\Program Files (x86)\Windows Live\Shared;C:\Program Files (x86)\Common Files\Roxio Shared\DLLShared\;C:\Program Files (x86)\Common Files\Roxio Shared\OEM\DLLShared\;C:\Program Files (x86)\Common Files\Roxio Shared\OEM\DLLShared\;C:\Program Files (x86)\Common Files\Roxio Shared\OEM\12.0\DLLShared\;C:\Program Files (x86)\Roxio\OEM\AudioCore\
USERNAME=Pedro
OS=Windows_NT
PROCESSOR_IDENTIFIER=Intel64 Family 6 Model 42 Stepping 7, GenuineIntel



---------------  S Y S T E M  ---------------

OS: Windows 7 , 64 bit Build 7601 Service Pack 1

CPU:total 4 (2 cores per cpu, 2 threads per core) family 6 model 42 stepping 7, cmov, cx8, fxsr, mmx, sse, sse2, sse3, ssse3, sse4.1, sse4.2, popcnt, ht

Memory: 4k page, physical 4100376k(2094448k free), swap 8198904k(5703976k free)

vm_info: Java HotSpot(TM) Client VM (21.0-b17) for windows-x86 JRE (1.7.0-b147), built on Jun 27 2011 02:25:52 by "java_re" with unknown MS VC++:1600

time: Sat Nov 19 11:53:39 2011
elapsed time: 1 seconds

