#
# A fatal error has been detected by the Java Runtime Environment:
#
#  EXCEPTION_ACCESS_VIOLATION (0xc0000005) at pc=0x575c3a43, pid=2676, tid=3508
#
# JRE version: 7.0-b147
# Java VM: Java HotSpot(TM) Client VM (21.0-b17 mixed mode, sharing windows-x86 )
# Problematic frame:
# C  0x575c3a43
#
# Failed to write core dump. Minidumps are not enabled by default on client versions of Windows
#
# If you would like to submit a bug report, please visit:
#   http://bugreport.sun.com/bugreport/crash.jsp
# The crash happened outside the Java Virtual Machine in native code.
# See problematic frame for where to report the bug.
#

---------------  T H R E A D  ---------------

Current thread (0x0067dc00):  JavaThread "AWT-EventQueue-0" [_thread_in_native, id=3508, stack(0x049b0000,0x04a00000)]

siginfo: ExceptionCode=0xc0000005, ExceptionInformation=0x00000008 0x575c3a43

Registers:
EAX=0x575c3a43, EBX=0x32a91bf8, ECX=0x00d10a78, EDX=0x00d10d10
ESP=0x049ff078, EBP=0x049ff07c, ESI=0x03aa0a78, EDI=0x00000000
EIP=0x575c3a43, EFLAGS=0x00010246

Top of Stack: (sp=0x049ff078)
0x049ff078:   00961835 049ff0e0 100027d5 0067dc00
0x049ff088:   32a91bf8 049ff0e0 32a91bf8 32a91bf8
0x049ff098:   32a91bf8 049ff0e0 0197a4a7 0067dc00
0x049ff0a8:   1000121b 0197a5a7 0067dd28 049ff0f0
0x049ff0b8:   00641ef4 00641efc 049ff0c0 32a91bf8
0x049ff0c8:   049ff0f0 32a94710 00000000 32a91bf8
0x049ff0d8:   00000000 049ff0f0 049ff114 01973187
0x049ff0e8:   00000000 01978839 23b03bf0 049ff0f4 

Instructions: (pc=0x575c3a43)
0x575c3a23:   
[error occurred during error reporting (printing registers, top of stack, instructions near pc), id 0xc0000005]

Register to memory mapping:

EAX=0x575c3a43 is an unknown value
EBX=0x32a91bf8 is an oop
{method} 
 - klass: {other class}
ECX=0x00d10a78 is an unknown value
EDX=0x00d10d10 is an unknown value
ESP=0x049ff078 is pointing into the stack for thread: 0x0067dc00
EBP=0x049ff07c is pointing into the stack for thread: 0x0067dc00
ESI=0x03aa0a78 is an unknown value
EDI=0x00000000 is an unknown value


Stack: [0x049b0000,0x04a00000],  sp=0x049ff078,  free space=316k
Native frames: (J=compiled Java code, j=interpreted, Vv=VM code, C=native code)
C  0x575c3a43
C  [JMyron.dll+0x27d5]  Java_JMyron_JMyron_native_1stop+0xf75
j  JMyron.JMyron.update()V+1
j  jcamlan.Cam$1.actionPerformed(Ljava/awt/event/ActionEvent;)V+7
j  javax.swing.Timer.fireActionPerformed(Ljava/awt/event/ActionEvent;)V+35
j  javax.swing.Timer$DoPostEvent.run()V+74
j  java.awt.event.InvocationEvent.dispatch()V+47
j  java.awt.EventQueue.dispatchEventImpl(Ljava/awt/AWTEvent;Ljava/lang/Object;)V+21
j  java.awt.EventQueue.access$000(Ljava/awt/EventQueue;Ljava/awt/AWTEvent;Ljava/lang/Object;)V+3
j  java.awt.EventQueue$3.run()Ljava/lang/Void;+12
j  java.awt.EventQueue$3.run()Ljava/lang/Object;+1
v  ~StubRoutines::call_stub
V  [jvm.dll+0x122c7e]
V  [jvm.dll+0x1c9c0e]
V  [jvm.dll+0x122d0d]
V  [jvm.dll+0xd3c3a]
C  [java.dll+0x102f]  Java_java_security_AccessController_doPrivileged__Ljava_security_PrivilegedAction_2Ljava_security_AccessControlContext_2+0x17
j  java.security.ProtectionDomain$1.doIntersectionPrivilege(Ljava/security/PrivilegedAction;Ljava/security/AccessControlContext;Ljava/security/AccessControlContext;)Ljava/lang/Object;+28
j  java.awt.EventQueue.dispatchEvent(Ljava/awt/AWTEvent;)V+46
j  java.awt.EventDispatchThread.pumpOneEventForFilters(I)Z+245
j  java.awt.EventDispatchThread.pumpEventsForFilter(ILjava/awt/Conditional;Ljava/awt/EventFilter;)V+35
j  java.awt.EventDispatchThread.pumpEventsForHierarchy(ILjava/awt/Conditional;Ljava/awt/Component;)V+11
j  java.awt.EventDispatchThread.pumpEvents(ILjava/awt/Conditional;)V+4
j  java.awt.EventDispatchThread.pumpEvents(Ljava/awt/Conditional;)V+3
j  java.awt.EventDispatchThread.run()V+9
v  ~StubRoutines::call_stub
V  [jvm.dll+0x122c7e]
V  [jvm.dll+0x1c9c0e]
V  [jvm.dll+0x122e73]
V  [jvm.dll+0x122ed7]
V  [jvm.dll+0xccd1f]
V  [jvm.dll+0x14433f]
V  [jvm.dll+0x171549]
C  [msvcr100.dll+0x5c6de]  endthreadex+0x3a
C  [msvcr100.dll+0x5c788]  endthreadex+0xe4
C  [kernel32.dll+0x51114]  BaseThreadInitThunk+0x12
C  [ntdll.dll+0x5b429]  RtlInitializeExceptionChain+0x63
C  [ntdll.dll+0x5b3fc]  RtlInitializeExceptionChain+0x36

Java frames: (J=compiled Java code, j=interpreted, Vv=VM code)
j  JMyron.JMyron.native_update()V+0
j  JMyron.JMyron.update()V+1
j  jcamlan.Cam$1.actionPerformed(Ljava/awt/event/ActionEvent;)V+7
j  javax.swing.Timer.fireActionPerformed(Ljava/awt/event/ActionEvent;)V+35
j  javax.swing.Timer$DoPostEvent.run()V+74
j  java.awt.event.InvocationEvent.dispatch()V+47
j  java.awt.EventQueue.dispatchEventImpl(Ljava/awt/AWTEvent;Ljava/lang/Object;)V+21
j  java.awt.EventQueue.access$000(Ljava/awt/EventQueue;Ljava/awt/AWTEvent;Ljava/lang/Object;)V+3
j  java.awt.EventQueue$3.run()Ljava/lang/Void;+12
j  java.awt.EventQueue$3.run()Ljava/lang/Object;+1
v  ~StubRoutines::call_stub
j  java.security.AccessController.doPrivileged(Ljava/security/PrivilegedAction;Ljava/security/AccessControlContext;)Ljava/lang/Object;+0
j  java.security.ProtectionDomain$1.doIntersectionPrivilege(Ljava/security/PrivilegedAction;Ljava/security/AccessControlContext;Ljava/security/AccessControlContext;)Ljava/lang/Object;+28
j  java.awt.EventQueue.dispatchEvent(Ljava/awt/AWTEvent;)V+46
j  java.awt.EventDispatchThread.pumpOneEventForFilters(I)Z+245
j  java.awt.EventDispatchThread.pumpEventsForFilter(ILjava/awt/Conditional;Ljava/awt/EventFilter;)V+35
j  java.awt.EventDispatchThread.pumpEventsForHierarchy(ILjava/awt/Conditional;Ljava/awt/Component;)V+11
j  java.awt.EventDispatchThread.pumpEvents(ILjava/awt/Conditional;)V+4
j  java.awt.EventDispatchThread.pumpEvents(Ljava/awt/Conditional;)V+3
j  java.awt.EventDispatchThread.run()V+9
v  ~StubRoutines::call_stub

---------------  P R O C E S S  ---------------

Java Threads: ( => current thread )
=>0x0067dc00 JavaThread "AWT-EventQueue-0" [_thread_in_native, id=3508, stack(0x049b0000,0x04a00000)]
  0x0067cc00 JavaThread "AWT-Windows" daemon [_thread_in_native, id=1324, stack(0x04cd0000,0x04d20000)]
  0x04aef800 JavaThread "AWT-Shutdown" [_thread_blocked, id=3588, stack(0x04c70000,0x04cc0000)]
  0x0067a400 JavaThread "Java2D Disposer" daemon [_thread_blocked, id=1784, stack(0x04d90000,0x04de0000)]
  0x00674400 JavaThread "TimerQueue" daemon [_thread_blocked, id=968, stack(0x04750000,0x047a0000)]
  0x0063d400 JavaThread "Service Thread" daemon [_thread_blocked, id=616, stack(0x00a80000,0x00ad0000)]
  0x0062fc00 JavaThread "C1 CompilerThread0" daemon [_thread_blocked, id=3032, stack(0x00860000,0x008b0000)]
  0x0062e800 JavaThread "Attach Listener" daemon [_thread_blocked, id=864, stack(0x009a0000,0x009f0000)]
  0x0062d800 JavaThread "Signal Dispatcher" daemon [_thread_blocked, id=1260, stack(0x00ad0000,0x00b20000)]
  0x00620000 JavaThread "Finalizer" daemon [_thread_blocked, id=2468, stack(0x00a10000,0x00a60000)]
  0x0061e800 JavaThread "Reference Handler" daemon [_thread_blocked, id=304, stack(0x00910000,0x00960000)]
  0x004ef400 JavaThread "main" [_thread_in_native, id=3024, stack(0x00530000,0x00580000)]

Other Threads:
  0x0061c800 VMThread [stack: 0x00800000,0x00850000] [id=2980]
  0x0063ec00 WatcherThread [stack: 0x008c0000,0x00910000] [id=3004]

VM state:not at safepoint (normal execution)

VM Mutex/Monitor currently owned by a thread: None

Heap
 def new generation   total 4608K, used 1863K [0x23a70000, 0x23f70000, 0x28a70000)
  eden space 4096K,  45% used [0x23a70000, 0x23c41df8, 0x23e70000)
  from space 512K,   0% used [0x23e70000, 0x23e70000, 0x23ef0000)
  to   space 512K,   0% used [0x23ef0000, 0x23ef0000, 0x23f70000)
 tenured generation   total 10240K, used 0K [0x28a70000, 0x29470000, 0x32a70000)
   the space 10240K,   0% used [0x28a70000, 0x28a70000, 0x28a70200, 0x29470000)
 compacting perm gen  total 12288K, used 731K [0x32a70000, 0x33670000, 0x36a70000)
   the space 12288K,   5% used [0x32a70000, 0x32b26d98, 0x32b26e00, 0x33670000)
    ro space 10240K,  45% used [0x36a70000, 0x36ef1888, 0x36ef1a00, 0x37470000)
    rw space 12288K,  54% used [0x37470000, 0x37af04f8, 0x37af0600, 0x38070000)

Code Cache  [0x01970000, 0x019f8000, 0x03970000)
 total_blobs=235 nmethods=44 adapters=124 free_code_cache=32230Kb largest_free_block=33004416

Dynamic libraries:
0x00d40000 - 0x00d6e000 	C:\Program Files\Java\jdk1.7.0\bin\java.exe
0x77030000 - 0x7716d000 	C:\Windows\SYSTEM32\ntdll.dll
0x75480000 - 0x75554000 	C:\Windows\system32\kernel32.dll
0x75200000 - 0x7524a000 	C:\Windows\system32\KERNELBASE.dll
0x76020000 - 0x760c0000 	C:\Windows\system32\ADVAPI32.dll
0x761f0000 - 0x7629c000 	C:\Windows\system32\msvcrt.dll
0x77170000 - 0x77189000 	C:\Windows\SYSTEM32\sechost.dll
0x75ee0000 - 0x75f81000 	C:\Windows\system32\RPCRT4.dll
0x75560000 - 0x75629000 	C:\Windows\system32\USER32.dll
0x761a0000 - 0x761ee000 	C:\Windows\system32\GDI32.dll
0x77240000 - 0x7724a000 	C:\Windows\system32\LPK.dll
0x771a0000 - 0x7723d000 	C:\Windows\system32\USP10.dll
0x73ff0000 - 0x7418e000 	C:\Windows\WinSxS\x86_microsoft.windows.common-controls_6595b64144ccf1df_6.0.7600.16661_none_420fe3fa2b8113bd\COMCTL32.dll
0x75760000 - 0x757b7000 	C:\Windows\system32\SHLWAPI.dll
0x75740000 - 0x7575f000 	C:\Windows\system32\IMM32.DLL
0x75c20000 - 0x75cec000 	C:\Windows\system32\MSCTF.dll
0x6f750000 - 0x6f80e000 	C:\Program Files\Java\jdk1.7.0\jre\bin\msvcr100.dll
0x6aa80000 - 0x6ada1000 	C:\Program Files\Java\jdk1.7.0\jre\bin\client\jvm.dll
0x72ed0000 - 0x72ed7000 	C:\Windows\system32\WSOCK32.dll
0x75be0000 - 0x75c15000 	C:\Windows\system32\WS2_32.dll
0x77250000 - 0x77256000 	C:\Windows\system32\NSI.dll
0x73220000 - 0x73252000 	C:\Windows\system32\WINMM.dll
0x77190000 - 0x77195000 	C:\Windows\system32\PSAPI.DLL
0x716c0000 - 0x716cc000 	C:\Program Files\Java\jdk1.7.0\jre\bin\verify.dll
0x71120000 - 0x71140000 	C:\Program Files\Java\jdk1.7.0\jre\bin\java.dll
0x6ffb0000 - 0x6ffc3000 	C:\Program Files\Java\jdk1.7.0\jre\bin\zip.dll
0x10000000 - 0x1001b000 	C:\Windows\System32\JMyron.dll
0x00960000 - 0x00974000 	C:\Windows\system32\myron_ezcam.dll
0x75d80000 - 0x75edc000 	C:\Windows\system32\ole32.dll
0x00980000 - 0x00993000 	C:\Windows\system32\DSVL.dll
0x5e8a0000 - 0x5ea17000 	C:\Windows\system32\QUARTZ.dll
0x75cf0000 - 0x75d7f000 	C:\Windows\system32\OLEAUT32.dll
0x762a0000 - 0x76ee9000 	C:\Windows\system32\SHELL32.dll
0x7c3a0000 - 0x7c41b000 	C:\Windows\system32\MSVCP71.dll
0x7c340000 - 0x7c396000 	C:\Windows\system32\MSVCR71.dll
0x750d0000 - 0x750dc000 	C:\Windows\system32\CRYPTBASE.dll
0x73e70000 - 0x73eb0000 	C:\Windows\system32\uxtheme.dll
0x760c0000 - 0x76143000 	C:\Windows\system32\CLBCatQ.DLL
0x73b40000 - 0x73b53000 	C:\Windows\system32\dwmapi.dll
0x703c0000 - 0x703f2000 	C:\Windows\system32\qcap.dll
0x70330000 - 0x70351000 	C:\Windows\system32\MSVFW32.dll
0x74640000 - 0x74649000 	C:\Windows\system32\VERSION.dll
0x6fe90000 - 0x6ff10000 	C:\Windows\System32\qedit.dll
0x757c0000 - 0x7583b000 	C:\Windows\system32\COMDLG32.dll
0x73ce0000 - 0x73e70000 	C:\Windows\WinSxS\x86_microsoft.windows.gdiplus_6595b64144ccf1df_1.1.7600.16385_none_72fc7cbf861225ca\gdiplus.dll
0x70dd0000 - 0x70de4000 	C:\Windows\system32\devenum.dll
0x75840000 - 0x759dd000 	C:\Windows\system32\setupapi.dll
0x75450000 - 0x75477000 	C:\Windows\system32\CFGMGR32.dll
0x75250000 - 0x75262000 	C:\Windows\system32\DEVOBJ.dll
0x73ae0000 - 0x73b01000 	C:\Windows\system32\ntmarta.dll
0x76150000 - 0x76195000 	C:\Windows\system32\WLDAP32.dll
0x75300000 - 0x7532d000 	C:\Windows\system32\WINTRUST.dll
0x75330000 - 0x7544c000 	C:\Windows\system32\CRYPT32.dll
0x751f0000 - 0x751fc000 	C:\Windows\system32\MSASN1.dll
0x70dc0000 - 0x70dcb000 	C:\Windows\system32\msdmo.dll
0x701e0000 - 0x70213000 	C:\Windows\system32\ksproxy.ax
0x72160000 - 0x72164000 	C:\Windows\system32\ksuser.dll
0x62810000 - 0x629d3000 	C:\Windows\system32\d3d9.dll
0x73fd0000 - 0x73fd6000 	C:\Windows\system32\d3d8thk.dll
0x73fe0000 - 0x73fe9000 	C:\Windows\system32\vidcap.ax
0x70610000 - 0x7062d000 	C:\Windows\system32\kswdmcap.ax
0x68710000 - 0x6882c000 	C:\Windows\system32\MFC42.dll
0x6e590000 - 0x6e61c000 	C:\Windows\system32\ODBC32.dll
0x701a0000 - 0x701d8000 	C:\Windows\system32\odbcint.dll
0x00b20000 - 0x00b27000 	C:\Windows\system32\VMctrl325.ax
0x6f980000 - 0x6fac2000 	C:\Program Files\Java\jdk1.7.0\jre\bin\awt.dll
0x6d480000 - 0x6dbdc000 	C:\Windows\system32\nvd3dum.dll
0x74480000 - 0x744a5000 	C:\Windows\system32\powrprof.dll
0x704a0000 - 0x704ca000 	C:\Program Files\Java\jdk1.7.0\jre\bin\fontmanager.dll

VM Arguments:
jvm_args: -Dfile.encoding=UTF-8 
java_command: jcamlan.Main
Launcher Type: SUN_STANDARD

Environment Variables:
PATH=C:\Program Files\Common Files\Microsoft Shared\Windows Live;C:\Windows\system32;C:\Windows;C:\Windows\System32\Wbem;C:\Windows\System32\WindowsPowerShell\v1.0\;C:\Program Files\Windows Live\Shared
USERNAME=Pedro
OS=Windows_NT
PROCESSOR_IDENTIFIER=x86 Family 15 Model 127 Stepping 1, AuthenticAMD



---------------  S Y S T E M  ---------------

OS: Windows 7 Build 7600 

CPU:total 1 (1 cores per cpu, 1 threads per core) family 15 model 127 stepping 1, cmov, cx8, fxsr, mmx, sse, sse2, sse3, mmxext, 3dnowpref

Memory: 4k page, physical 981496k(92772k free), swap 2030072k(324508k free)

vm_info: Java HotSpot(TM) Client VM (21.0-b17) for windows-x86 JRE (1.7.0-b147), built on Jun 27 2011 02:25:52 by "java_re" with unknown MS VC++:1600

time: Sat Oct 01 01:54:20 2011
elapsed time: 1 seconds

