#
# A fatal error has been detected by the Java Runtime Environment:
#
#  EXCEPTION_ACCESS_VIOLATION (0xc0000005) at pc=0x575c3a43, pid=2700, tid=2108
#
# JRE version: 7.0-b147
# Java VM: Java HotSpot(TM) Client VM (21.0-b17 mixed mode, sharing windows-x86 )
# Problematic frame:
# C  0x575c3a43
#
# Failed to write core dump. Minidumps are not enabled by default on client versions of Windows
#
# If you would like to submit a bug report, please visit:
#   http://bugreport.sun.com/bugreport/crash.jsp
# The crash happened outside the Java Virtual Machine in native code.
# See problematic frame for where to report the bug.
#

---------------  T H R E A D  ---------------

Current thread (0x04b31c00):  JavaThread "AWT-EventQueue-0" [_thread_in_native, id=2108, stack(0x04f40000,0x04f90000)]

siginfo: ExceptionCode=0xc0000005, ExceptionInformation=0x00000008 0x575c3a43

Registers:
EAX=0x575c3a43, EBX=0x32a91bf8, ECX=0x03a70a78, EDX=0x03a70d10
ESP=0x04f8f3b8, EBP=0x04f8f3bc, ESI=0x03880a78, EDI=0x00000000
EIP=0x575c3a43, EFLAGS=0x00010246

Top of Stack: (sp=0x04f8f3b8)
0x04f8f3b8:   03421835 04f8f420 100027d5 04b31c00
0x04f8f3c8:   32a91bf8 04f8f420 32a91bf8 32a91bf8
0x04f8f3d8:   32a91bf8 04f8f420 012da4a7 00b31c00
0x04f8f3e8:   1000121b 012da5a7 04b31d28 04f8f430
0x04f8f3f8:   01291ef4 01291efc 04f8f400 32a91bf8
0x04f8f408:   04f8f430 32a94710 00000000 32a91bf8
0x04f8f418:   00000000 04f8f430 04f8f454 012d3187
0x04f8f428:   00000000 012d8839 23b03bf0 04f8f434 

Instructions: (pc=0x575c3a43)
0x575c3a23:   
[error occurred during error reporting (printing registers, top of stack, instructions near pc), id 0xc0000005]

Register to memory mapping:

EAX=0x575c3a43 is an unknown value
EBX=0x32a91bf8 is an oop
{method} 
 - klass: {other class}
ECX=0x03a70a78 is an unknown value
EDX=0x03a70d10 is an unknown value
ESP=0x04f8f3b8 is pointing into the stack for thread: 0x04b31c00
EBP=0x04f8f3bc is pointing into the stack for thread: 0x04b31c00
ESI=0x03880a78 is an unknown value
EDI=0x00000000 is an unknown value


Stack: [0x04f40000,0x04f90000],  sp=0x04f8f3b8,  free space=316k
Native frames: (J=compiled Java code, j=interpreted, Vv=VM code, C=native code)
C  0x575c3a43
C  [JMyron.dll+0x27d5]  Java_JMyron_JMyron_native_1stop+0xf75
j  JMyron.JMyron.update()V+1
j  jcamlan.Cam$1.actionPerformed(Ljava/awt/event/ActionEvent;)V+7
j  javax.swing.Timer.fireActionPerformed(Ljava/awt/event/ActionEvent;)V+35
j  javax.swing.Timer$DoPostEvent.run()V+74
j  java.awt.event.InvocationEvent.dispatch()V+47
j  java.awt.EventQueue.dispatchEventImpl(Ljava/awt/AWTEvent;Ljava/lang/Object;)V+21
j  java.awt.EventQueue.access$000(Ljava/awt/EventQueue;Ljava/awt/AWTEvent;Ljava/lang/Object;)V+3
j  java.awt.EventQueue$3.run()Ljava/lang/Void;+12
j  java.awt.EventQueue$3.run()Ljava/lang/Object;+1
v  ~StubRoutines::call_stub
V  [jvm.dll+0x122c7e]
V  [jvm.dll+0x1c9c0e]
V  [jvm.dll+0x122d0d]
V  [jvm.dll+0xd3c3a]
C  [java.dll+0x102f]  Java_java_security_AccessController_doPrivileged__Ljava_security_PrivilegedAction_2Ljava_security_AccessControlContext_2+0x17
j  java.security.ProtectionDomain$1.doIntersectionPrivilege(Ljava/security/PrivilegedAction;Ljava/security/AccessControlContext;Ljava/security/AccessControlContext;)Ljava/lang/Object;+28
j  java.awt.EventQueue.dispatchEvent(Ljava/awt/AWTEvent;)V+46
j  java.awt.EventDispatchThread.pumpOneEventForFilters(I)Z+245
j  java.awt.EventDispatchThread.pumpEventsForFilter(ILjava/awt/Conditional;Ljava/awt/EventFilter;)V+35
j  java.awt.EventDispatchThread.pumpEventsForHierarchy(ILjava/awt/Conditional;Ljava/awt/Component;)V+11
j  java.awt.EventDispatchThread.pumpEvents(ILjava/awt/Conditional;)V+4
j  java.awt.EventDispatchThread.pumpEvents(Ljava/awt/Conditional;)V+3
j  java.awt.EventDispatchThread.run()V+9
v  ~StubRoutines::call_stub
V  [jvm.dll+0x122c7e]
V  [jvm.dll+0x1c9c0e]
V  [jvm.dll+0x122e73]
V  [jvm.dll+0x122ed7]
V  [jvm.dll+0xccd1f]
V  [jvm.dll+0x14433f]
V  [jvm.dll+0x171549]
C  [msvcr100.dll+0x5c6de]  endthreadex+0x3a
C  [msvcr100.dll+0x5c788]  endthreadex+0xe4
C  [kernel32.dll+0x51114]  BaseThreadInitThunk+0x12
C  [ntdll.dll+0x5b429]  RtlInitializeExceptionChain+0x63
C  [ntdll.dll+0x5b3fc]  RtlInitializeExceptionChain+0x36

Java frames: (J=compiled Java code, j=interpreted, Vv=VM code)
j  JMyron.JMyron.native_update()V+0
j  JMyron.JMyron.update()V+1
j  jcamlan.Cam$1.actionPerformed(Ljava/awt/event/ActionEvent;)V+7
j  javax.swing.Timer.fireActionPerformed(Ljava/awt/event/ActionEvent;)V+35
j  javax.swing.Timer$DoPostEvent.run()V+74
j  java.awt.event.InvocationEvent.dispatch()V+47
j  java.awt.EventQueue.dispatchEventImpl(Ljava/awt/AWTEvent;Ljava/lang/Object;)V+21
j  java.awt.EventQueue.access$000(Ljava/awt/EventQueue;Ljava/awt/AWTEvent;Ljava/lang/Object;)V+3
j  java.awt.EventQueue$3.run()Ljava/lang/Void;+12
j  java.awt.EventQueue$3.run()Ljava/lang/Object;+1
v  ~StubRoutines::call_stub
j  java.security.AccessController.doPrivileged(Ljava/security/PrivilegedAction;Ljava/security/AccessControlContext;)Ljava/lang/Object;+0
j  java.security.ProtectionDomain$1.doIntersectionPrivilege(Ljava/security/PrivilegedAction;Ljava/security/AccessControlContext;Ljava/security/AccessControlContext;)Ljava/lang/Object;+28
j  java.awt.EventQueue.dispatchEvent(Ljava/awt/AWTEvent;)V+46
j  java.awt.EventDispatchThread.pumpOneEventForFilters(I)Z+245
j  java.awt.EventDispatchThread.pumpEventsForFilter(ILjava/awt/Conditional;Ljava/awt/EventFilter;)V+35
j  java.awt.EventDispatchThread.pumpEventsForHierarchy(ILjava/awt/Conditional;Ljava/awt/Component;)V+11
j  java.awt.EventDispatchThread.pumpEvents(ILjava/awt/Conditional;)V+4
j  java.awt.EventDispatchThread.pumpEvents(Ljava/awt/Conditional;)V+3
j  java.awt.EventDispatchThread.run()V+9
v  ~StubRoutines::call_stub

---------------  P R O C E S S  ---------------

Java Threads: ( => current thread )
  0x011af400 JavaThread "DestroyJavaVM" [_thread_blocked, id=2388, stack(0x010d0000,0x01120000)]
=>0x04b31c00 JavaThread "AWT-EventQueue-0" [_thread_in_native, id=2108, stack(0x04f40000,0x04f90000)]
  0x04ab1c00 JavaThread "AWT-Windows" daemon [_thread_in_native, id=3820, stack(0x04d50000,0x04da0000)]
  0x04ab1000 JavaThread "AWT-Shutdown" [_thread_blocked, id=1384, stack(0x04cc0000,0x04d10000)]
  0x04ab0c00 JavaThread "Java2D Disposer" daemon [_thread_blocked, id=2892, stack(0x038a0000,0x038f0000)]
  0x012c4400 JavaThread "TimerQueue" daemon [_thread_blocked, id=2408, stack(0x04a60000,0x04ab0000)]
  0x0128d400 JavaThread "Service Thread" daemon [_thread_blocked, id=4020, stack(0x03900000,0x03950000)]
  0x0127fc00 JavaThread "C1 CompilerThread0" daemon [_thread_blocked, id=3544, stack(0x03790000,0x037e0000)]
  0x0127e800 JavaThread "Attach Listener" daemon [_thread_blocked, id=1788, stack(0x034f0000,0x03540000)]
  0x0127d800 JavaThread "Signal Dispatcher" daemon [_thread_blocked, id=3548, stack(0x03700000,0x03750000)]
  0x01270000 JavaThread "Finalizer" daemon [_thread_blocked, id=1204, stack(0x03490000,0x034e0000)]
  0x0126e800 JavaThread "Reference Handler" daemon [_thread_blocked, id=144, stack(0x03660000,0x036b0000)]

Other Threads:
  0x0126c800 VMThread [stack: 0x03600000,0x03650000] [id=3480]
  0x0128ec00 WatcherThread [stack: 0x03560000,0x035b0000] [id=3228]

VM state:not at safepoint (normal execution)

VM Mutex/Monitor currently owned by a thread: None

Heap
 def new generation   total 4608K, used 2716K [0x23a70000, 0x23f70000, 0x28a70000)
  eden space 4096K,  66% used [0x23a70000, 0x23d171d8, 0x23e70000)
  from space 512K,   0% used [0x23e70000, 0x23e70000, 0x23ef0000)
  to   space 512K,   0% used [0x23ef0000, 0x23ef0000, 0x23f70000)
 tenured generation   total 10240K, used 0K [0x28a70000, 0x29470000, 0x32a70000)
   the space 10240K,   0% used [0x28a70000, 0x28a70000, 0x28a70200, 0x29470000)
 compacting perm gen  total 12288K, used 1148K [0x32a70000, 0x33670000, 0x36a70000)
   the space 12288K,   9% used [0x32a70000, 0x32b8f3c8, 0x32b8f400, 0x33670000)
    ro space 10240K,  45% used [0x36a70000, 0x36ef1888, 0x36ef1a00, 0x37470000)
    rw space 12288K,  54% used [0x37470000, 0x37af04f8, 0x37af0600, 0x38070000)

Code Cache  [0x012d0000, 0x01360000, 0x032d0000)
 total_blobs=271 nmethods=51 adapters=153 free_code_cache=32211Kb largest_free_block=32984768

Dynamic libraries:
0x00370000 - 0x0039e000 	C:\Program Files\Java\jdk1.7.0\bin\java.exe
0x77030000 - 0x7716d000 	C:\Windows\SYSTEM32\ntdll.dll
0x75480000 - 0x75554000 	C:\Windows\system32\kernel32.dll
0x75200000 - 0x7524a000 	C:\Windows\system32\KERNELBASE.dll
0x76020000 - 0x760c0000 	C:\Windows\system32\ADVAPI32.dll
0x761f0000 - 0x7629c000 	C:\Windows\system32\msvcrt.dll
0x77170000 - 0x77189000 	C:\Windows\SYSTEM32\sechost.dll
0x75ee0000 - 0x75f81000 	C:\Windows\system32\RPCRT4.dll
0x75560000 - 0x75629000 	C:\Windows\system32\USER32.dll
0x761a0000 - 0x761ee000 	C:\Windows\system32\GDI32.dll
0x77240000 - 0x7724a000 	C:\Windows\system32\LPK.dll
0x771a0000 - 0x7723d000 	C:\Windows\system32\USP10.dll
0x73ff0000 - 0x7418e000 	C:\Windows\WinSxS\x86_microsoft.windows.common-controls_6595b64144ccf1df_6.0.7600.16661_none_420fe3fa2b8113bd\COMCTL32.dll
0x75760000 - 0x757b7000 	C:\Windows\system32\SHLWAPI.dll
0x75740000 - 0x7575f000 	C:\Windows\system32\IMM32.DLL
0x75c20000 - 0x75cec000 	C:\Windows\system32\MSCTF.dll
0x6f750000 - 0x6f80e000 	C:\Program Files\Java\jdk1.7.0\jre\bin\msvcr100.dll
0x6aa80000 - 0x6ada1000 	C:\Program Files\Java\jdk1.7.0\jre\bin\client\jvm.dll
0x72ed0000 - 0x72ed7000 	C:\Windows\system32\WSOCK32.dll
0x75be0000 - 0x75c15000 	C:\Windows\system32\WS2_32.dll
0x77250000 - 0x77256000 	C:\Windows\system32\NSI.dll
0x73220000 - 0x73252000 	C:\Windows\system32\WINMM.dll
0x77190000 - 0x77195000 	C:\Windows\system32\PSAPI.DLL
0x716c0000 - 0x716cc000 	C:\Program Files\Java\jdk1.7.0\jre\bin\verify.dll
0x71120000 - 0x71140000 	C:\Program Files\Java\jdk1.7.0\jre\bin\java.dll
0x6ffb0000 - 0x6ffc3000 	C:\Program Files\Java\jdk1.7.0\jre\bin\zip.dll
0x10000000 - 0x1001b000 	C:\Windows\System32\JMyron.dll
0x03420000 - 0x03434000 	C:\Windows\system32\myron_ezcam.dll
0x75d80000 - 0x75edc000 	C:\Windows\system32\ole32.dll
0x03440000 - 0x03453000 	C:\Windows\system32\DSVL.dll
0x62860000 - 0x629d7000 	C:\Windows\system32\QUARTZ.dll
0x75cf0000 - 0x75d7f000 	C:\Windows\system32\OLEAUT32.dll
0x762a0000 - 0x76ee9000 	C:\Windows\system32\SHELL32.dll
0x7c3a0000 - 0x7c41b000 	C:\Windows\system32\MSVCP71.dll
0x7c340000 - 0x7c396000 	C:\Windows\system32\MSVCR71.dll
0x750d0000 - 0x750dc000 	C:\Windows\system32\CRYPTBASE.dll
0x73e70000 - 0x73eb0000 	C:\Windows\system32\uxtheme.dll
0x760c0000 - 0x76143000 	C:\Windows\system32\CLBCatQ.DLL
0x73b40000 - 0x73b53000 	C:\Windows\system32\dwmapi.dll
0x70320000 - 0x70352000 	C:\Windows\system32\qcap.dll
0x70600000 - 0x70621000 	C:\Windows\system32\MSVFW32.dll
0x74640000 - 0x74649000 	C:\Windows\system32\VERSION.dll
0x701a0000 - 0x70220000 	C:\Windows\System32\qedit.dll
0x757c0000 - 0x7583b000 	C:\Windows\system32\COMDLG32.dll
0x73ce0000 - 0x73e70000 	C:\Windows\WinSxS\x86_microsoft.windows.gdiplus_6595b64144ccf1df_1.1.7600.16385_none_72fc7cbf861225ca\gdiplus.dll
0x70dd0000 - 0x70de4000 	C:\Windows\system32\devenum.dll
0x75840000 - 0x759dd000 	C:\Windows\system32\setupapi.dll
0x75450000 - 0x75477000 	C:\Windows\system32\CFGMGR32.dll
0x75250000 - 0x75262000 	C:\Windows\system32\DEVOBJ.dll
0x73ae0000 - 0x73b01000 	C:\Windows\system32\ntmarta.dll
0x76150000 - 0x76195000 	C:\Windows\system32\WLDAP32.dll
0x75300000 - 0x7532d000 	C:\Windows\system32\WINTRUST.dll
0x75330000 - 0x7544c000 	C:\Windows\system32\CRYPT32.dll
0x751f0000 - 0x751fc000 	C:\Windows\system32\MSASN1.dll
0x70dc0000 - 0x70dcb000 	C:\Windows\system32\msdmo.dll
0x703c0000 - 0x703f3000 	C:\Windows\system32\ksproxy.ax
0x72160000 - 0x72164000 	C:\Windows\system32\ksuser.dll
0x5e850000 - 0x5ea13000 	C:\Windows\system32\d3d9.dll
0x73fe0000 - 0x73fe6000 	C:\Windows\system32\d3d8thk.dll
0x73fd0000 - 0x73fd9000 	C:\Windows\system32\vidcap.ax
0x702a0000 - 0x702bd000 	C:\Windows\system32\kswdmcap.ax
0x64940000 - 0x64a5c000 	C:\Windows\system32\MFC42.dll
0x6f680000 - 0x6f70c000 	C:\Windows\system32\ODBC32.dll
0x70160000 - 0x70198000 	C:\Windows\system32\odbcint.dll
0x036b0000 - 0x036b7000 	C:\Windows\system32\VMctrl325.ax
0x6f980000 - 0x6fac2000 	C:\Program Files\Java\jdk1.7.0\jre\bin\awt.dll
0x6d480000 - 0x6dbdc000 	C:\Windows\system32\nvd3dum.dll
0x74480000 - 0x744a5000 	C:\Windows\system32\powrprof.dll
0x704a0000 - 0x704ca000 	C:\Program Files\Java\jdk1.7.0\jre\bin\fontmanager.dll
0x704d0000 - 0x704e4000 	C:\Program Files\Java\jdk1.7.0\jre\bin\net.dll
0x74bc0000 - 0x74bfc000 	C:\Windows\system32\mswsock.dll
0x74bb0000 - 0x74bb6000 	C:\Windows\System32\wship6.dll
0x73150000 - 0x7315f000 	C:\Program Files\Java\jdk1.7.0\jre\bin\nio.dll

VM Arguments:
jvm_args: -Dfile.encoding=UTF-8 
java_command: jcamlan.Main
Launcher Type: SUN_STANDARD

Environment Variables:
PATH=C:\Program Files\Common Files\Microsoft Shared\Windows Live;C:\Windows\system32;C:\Windows;C:\Windows\System32\Wbem;C:\Windows\System32\WindowsPowerShell\v1.0\;C:\Program Files\Windows Live\Shared
USERNAME=Pedro
OS=Windows_NT
PROCESSOR_IDENTIFIER=x86 Family 15 Model 127 Stepping 1, AuthenticAMD



---------------  S Y S T E M  ---------------

OS: Windows 7 Build 7600 

CPU:total 1 (1 cores per cpu, 1 threads per core) family 15 model 127 stepping 1, cmov, cx8, fxsr, mmx, sse, sse2, sse3, mmxext, 3dnowpref

Memory: 4k page, physical 981496k(126132k free), swap 2030072k(489708k free)

vm_info: Java HotSpot(TM) Client VM (21.0-b17) for windows-x86 JRE (1.7.0-b147), built on Jun 27 2011 02:25:52 by "java_re" with unknown MS VC++:1600

time: Sat Oct 01 01:54:03 2011
elapsed time: 2 seconds

