#
# A fatal error has been detected by the Java Runtime Environment:
#
#  EXCEPTION_ACCESS_VIOLATION (0xc0000005) at pc=0x5c6f6978, pid=8188, tid=5560
#
# JRE version: 7.0-b147
# Java VM: Java HotSpot(TM) Client VM (21.0-b17 mixed mode, sharing windows-x86 )
# Problematic frame:
# C  0x5c6f6978
#
# Failed to write core dump. Minidumps are not enabled by default on client versions of Windows
#
# If you would like to submit a bug report, please visit:
#   http://bugreport.sun.com/bugreport/crash.jsp
# The crash happened outside the Java Virtual Machine in native code.
# See problematic frame for where to report the bug.
#

---------------  T H R E A D  ---------------

Current thread (0x04c8a000):  JavaThread "AWT-EventQueue-0" [_thread_in_native, id=5560, stack(0x06b10000,0x06b60000)]

siginfo: ExceptionCode=0xc0000005, ExceptionInformation=0x00000008 0x5c6f6978

Registers:
EAX=0x5c6f6978, EBX=0x34544f78, ECX=0x00542c80, EDX=0x00541050
ESP=0x06b5ee18, EBP=0x06b5ee1c, ESI=0x050e2c80, EDI=0x00000000
EIP=0x5c6f6978, EFLAGS=0x00010246

Top of Stack: (sp=0x06b5ee18)
0x06b5ee18:   00331835 06b5ee80 100027d5 04c8a000
0x06b5ee28:   34544f78 06b5ee80 34544f78 34544f78
0x06b5ee38:   34544f78 06b5ee80 0239a4b7 00c8a000
0x06b5ee48:   1000121b 0239a5b7 04c8a128 06b5ee90
0x06b5ee58:   00eb1624 00eb162c 06b5ee60 34544f78
0x06b5ee68:   06b5ee90 34547a90 00000000 34544f78
0x06b5ee78:   00000000 06b5ee90 06b5eeb4 02393187
0x06b5ee88:   00000000 02398849 245fa940 06b5ee94 

Instructions: (pc=0x5c6f6978)
0x5c6f6958:   
[error occurred during error reporting (printing registers, top of stack, instructions near pc), id 0xc0000005]

Register to memory mapping:

EAX=0x5c6f6978 is an unknown value
EBX=0x34544f78 is an oop
{method} 
 - klass: {other class}
ECX=0x00542c80 is an unknown value
EDX=0x00541050 is an unknown value
ESP=0x06b5ee18 is pointing into the stack for thread: 0x04c8a000
EBP=0x06b5ee1c is pointing into the stack for thread: 0x04c8a000
ESI=0x050e2c80 is an unknown value
EDI=0x00000000 is an unknown value


Stack: [0x06b10000,0x06b60000],  sp=0x06b5ee18,  free space=315k
Native frames: (J=compiled Java code, j=interpreted, Vv=VM code, C=native code)
C  0x5c6f6978
C  [JMyron.dll+0x27d5]  Java_JMyron_JMyron_native_1stop+0xf75
j  JMyron.JMyron.update()V+1
j  jcamlan.IOcam.Cam$1.actionPerformed(Ljava/awt/event/ActionEvent;)V+7
j  javax.swing.Timer.fireActionPerformed(Ljava/awt/event/ActionEvent;)V+35
j  javax.swing.Timer$DoPostEvent.run()V+74
j  java.awt.event.InvocationEvent.dispatch()V+47
j  java.awt.EventQueue.dispatchEventImpl(Ljava/awt/AWTEvent;Ljava/lang/Object;)V+21
j  java.awt.EventQueue.access$000(Ljava/awt/EventQueue;Ljava/awt/AWTEvent;Ljava/lang/Object;)V+3
j  java.awt.EventQueue$3.run()Ljava/lang/Void;+12
j  java.awt.EventQueue$3.run()Ljava/lang/Object;+1
v  ~StubRoutines::call_stub
V  [jvm.dll+0x122c7e]
V  [jvm.dll+0x1c9c0e]
V  [jvm.dll+0x122d0d]
V  [jvm.dll+0xd3c3a]
C  [java.dll+0x102f]  Java_java_security_AccessController_doPrivileged__Ljava_security_PrivilegedAction_2Ljava_security_AccessControlContext_2+0x17
j  java.security.ProtectionDomain$1.doIntersectionPrivilege(Ljava/security/PrivilegedAction;Ljava/security/AccessControlContext;Ljava/security/AccessControlContext;)Ljava/lang/Object;+28
j  java.awt.EventQueue.dispatchEvent(Ljava/awt/AWTEvent;)V+46
j  java.awt.EventDispatchThread.pumpOneEventForFilters(I)Z+245
j  java.awt.EventDispatchThread.pumpEventsForFilter(ILjava/awt/Conditional;Ljava/awt/EventFilter;)V+35
j  java.awt.EventDispatchThread.pumpEventsForHierarchy(ILjava/awt/Conditional;Ljava/awt/Component;)V+11
j  java.awt.EventDispatchThread.pumpEvents(ILjava/awt/Conditional;)V+4
j  java.awt.EventDispatchThread.pumpEvents(Ljava/awt/Conditional;)V+3
j  java.awt.EventDispatchThread.run()V+9
v  ~StubRoutines::call_stub
V  [jvm.dll+0x122c7e]
V  [jvm.dll+0x1c9c0e]
V  [jvm.dll+0x122e73]
V  [jvm.dll+0x122ed7]
V  [jvm.dll+0xccd1f]
V  [jvm.dll+0x14433f]
V  [jvm.dll+0x171549]
C  [msvcr100.dll+0x5c6de]  endthreadex+0x3a
C  [msvcr100.dll+0x5c788]  endthreadex+0xe4
C  [kernel32.dll+0x1339a]  BaseThreadInitThunk+0x12
C  [ntdll.dll+0x39ed2]  RtlInitializeExceptionChain+0x63
C  [ntdll.dll+0x39ea5]  RtlInitializeExceptionChain+0x36

Java frames: (J=compiled Java code, j=interpreted, Vv=VM code)
j  JMyron.JMyron.native_update()V+0
j  JMyron.JMyron.update()V+1
j  jcamlan.IOcam.Cam$1.actionPerformed(Ljava/awt/event/ActionEvent;)V+7
j  javax.swing.Timer.fireActionPerformed(Ljava/awt/event/ActionEvent;)V+35
j  javax.swing.Timer$DoPostEvent.run()V+74
j  java.awt.event.InvocationEvent.dispatch()V+47
j  java.awt.EventQueue.dispatchEventImpl(Ljava/awt/AWTEvent;Ljava/lang/Object;)V+21
j  java.awt.EventQueue.access$000(Ljava/awt/EventQueue;Ljava/awt/AWTEvent;Ljava/lang/Object;)V+3
j  java.awt.EventQueue$3.run()Ljava/lang/Void;+12
j  java.awt.EventQueue$3.run()Ljava/lang/Object;+1
v  ~StubRoutines::call_stub
j  java.security.AccessController.doPrivileged(Ljava/security/PrivilegedAction;Ljava/security/AccessControlContext;)Ljava/lang/Object;+0
j  java.security.ProtectionDomain$1.doIntersectionPrivilege(Ljava/security/PrivilegedAction;Ljava/security/AccessControlContext;Ljava/security/AccessControlContext;)Ljava/lang/Object;+28
j  java.awt.EventQueue.dispatchEvent(Ljava/awt/AWTEvent;)V+46
j  java.awt.EventDispatchThread.pumpOneEventForFilters(I)Z+245
j  java.awt.EventDispatchThread.pumpEventsForFilter(ILjava/awt/Conditional;Ljava/awt/EventFilter;)V+35
j  java.awt.EventDispatchThread.pumpEventsForHierarchy(ILjava/awt/Conditional;Ljava/awt/Component;)V+11
j  java.awt.EventDispatchThread.pumpEvents(ILjava/awt/Conditional;)V+4
j  java.awt.EventDispatchThread.pumpEvents(Ljava/awt/Conditional;)V+3
j  java.awt.EventDispatchThread.run()V+9
v  ~StubRoutines::call_stub

---------------  P R O C E S S  ---------------

Java Threads: ( => current thread )
=>0x04c8a000 JavaThread "AWT-EventQueue-0" [_thread_in_native, id=5560, stack(0x06b10000,0x06b60000)]
  0x04c89800 JavaThread "AWT-Windows" daemon [_thread_in_native, id=2920, stack(0x07650000,0x076a0000)]
  0x04c83000 JavaThread "AWT-Shutdown" [_thread_blocked, id=7892, stack(0x04b50000,0x04ba0000)]
  0x04c82800 JavaThread "Java2D Disposer" daemon [_thread_blocked, id=2072, stack(0x04a40000,0x04a90000)]
  0x04c05800 JavaThread "TimerQueue" daemon [_thread_blocked, id=7496, stack(0x046f0000,0x04740000)]
  0x00ead400 JavaThread "Service Thread" daemon [_thread_blocked, id=2620, stack(0x04af0000,0x04b40000)]
  0x00ea8400 JavaThread "C1 CompilerThread0" daemon [_thread_blocked, id=7744, stack(0x04800000,0x04850000)]
  0x00ea7000 JavaThread "Attach Listener" daemon [_thread_blocked, id=3732, stack(0x04780000,0x047d0000)]
  0x00ea4000 JavaThread "Signal Dispatcher" daemon [_thread_blocked, id=5876, stack(0x04550000,0x045a0000)]
  0x00e9c000 JavaThread "Finalizer" daemon [_thread_blocked, id=4284, stack(0x04850000,0x048a0000)]
  0x00e97400 JavaThread "Reference Handler" daemon [_thread_blocked, id=7284, stack(0x044f0000,0x04540000)]
  0x004f9800 JavaThread "main" [_thread_in_native, id=3120, stack(0x00290000,0x002e0000)]

Other Threads:
  0x00e94800 VMThread [stack: 0x045e0000,0x04630000] [id=7428]
  0x00ebf400 WatcherThread [stack: 0x04bb0000,0x04c00000] [id=8052]

VM state:not at safepoint (normal execution)

VM Mutex/Monitor currently owned by a thread: None

Heap
 def new generation   total 4928K, used 2544K [0x24510000, 0x24a60000, 0x29a60000)
  eden space 4416K,  57% used [0x24510000, 0x2478c218, 0x24960000)
  from space 512K,   0% used [0x24960000, 0x24960000, 0x249e0000)
  to   space 512K,   0% used [0x249e0000, 0x249e0000, 0x24a60000)
 tenured generation   total 10944K, used 0K [0x29a60000, 0x2a510000, 0x34510000)
   the space 10944K,   0% used [0x29a60000, 0x29a60000, 0x29a60200, 0x2a510000)
 compacting perm gen  total 12288K, used 829K [0x34510000, 0x35110000, 0x38510000)
   the space 12288K,   6% used [0x34510000, 0x345df610, 0x345df800, 0x35110000)
    ro space 10240K,  45% used [0x38510000, 0x38991888, 0x38991a00, 0x38f10000)
    rw space 12288K,  54% used [0x38f10000, 0x395904f8, 0x39590600, 0x39b10000)

Code Cache  [0x02390000, 0x02420000, 0x04390000)
 total_blobs=246 nmethods=50 adapters=129 free_code_cache=32219Kb largest_free_block=32992768

Dynamic libraries:
0x00f60000 - 0x00f8e000 	C:\Program Files (x86)\Java\jdk1.7.0\bin\java.exe
0x777b0000 - 0x77930000 	C:\Windows\SysWOW64\ntdll.dll
0x769e0000 - 0x76af0000 	C:\Windows\syswow64\kernel32.dll
0x761a0000 - 0x761e6000 	C:\Windows\syswow64\KERNELBASE.dll
0x765a0000 - 0x76640000 	C:\Windows\syswow64\ADVAPI32.dll
0x76640000 - 0x766ec000 	C:\Windows\syswow64\msvcrt.dll
0x76940000 - 0x76959000 	C:\Windows\SysWOW64\sechost.dll
0x764b0000 - 0x765a0000 	C:\Windows\syswow64\RPCRT4.dll
0x74ea0000 - 0x74f00000 	C:\Windows\syswow64\SspiCli.dll
0x74e90000 - 0x74e9c000 	C:\Windows\syswow64\CRYPTBASE.dll
0x76040000 - 0x76140000 	C:\Windows\syswow64\USER32.dll
0x76e30000 - 0x76ec0000 	C:\Windows\syswow64\GDI32.dll
0x77780000 - 0x7778a000 	C:\Windows\syswow64\LPK.dll
0x74f00000 - 0x74f9d000 	C:\Windows\syswow64\USP10.dll
0x72fb0000 - 0x7314e000 	C:\Windows\WinSxS\x86_microsoft.windows.common-controls_6595b64144ccf1df_6.0.7601.17514_none_41e6975e2bd6f2b2\COMCTL32.dll
0x76140000 - 0x76197000 	C:\Windows\syswow64\SHLWAPI.dll
0x76bd0000 - 0x76c30000 	C:\Windows\system32\IMM32.DLL
0x76230000 - 0x762fc000 	C:\Windows\syswow64\MSCTF.dll
0x74640000 - 0x746fe000 	C:\Program Files (x86)\Java\jdk1.7.0\jre\bin\msvcr100.dll
0x74700000 - 0x74a21000 	C:\Program Files (x86)\Java\jdk1.7.0\jre\bin\client\jvm.dll
0x72200000 - 0x72207000 	C:\Windows\system32\WSOCK32.dll
0x761f0000 - 0x76225000 	C:\Windows\syswow64\WS2_32.dll
0x767b0000 - 0x767b6000 	C:\Windows\syswow64\NSI.dll
0x70af0000 - 0x70b22000 	C:\Windows\system32\WINMM.dll
0x74fa0000 - 0x74fa5000 	C:\Windows\syswow64\PSAPI.DLL
0x74630000 - 0x7463c000 	C:\Program Files (x86)\Java\jdk1.7.0\jre\bin\verify.dll
0x74610000 - 0x74630000 	C:\Program Files (x86)\Java\jdk1.7.0\jre\bin\java.dll
0x745a0000 - 0x745b3000 	C:\Program Files (x86)\Java\jdk1.7.0\jre\bin\zip.dll
0x74430000 - 0x74572000 	C:\Program Files (x86)\Java\jdk1.7.0\jre\bin\awt.dll
0x76b40000 - 0x76bcf000 	C:\Windows\syswow64\OLEAUT32.dll
0x767e0000 - 0x7693c000 	C:\Windows\syswow64\ole32.dll
0x10000000 - 0x1001b000 	C:\Program Files (x86)\Java\jdk1.7.0\bin\JMyron.dll
0x00330000 - 0x00344000 	C:\Program Files (x86)\Java\jdk1.7.0\bin\myron_ezcam.dll
0x004d0000 - 0x004e3000 	C:\Program Files (x86)\Java\jdk1.7.0\bin\DSVL.dll
0x66720000 - 0x66897000 	C:\Windows\system32\QUARTZ.dll
0x752a0000 - 0x75eea000 	C:\Windows\syswow64\SHELL32.dll
0x7c3a0000 - 0x7c41b000 	C:\Windows\system32\MSVCP71.dll
0x7c340000 - 0x7c396000 	C:\Windows\system32\MSVCR71.dll
0x70d50000 - 0x70dd0000 	C:\Windows\system32\uxtheme.dll
0x76420000 - 0x764a3000 	C:\Windows\syswow64\CLBCatQ.DLL
0x6fa80000 - 0x6fa93000 	C:\Windows\system32\dwmapi.dll
0x68280000 - 0x682b2000 	C:\Windows\SysWOW64\qcap.dll
0x680d0000 - 0x680f1000 	C:\Windows\SysWOW64\MSVFW32.dll
0x72cc0000 - 0x72cc9000 	C:\Windows\SysWOW64\VERSION.dll
0x68050000 - 0x680d0000 	C:\Windows\SysWOW64\qedit.dll
0x76960000 - 0x769db000 	C:\Windows\syswow64\COMDLG32.dll
0x712c0000 - 0x71450000 	C:\Windows\WinSxS\x86_microsoft.windows.gdiplus_6595b64144ccf1df_1.1.7601.17514_none_72d18a4386696c80\gdiplus.dll
0x73710000 - 0x73724000 	C:\Windows\SysWOW64\devenum.dll
0x76c90000 - 0x76e2d000 	C:\Windows\syswow64\setupapi.dll
0x76ec0000 - 0x76ee7000 	C:\Windows\syswow64\CFGMGR32.dll
0x767c0000 - 0x767d2000 	C:\Windows\syswow64\DEVOBJ.dll
0x727f0000 - 0x72811000 	C:\Windows\system32\ntmarta.dll
0x76af0000 - 0x76b35000 	C:\Windows\syswow64\WLDAP32.dll
0x766f0000 - 0x7671d000 	C:\Windows\syswow64\WINTRUST.dll
0x76300000 - 0x7641d000 	C:\Windows\syswow64\CRYPT32.dll
0x750d0000 - 0x750dc000 	C:\Windows\syswow64\MSASN1.dll
0x74280000 - 0x7428b000 	C:\Windows\system32\msdmo.dll
0x73f00000 - 0x73f33000 	C:\Windows\SysWOW64\ksproxy.ax
0x74270000 - 0x74274000 	C:\Windows\SysWOW64\ksuser.dll
0x6cca0000 - 0x6ce63000 	C:\Windows\SysWOW64\d3d9.dll
0x70530000 - 0x70536000 	C:\Windows\SysWOW64\d3d8thk.dll
0x74260000 - 0x74269000 	C:\Windows\SysWOW64\vidcap.ax
0x73e50000 - 0x73e6d000 	C:\Windows\SysWOW64\kswdmcap.ax
0x701d0000 - 0x702ec000 	C:\Windows\SysWOW64\MFC42.dll
0x73dc0000 - 0x73e4c000 	C:\Windows\SysWOW64\ODBC32.dll
0x73d80000 - 0x73db8000 	C:\Windows\SysWOW64\odbcint.dll
0x70f40000 - 0x70f49000 	C:\Windows\system32\msyuv.dll
0x74400000 - 0x7442a000 	C:\Program Files (x86)\Java\jdk1.7.0\jre\bin\fontmanager.dll
0x745c0000 - 0x745d4000 	C:\Program Files (x86)\Java\jdk1.7.0\jre\bin\net.dll
0x71010000 - 0x7104c000 	C:\Windows\system32\mswsock.dll
0x71000000 - 0x71006000 	C:\Windows\System32\wship6.dll

VM Arguments:
jvm_args: -Dfile.encoding=UTF-8 
java_command: jcamlan.Main
Launcher Type: SUN_STANDARD

Environment Variables:
PATH=C:\Program Files\Common Files\Microsoft Shared\Windows Live;C:\Program Files (x86)\Common Files\Microsoft Shared\Windows Live;C:\Windows\system32;C:\Windows;C:\Windows\System32\Wbem;C:\Windows\System32\WindowsPowerShell\v1.0\;C:\Program Files (x86)\Windows Live\Shared;C:\Program Files (x86)\Common Files\Roxio Shared\DLLShared\;C:\Program Files (x86)\Common Files\Roxio Shared\OEM\DLLShared\;C:\Program Files (x86)\Common Files\Roxio Shared\OEM\DLLShared\;C:\Program Files (x86)\Common Files\Roxio Shared\OEM\12.0\DLLShared\;C:\Program Files (x86)\Roxio\OEM\AudioCore\
USERNAME=Pedro
OS=Windows_NT
PROCESSOR_IDENTIFIER=Intel64 Family 6 Model 42 Stepping 7, GenuineIntel



---------------  S Y S T E M  ---------------

OS: Windows 7 , 64 bit Build 7601 Service Pack 1

CPU:total 4 (2 cores per cpu, 2 threads per core) family 6 model 42 stepping 7, cmov, cx8, fxsr, mmx, sse, sse2, sse3, ssse3, sse4.1, sse4.2, popcnt, ht

Memory: 4k page, physical 4100376k(2018620k free), swap 8198904k(5489372k free)

vm_info: Java HotSpot(TM) Client VM (21.0-b17) for windows-x86 JRE (1.7.0-b147), built on Jun 27 2011 02:25:52 by "java_re" with unknown MS VC++:1600

time: Tue Nov 15 21:49:40 2011
elapsed time: 0 seconds

