#
# A fatal error has been detected by the Java Runtime Environment:
#
#  EXCEPTION_ACCESS_VIOLATION (0xc0000005) at pc=0x575c3a43, pid=3528, tid=1912
#
# JRE version: 7.0-b147
# Java VM: Java HotSpot(TM) Client VM (21.0-b17 mixed mode, sharing windows-x86 )
# Problematic frame:
# C  0x575c3a43
#
# Failed to write core dump. Minidumps are not enabled by default on client versions of Windows
#
# If you would like to submit a bug report, please visit:
#   http://bugreport.sun.com/bugreport/crash.jsp
# The crash happened outside the Java Virtual Machine in native code.
# See problematic frame for where to report the bug.
#

---------------  T H R E A D  ---------------

Current thread (0x04b15000):  JavaThread "AWT-EventQueue-0" [_thread_in_native, id=1912, stack(0x04ed0000,0x04f20000)]

siginfo: ExceptionCode=0xc0000005, ExceptionInformation=0x00000008 0x575c3a43

Registers:
EAX=0x575c3a43, EBX=0x32a91bf0, ECX=0x03b80a78, EDX=0x03b80d10
ESP=0x04f1f368, EBP=0x04f1f36c, ESI=0x03b10a78, EDI=0x00000000
EIP=0x575c3a43, EFLAGS=0x00010246

Top of Stack: (sp=0x04f1f368)
0x04f1f368:   03421835 04f1f3d0 100027d5 04b15000
0x04f1f378:   32a91bf0 04f1f3d0 32a91bf0 32a91bf0
0x04f1f388:   32a91bf0 04f1f3d0 012ba4a7 00b15000
0x04f1f398:   1000121b 012ba5a7 04b15128 04f1f3e0
0x04f1f3a8:   01271ef4 01271efc 04f1f3b0 32a91bf0
0x04f1f3b8:   04f1f3e0 32a94708 00000000 32a91bf0
0x04f1f3c8:   00000000 04f1f3e0 04f1f404 012b3187
0x04f1f3d8:   00000000 012b8839 23b03bf0 04f1f3e4 

Instructions: (pc=0x575c3a43)
0x575c3a23:   
[error occurred during error reporting (printing registers, top of stack, instructions near pc), id 0xc0000005]

Register to memory mapping:

EAX=0x575c3a43 is an unknown value
EBX=0x32a91bf0 is an oop
{method} 
 - klass: {other class}
ECX=0x03b80a78 is an unknown value
EDX=0x03b80d10 is an unknown value
ESP=0x04f1f368 is pointing into the stack for thread: 0x04b15000
EBP=0x04f1f36c is pointing into the stack for thread: 0x04b15000
ESI=0x03b10a78 is an unknown value
EDI=0x00000000 is an unknown value


Stack: [0x04ed0000,0x04f20000],  sp=0x04f1f368,  free space=316k
Native frames: (J=compiled Java code, j=interpreted, Vv=VM code, C=native code)
C  0x575c3a43
C  [JMyron.dll+0x27d5]  Java_JMyron_JMyron_native_1stop+0xf75
j  JMyron.JMyron.update()V+1
j  jcamlan.Cam$1.actionPerformed(Ljava/awt/event/ActionEvent;)V+7
j  javax.swing.Timer.fireActionPerformed(Ljava/awt/event/ActionEvent;)V+35
j  javax.swing.Timer$DoPostEvent.run()V+74
j  java.awt.event.InvocationEvent.dispatch()V+47
j  java.awt.EventQueue.dispatchEventImpl(Ljava/awt/AWTEvent;Ljava/lang/Object;)V+21
j  java.awt.EventQueue.access$000(Ljava/awt/EventQueue;Ljava/awt/AWTEvent;Ljava/lang/Object;)V+3
j  java.awt.EventQueue$3.run()Ljava/lang/Void;+12
j  java.awt.EventQueue$3.run()Ljava/lang/Object;+1
v  ~StubRoutines::call_stub
V  [jvm.dll+0x122c7e]
V  [jvm.dll+0x1c9c0e]
V  [jvm.dll+0x122d0d]
V  [jvm.dll+0xd3c3a]
C  [java.dll+0x102f]  Java_java_security_AccessController_doPrivileged__Ljava_security_PrivilegedAction_2Ljava_security_AccessControlContext_2+0x17
j  java.security.ProtectionDomain$1.doIntersectionPrivilege(Ljava/security/PrivilegedAction;Ljava/security/AccessControlContext;Ljava/security/AccessControlContext;)Ljava/lang/Object;+28
j  java.awt.EventQueue.dispatchEvent(Ljava/awt/AWTEvent;)V+46
j  java.awt.EventDispatchThread.pumpOneEventForFilters(I)Z+245
j  java.awt.EventDispatchThread.pumpEventsForFilter(ILjava/awt/Conditional;Ljava/awt/EventFilter;)V+35
j  java.awt.EventDispatchThread.pumpEventsForHierarchy(ILjava/awt/Conditional;Ljava/awt/Component;)V+11
j  java.awt.EventDispatchThread.pumpEvents(ILjava/awt/Conditional;)V+4
j  java.awt.EventDispatchThread.pumpEvents(Ljava/awt/Conditional;)V+3
j  java.awt.EventDispatchThread.run()V+9
v  ~StubRoutines::call_stub
V  [jvm.dll+0x122c7e]
V  [jvm.dll+0x1c9c0e]
V  [jvm.dll+0x122e73]
V  [jvm.dll+0x122ed7]
V  [jvm.dll+0xccd1f]
V  [jvm.dll+0x14433f]
V  [jvm.dll+0x171549]
C  [msvcr100.dll+0x5c6de]  endthreadex+0x3a
C  [msvcr100.dll+0x5c788]  endthreadex+0xe4
C  [kernel32.dll+0x51114]  BaseThreadInitThunk+0x12
C  [ntdll.dll+0x5b429]  RtlInitializeExceptionChain+0x63
C  [ntdll.dll+0x5b3fc]  RtlInitializeExceptionChain+0x36

Java frames: (J=compiled Java code, j=interpreted, Vv=VM code)
j  JMyron.JMyron.native_update()V+0
j  JMyron.JMyron.update()V+1
j  jcamlan.Cam$1.actionPerformed(Ljava/awt/event/ActionEvent;)V+7
j  javax.swing.Timer.fireActionPerformed(Ljava/awt/event/ActionEvent;)V+35
j  javax.swing.Timer$DoPostEvent.run()V+74
j  java.awt.event.InvocationEvent.dispatch()V+47
j  java.awt.EventQueue.dispatchEventImpl(Ljava/awt/AWTEvent;Ljava/lang/Object;)V+21
j  java.awt.EventQueue.access$000(Ljava/awt/EventQueue;Ljava/awt/AWTEvent;Ljava/lang/Object;)V+3
j  java.awt.EventQueue$3.run()Ljava/lang/Void;+12
j  java.awt.EventQueue$3.run()Ljava/lang/Object;+1
v  ~StubRoutines::call_stub
j  java.security.AccessController.doPrivileged(Ljava/security/PrivilegedAction;Ljava/security/AccessControlContext;)Ljava/lang/Object;+0
j  java.security.ProtectionDomain$1.doIntersectionPrivilege(Ljava/security/PrivilegedAction;Ljava/security/AccessControlContext;Ljava/security/AccessControlContext;)Ljava/lang/Object;+28
j  java.awt.EventQueue.dispatchEvent(Ljava/awt/AWTEvent;)V+46
j  java.awt.EventDispatchThread.pumpOneEventForFilters(I)Z+245
j  java.awt.EventDispatchThread.pumpEventsForFilter(ILjava/awt/Conditional;Ljava/awt/EventFilter;)V+35
j  java.awt.EventDispatchThread.pumpEventsForHierarchy(ILjava/awt/Conditional;Ljava/awt/Component;)V+11
j  java.awt.EventDispatchThread.pumpEvents(ILjava/awt/Conditional;)V+4
j  java.awt.EventDispatchThread.pumpEvents(Ljava/awt/Conditional;)V+3
j  java.awt.EventDispatchThread.run()V+9
v  ~StubRoutines::call_stub

---------------  P R O C E S S  ---------------

Java Threads: ( => current thread )
=>0x04b15000 JavaThread "AWT-EventQueue-0" [_thread_in_native, id=1912, stack(0x04ed0000,0x04f20000)]
  0x04b14000 JavaThread "AWT-Windows" daemon [_thread_in_native, id=3776, stack(0x04ca0000,0x04cf0000)]
  0x04b0e800 JavaThread "AWT-Shutdown" [_thread_blocked, id=612, stack(0x04d70000,0x04dc0000)]
  0x04b0e000 JavaThread "Java2D Disposer" daemon [_thread_blocked, id=2168, stack(0x04cf0000,0x04d40000)]
  0x012a3000 JavaThread "TimerQueue" daemon [_thread_blocked, id=2580, stack(0x04a50000,0x04aa0000)]
  0x0126d400 JavaThread "Service Thread" daemon [_thread_blocked, id=3292, stack(0x03760000,0x037b0000)]
  0x0125fc00 JavaThread "C1 CompilerThread0" daemon [_thread_blocked, id=1108, stack(0x03680000,0x036d0000)]
  0x0125e800 JavaThread "Attach Listener" daemon [_thread_blocked, id=2564, stack(0x037b0000,0x03800000)]
  0x0125d800 JavaThread "Signal Dispatcher" daemon [_thread_blocked, id=3524, stack(0x036e0000,0x03730000)]
  0x01250000 JavaThread "Finalizer" daemon [_thread_blocked, id=3692, stack(0x034b0000,0x03500000)]
  0x0124e800 JavaThread "Reference Handler" daemon [_thread_blocked, id=4052, stack(0x03440000,0x03490000)]
  0x0029f400 JavaThread "main" [_thread_in_vm, id=3252, stack(0x01160000,0x011b0000)]

Other Threads:
  0x0124c800 VMThread [stack: 0x03580000,0x035d0000] [id=992]
  0x0126ec00 WatcherThread [stack: 0x038c0000,0x03910000] [id=2544]

VM state:not at safepoint (normal execution)

VM Mutex/Monitor currently owned by a thread: None

Heap
 def new generation   total 4608K, used 1879K [0x23a70000, 0x23f70000, 0x28a70000)
  eden space 4096K,  45% used [0x23a70000, 0x23c45df8, 0x23e70000)
  from space 512K,   0% used [0x23e70000, 0x23e70000, 0x23ef0000)
  to   space 512K,   0% used [0x23ef0000, 0x23ef0000, 0x23f70000)
 tenured generation   total 10240K, used 0K [0x28a70000, 0x29470000, 0x32a70000)
   the space 10240K,   0% used [0x28a70000, 0x28a70000, 0x28a70200, 0x29470000)
 compacting perm gen  total 12288K, used 710K [0x32a70000, 0x33670000, 0x36a70000)
   the space 12288K,   5% used [0x32a70000, 0x32b21ac0, 0x32b21c00, 0x33670000)
    ro space 10240K,  45% used [0x36a70000, 0x36ef1888, 0x36ef1a00, 0x37470000)
    rw space 12288K,  54% used [0x37470000, 0x37af04f8, 0x37af0600, 0x38070000)

Code Cache  [0x012b0000, 0x01338000, 0x032b0000)
 total_blobs=235 nmethods=44 adapters=124 free_code_cache=32230Kb largest_free_block=33004416

Dynamic libraries:
0x002a0000 - 0x002ce000 	C:\Program Files\Java\jdk1.7.0\bin\java.exe
0x77020000 - 0x7715d000 	C:\Windows\SYSTEM32\ntdll.dll
0x76d40000 - 0x76e14000 	C:\Windows\system32\kernel32.dll
0x752a0000 - 0x752ea000 	C:\Windows\system32\KERNELBASE.dll
0x75b60000 - 0x75c00000 	C:\Windows\system32\ADVAPI32.dll
0x75510000 - 0x755bc000 	C:\Windows\system32\msvcrt.dll
0x758c0000 - 0x758d9000 	C:\Windows\SYSTEM32\sechost.dll
0x76af0000 - 0x76b91000 	C:\Windows\system32\RPCRT4.dll
0x755c0000 - 0x75689000 	C:\Windows\system32\USER32.dll
0x75c60000 - 0x75cae000 	C:\Windows\system32\GDI32.dll
0x77190000 - 0x7719a000 	C:\Windows\system32\LPK.dll
0x75470000 - 0x7550d000 	C:\Windows\system32\USP10.dll
0x740c0000 - 0x7425e000 	C:\Windows\WinSxS\x86_microsoft.windows.common-controls_6595b64144ccf1df_6.0.7600.16661_none_420fe3fa2b8113bd\COMCTL32.dll
0x771b0000 - 0x77207000 	C:\Windows\system32\SHLWAPI.dll
0x77170000 - 0x7718f000 	C:\Windows\system32\IMM32.DLL
0x757f0000 - 0x758bc000 	C:\Windows\system32\MSCTF.dll
0x6b8d0000 - 0x6b98e000 	C:\Program Files\Java\jdk1.7.0\jre\bin\msvcr100.dll
0x688a0000 - 0x68bc1000 	C:\Program Files\Java\jdk1.7.0\jre\bin\client\jvm.dll
0x6fa80000 - 0x6fa87000 	C:\Windows\system32\WSOCK32.dll
0x75a20000 - 0x75a55000 	C:\Windows\system32\WS2_32.dll
0x77240000 - 0x77246000 	C:\Windows\system32\NSI.dll
0x6fa40000 - 0x6fa72000 	C:\Windows\system32\WINMM.dll
0x771a0000 - 0x771a5000 	C:\Windows\system32\PSAPI.DLL
0x73400000 - 0x7340c000 	C:\Program Files\Java\jdk1.7.0\jre\bin\verify.dll
0x733e0000 - 0x73400000 	C:\Program Files\Java\jdk1.7.0\jre\bin\java.dll
0x71e90000 - 0x71ea3000 	C:\Program Files\Java\jdk1.7.0\jre\bin\zip.dll
0x10000000 - 0x1001b000 	C:\Windows\System32\JMyron.dll
0x03420000 - 0x03434000 	C:\Windows\system32\myron_ezcam.dll
0x76900000 - 0x76a5c000 	C:\Windows\system32\ole32.dll
0x03490000 - 0x034a3000 	C:\Windows\system32\DSVL.dll
0x675b0000 - 0x67727000 	C:\Windows\system32\QUARTZ.dll
0x76a60000 - 0x76aef000 	C:\Windows\system32\OLEAUT32.dll
0x75cb0000 - 0x768f9000 	C:\Windows\system32\SHELL32.dll
0x7c3a0000 - 0x7c41b000 	C:\Windows\system32\MSVCP71.dll
0x7c340000 - 0x7c396000 	C:\Windows\system32\MSVCR71.dll
0x750f0000 - 0x750fc000 	C:\Windows\system32\CRYPTBASE.dll
0x73f40000 - 0x73f80000 	C:\Windows\system32\uxtheme.dll
0x75760000 - 0x757e3000 	C:\Windows\system32\CLBCatQ.DLL
0x73c10000 - 0x73c23000 	C:\Windows\system32\dwmapi.dll
0x6d440000 - 0x6d472000 	C:\Windows\system32\qcap.dll
0x6d3b0000 - 0x6d3d1000 	C:\Windows\system32\MSVFW32.dll
0x74630000 - 0x74639000 	C:\Windows\system32\VERSION.dll
0x66ef0000 - 0x66f70000 	C:\Windows\System32\qedit.dll
0x756e0000 - 0x7575b000 	C:\Windows\system32\COMDLG32.dll
0x73db0000 - 0x73f40000 	C:\Windows\WinSxS\x86_microsoft.windows.gdiplus_6595b64144ccf1df_1.1.7600.16385_none_72fc7cbf861225ca\gdiplus.dll
0x728b0000 - 0x728c4000 	C:\Windows\system32\devenum.dll
0x76ba0000 - 0x76d3d000 	C:\Windows\system32\setupapi.dll
0x75440000 - 0x75467000 	C:\Windows\system32\CFGMGR32.dll
0x75280000 - 0x75292000 	C:\Windows\system32\DEVOBJ.dll
0x73600000 - 0x73621000 	C:\Windows\system32\ntmarta.dll
0x75690000 - 0x756d5000 	C:\Windows\system32\WLDAP32.dll
0x75410000 - 0x7543d000 	C:\Windows\system32\WINTRUST.dll
0x752f0000 - 0x7540c000 	C:\Windows\system32\CRYPT32.dll
0x751e0000 - 0x751ec000 	C:\Windows\system32\MSASN1.dll
0x728a0000 - 0x728ab000 	C:\Windows\system32\msdmo.dll
0x6b080000 - 0x6b0b3000 	C:\Windows\system32\ksproxy.ax
0x6e390000 - 0x6e394000 	C:\Windows\system32\ksuser.dll
0x66410000 - 0x665d3000 	C:\Windows\system32\d3d9.dll
0x71e80000 - 0x71e86000 	C:\Windows\system32\d3d8thk.dll
0x71e30000 - 0x71e39000 	C:\Windows\system32\vidcap.ax
0x6b7b0000 - 0x6b7cd000 	C:\Windows\system32\kswdmcap.ax
0x65380000 - 0x6549c000 	C:\Windows\system32\MFC42.dll
0x67030000 - 0x670bc000 	C:\Windows\system32\ODBC32.dll
0x67570000 - 0x675a8000 	C:\Windows\system32\odbcint.dll
0x03740000 - 0x03747000 	C:\Windows\system32\VMctrl325.ax
0x68750000 - 0x68892000 	C:\Program Files\Java\jdk1.7.0\jre\bin\awt.dll
0x70b70000 - 0x712cc000 	C:\Windows\system32\nvd3dum.dll
0x73660000 - 0x73685000 	C:\Windows\system32\powrprof.dll
0x6d5a0000 - 0x6d5ca000 	C:\Program Files\Java\jdk1.7.0\jre\bin\fontmanager.dll

VM Arguments:
jvm_args: -Dfile.encoding=UTF-8 
java_command: jcamlan.Main
Launcher Type: SUN_STANDARD

Environment Variables:
PATH=C:\Program Files\Common Files\Microsoft Shared\Windows Live;C:\Windows\system32;C:\Windows;C:\Windows\System32\Wbem;C:\Windows\System32\WindowsPowerShell\v1.0\;C:\Program Files\Windows Live\Shared
USERNAME=Pedro
OS=Windows_NT
PROCESSOR_IDENTIFIER=x86 Family 15 Model 127 Stepping 1, AuthenticAMD



---------------  S Y S T E M  ---------------

OS: Windows 7 Build 7600 

CPU:total 1 (1 cores per cpu, 1 threads per core) family 15 model 127 stepping 1, cmov, cx8, fxsr, mmx, sse, sse2, sse3, mmxext, 3dnowpref

Memory: 4k page, physical 981496k(47920k free), swap 2030072k(285424k free)

vm_info: Java HotSpot(TM) Client VM (21.0-b17) for windows-x86 JRE (1.7.0-b147), built on Jun 27 2011 02:25:52 by "java_re" with unknown MS VC++:1600

time: Fri Oct 07 22:11:47 2011
elapsed time: 0 seconds

