#
# A fatal error has been detected by the Java Runtime Environment:
#
#  EXCEPTION_ACCESS_VIOLATION (0xc0000005) at pc=0x6d9a4ebd, pid=3108, tid=3980
#
# JRE version: 6.0_24-b07
# Java VM: Java HotSpot(TM) Client VM (19.1-b02 mixed mode, sharing windows-x86 )
# Problematic frame:
# V  [jvm.dll+0x104ebd]
#
# If you would like to submit a bug report, please visit:
#   http://java.sun.com/webapps/bugreport/crash.jsp
#

---------------  T H R E A D  ---------------

Current thread (0x00b8e400):  JavaThread "AWT-EventQueue-0" [_thread_in_vm, id=3980, stack(0x05f70000,0x05fc0000)]

siginfo: ExceptionCode=0xc0000005, reading address 0x00000000

Registers:
EAX=0x00000000, EBX=0x00000000, ECX=0x00000000, EDX=0x6daff290
ESP=0x05fbf618, EBP=0x05fbf624, ESI=0x00012c00, EDI=0x00b8e518
EIP=0x6d9a4ebd, EFLAGS=0x00010246

Register to memory mapping:

EAX=0x00000000
0x00000000 is pointing to unknown location

EBX=0x00000000
0x00000000 is pointing to unknown location

ECX=0x00000000
0x00000000 is pointing to unknown location

EDX=0x6daff290
0x6daff290 is pointing to unknown location

ESP=0x05fbf618
0x05fbf618 is pointing into the stack for thread: 0x00b8e400
"AWT-EventQueue-0" prio=6 tid=0x00b8e400 nid=0xf8c runnable [0x05fbf000]
   java.lang.Thread.State: RUNNABLE

EBP=0x05fbf624
0x05fbf624 is pointing into the stack for thread: 0x00b8e400
"AWT-EventQueue-0" prio=6 tid=0x00b8e400 nid=0xf8c runnable [0x05fbf000]
   java.lang.Thread.State: RUNNABLE

ESI=0x00012c00
0x00012c00 is pointing to unknown location

EDI=0x00b8e518
0x00b8e518 is pointing to unknown location


Top of Stack: (sp=0x05fbf618)
0x05fbf618:   00b8e400 00000006 00012c00 05fbf68c
0x05fbf628:   10001046 00b8e400 00000000 00000000
0x05fbf638:   00b8e400 3349a970 05fbf68c 3349a970
0x05fbf648:   00000000 100012d8 00b8e518 04a62c50
0x05fbf658:   00000000 02309fb7 00b8e518 05fbf69c
0x05fbf668:   05fbf6a0 05fbf66c 3349a970 05fbf69c
0x05fbf678:   3349d020 00000000 3349a970 00000000
0x05fbf688:   05fbf69c 05fbf6c0 02302f87 00000000 

Instructions: (pc=0x6d9a4ebd)
0x6d9a4ead:   08 8b 45 08 56 6a 06 50 e8 56 c2 ef ff 8b 4d 0c
0x6d9a4ebd:   8b 31 8b 46 08 83 c4 08 85 c0 75 3d a1 bc cd b0 


Stack: [0x05f70000,0x05fc0000],  sp=0x05fbf618,  free space=317k
Native frames: (J=compiled Java code, j=interpreted, Vv=VM code, C=native code)
V  [jvm.dll+0x104ebd]
C  [JMyron.dll+0x1046]
j  JMyron.JMyron.image()[I+1
j  jcamlan.Cam$1.actionPerformed(Ljava/awt/event/ActionEvent;)V+21
J  javax.swing.Timer.fireActionPerformed(Ljava/awt/event/ActionEvent;)V
J  java.awt.event.InvocationEvent.dispatch()V
V  [jvm.dll+0xf0ab9]
V  [jvm.dll+0x1837d1]
V  [jvm.dll+0xf0b3d]
V  [jvm.dll+0x1212df]
C  [java.dll+0x102f]
J  java.awt.EventQueue.dispatchEvent(Ljava/awt/AWTEvent;)V
j  java.awt.EventDispatchThread.pumpEventsForHierarchy(ILjava/awt/Conditional;Ljava/awt/Component;)V+11
j  java.awt.EventDispatchThread.pumpEvents(ILjava/awt/Conditional;)V+4
j  java.awt.EventDispatchThread.pumpEvents(Ljava/awt/Conditional;)V+3
j  java.awt.EventDispatchThread.run()V+9
v  ~StubRoutines::call_stub
V  [jvm.dll+0xf0ab9]
V  [jvm.dll+0x1837d1]
V  [jvm.dll+0xf0c61]
V  [jvm.dll+0xf0cbb]
V  [jvm.dll+0x11b4b9]
V  [jvm.dll+0x1e4624]
V  [jvm.dll+0x18317c]
C  [msvcr71.dll+0x9565]
C  [kernel32.dll+0x13677]
C  [ntdll.dll+0x39d72]
C  [ntdll.dll+0x39d45]

Java frames: (J=compiled Java code, j=interpreted, Vv=VM code)
j  JMyron.JMyron.native_image()[I+0
j  JMyron.JMyron.image()[I+1
j  jcamlan.Cam$1.actionPerformed(Ljava/awt/event/ActionEvent;)V+21
J  javax.swing.Timer.fireActionPerformed(Ljava/awt/event/ActionEvent;)V
j  javax.swing.Timer$DoPostEvent.run()V+71
J  java.awt.event.InvocationEvent.dispatch()V
J  java.awt.EventQueue.dispatchEventImpl(Ljava/awt/AWTEvent;Ljava/lang/Object;)V
J  java.awt.EventQueue$1.run()Ljava/lang/Object;
v  ~StubRoutines::call_stub
J  java.security.AccessController.doPrivileged(Ljava/security/PrivilegedAction;Ljava/security/AccessControlContext;)Ljava/lang/Object;
J  java.awt.EventQueue.dispatchEvent(Ljava/awt/AWTEvent;)V
J  java.awt.EventDispatchThread.pumpOneEventForFilters(I)Z
j  java.awt.EventDispatchThread.pumpEventsForFilter(ILjava/awt/Conditional;Ljava/awt/EventFilter;)V+30
j  java.awt.EventDispatchThread.pumpEventsForHierarchy(ILjava/awt/Conditional;Ljava/awt/Component;)V+11
j  java.awt.EventDispatchThread.pumpEvents(ILjava/awt/Conditional;)V+4
j  java.awt.EventDispatchThread.pumpEvents(Ljava/awt/Conditional;)V+3
j  java.awt.EventDispatchThread.run()V+9
v  ~StubRoutines::call_stub

---------------  P R O C E S S  ---------------

Java Threads: ( => current thread )
  0x00bdf400 JavaThread "DestroyJavaVM" [_thread_blocked, id=2148, stack(0x00430000,0x00480000)]
  0x05c8f000 JavaThread "D3D Screen Updater" daemon [_thread_blocked, id=2076, stack(0x07cf0000,0x07d40000)]
=>0x00b8e400 JavaThread "AWT-EventQueue-0" [_thread_in_vm, id=3980, stack(0x05f70000,0x05fc0000)]
  0x00b8dc00 JavaThread "AWT-Windows" daemon [_thread_in_native, id=2276, stack(0x05ee0000,0x05f30000)]
  0x00b8d400 JavaThread "AWT-Shutdown" [_thread_blocked, id=3936, stack(0x05e50000,0x05ea0000)]
  0x00b8ac00 JavaThread "Java2D Disposer" daemon [_thread_blocked, id=2656, stack(0x05e00000,0x05e50000)]
  0x00b3dc00 JavaThread "TimerQueue" daemon [_thread_blocked, id=3932, stack(0x05a40000,0x05a90000)]
  0x00b0e000 JavaThread "Low Memory Detector" daemon [_thread_blocked, id=1112, stack(0x047f0000,0x04840000)]
  0x00b01000 JavaThread "CompilerThread0" daemon [_thread_blocked, id=160, stack(0x04760000,0x047b0000)]
  0x00b00000 JavaThread "Attach Listener" daemon [_thread_blocked, id=3488, stack(0x046d0000,0x04720000)]
  0x00afd000 JavaThread "Signal Dispatcher" daemon [_thread_blocked, id=2136, stack(0x04640000,0x04690000)]
  0x00af3c00 JavaThread "Finalizer" daemon [_thread_blocked, id=2488, stack(0x045b0000,0x04600000)]
  0x00af2400 JavaThread "Reference Handler" daemon [_thread_blocked, id=584, stack(0x04520000,0x04570000)]

Other Threads:
  0x00ab6c00 VMThread [stack: 0x04490000,0x044e0000] [id=3852]
  0x00b29000 WatcherThread [stack: 0x04880000,0x048d0000] [id=1400]

VM state:not at safepoint (normal execution)

VM Mutex/Monitor currently owned by a thread: None

Heap
 def new generation   total 73728K, used 73533K [0x24490000, 0x29490000, 0x29490000)
  eden space 65536K,  99% used [0x24490000, 0x28476000, 0x28490000)
  from space 8192K,  98% used [0x28490000, 0x28c79460, 0x28c90000)
  to   space 8192K,   0% used [0x28c90000, 0x28c90000, 0x29490000)
 tenured generation   total 163840K, used 163767K [0x29490000, 0x33490000, 0x33490000)
   the space 163840K,  99% used [0x29490000, 0x3347deb8, 0x3347e000, 0x33490000)
 compacting perm gen  total 12288K, used 372K [0x33490000, 0x34090000, 0x37490000)
   the space 12288K,   3% used [0x33490000, 0x334ed258, 0x334ed400, 0x34090000)
    ro space 10240K,  54% used [0x37490000, 0x37a0d9f8, 0x37a0da00, 0x37e90000)
    rw space 12288K,  55% used [0x37e90000, 0x385313f8, 0x38531400, 0x38a90000)

Dynamic libraries:
0x00400000 - 0x00424000 	C:\Program Files (x86)\Java\jdk1.6.0_24\bin\java.exe
0x77ad0000 - 0x77c50000 	C:\Windows\SysWOW64\ntdll.dll
0x77430000 - 0x77530000 	C:\Windows\syswow64\kernel32.dll
0x77280000 - 0x772c6000 	C:\Windows\syswow64\KERNELBASE.dll
0x76130000 - 0x761d0000 	C:\Windows\syswow64\ADVAPI32.dll
0x75f00000 - 0x75fac000 	C:\Windows\syswow64\msvcrt.dll
0x76270000 - 0x76289000 	C:\Windows\SysWOW64\sechost.dll
0x77130000 - 0x77220000 	C:\Windows\syswow64\RPCRT4.dll
0x75640000 - 0x756a0000 	C:\Windows\syswow64\SspiCli.dll
0x75630000 - 0x7563c000 	C:\Windows\syswow64\CRYPTBASE.dll
0x7c340000 - 0x7c396000 	C:\Program Files (x86)\Java\jdk1.6.0_24\jre\bin\msvcr71.dll
0x6d8a0000 - 0x6db46000 	C:\Program Files (x86)\Java\jdk1.6.0_24\jre\bin\client\jvm.dll
0x77590000 - 0x77690000 	C:\Windows\syswow64\USER32.dll
0x75bd0000 - 0x75c60000 	C:\Windows\syswow64\GDI32.dll
0x75aa0000 - 0x75aaa000 	C:\Windows\syswow64\LPK.dll
0x76290000 - 0x7632d000 	C:\Windows\syswow64\USP10.dll
0x74f50000 - 0x74f82000 	C:\Windows\system32\WINMM.dll
0x76070000 - 0x760d0000 	C:\Windows\system32\IMM32.DLL
0x757b0000 - 0x7587c000 	C:\Windows\syswow64\MSCTF.dll
0x71770000 - 0x717bb000 	C:\Windows\system32\apphelp.dll
0x6d850000 - 0x6d85c000 	C:\Program Files (x86)\Java\jdk1.6.0_24\jre\bin\verify.dll
0x6d3d0000 - 0x6d3ef000 	C:\Program Files (x86)\Java\jdk1.6.0_24\jre\bin\java.dll
0x6d330000 - 0x6d338000 	C:\Program Files (x86)\Java\jdk1.6.0_24\jre\bin\hpi.dll
0x76330000 - 0x76335000 	C:\Windows\syswow64\PSAPI.DLL
0x6d890000 - 0x6d89f000 	C:\Program Files (x86)\Java\jdk1.6.0_24\jre\bin\zip.dll
0x10000000 - 0x1001b000 	C:\Program Files (x86)\Java\jdk1.6.0_24\bin\JMyron.dll
0x048d0000 - 0x048e4000 	C:\Program Files (x86)\Java\jdk1.6.0_24\bin\myron_ezcam.dll
0x772d0000 - 0x7742c000 	C:\Windows\syswow64\ole32.dll
0x048f0000 - 0x04903000 	C:\Program Files (x86)\Java\jdk1.6.0_24\bin\DSVL.dll
0x6b0c0000 - 0x6b237000 	C:\Windows\system32\QUARTZ.dll
0x75fe0000 - 0x7606f000 	C:\Windows\syswow64\OLEAUT32.dll
0x764e0000 - 0x77129000 	C:\Windows\syswow64\SHELL32.dll
0x75da0000 - 0x75df7000 	C:\Windows\syswow64\SHLWAPI.dll
0x7c3a0000 - 0x7c41b000 	C:\Windows\system32\MSVCP71.dll
0x756a0000 - 0x75723000 	C:\Windows\syswow64\CLBCatQ.DLL
0x72df0000 - 0x72e22000 	C:\Windows\SysWOW64\qcap.dll
0x72dc0000 - 0x72de1000 	C:\Windows\SysWOW64\MSVFW32.dll
0x74d10000 - 0x74eae000 	C:\Windows\WinSxS\x86_microsoft.windows.common-controls_6595b64144ccf1df_6.0.7600.16385_none_421189da2b7fabfc\COMCTL32.dll
0x751d0000 - 0x751d9000 	C:\Windows\SysWOW64\VERSION.dll
0x72d40000 - 0x72dc0000 	C:\Windows\SysWOW64\qedit.dll
0x75730000 - 0x757ab000 	C:\Windows\syswow64\COMDLG32.dll
0x74440000 - 0x745d0000 	C:\Windows\WinSxS\x86_microsoft.windows.gdiplus_6595b64144ccf1df_1.1.7600.16385_none_72fc7cbf861225ca\gdiplus.dll
0x720c0000 - 0x720d4000 	C:\Windows\SysWOW64\devenum.dll
0x76340000 - 0x764dd000 	C:\Windows\syswow64\setupapi.dll
0x77530000 - 0x77557000 	C:\Windows\syswow64\CFGMGR32.dll
0x75a80000 - 0x75a92000 	C:\Windows\syswow64\DEVOBJ.dll
0x749a0000 - 0x749c1000 	C:\Windows\system32\ntmarta.dll
0x760d0000 - 0x76115000 	C:\Windows\syswow64\WLDAP32.dll
0x77560000 - 0x7758d000 	C:\Windows\syswow64\WINTRUST.dll
0x75ab0000 - 0x75bcc000 	C:\Windows\syswow64\CRYPT32.dll
0x77aa0000 - 0x77aac000 	C:\Windows\syswow64\MSASN1.dll
0x72080000 - 0x7208b000 	C:\Windows\system32\msdmo.dll
0x72d00000 - 0x72d33000 	C:\Windows\SysWOW64\ksproxy.ax
0x72210000 - 0x72214000 	C:\Windows\SysWOW64\ksuser.dll
0x6f8f0000 - 0x6fab3000 	C:\Windows\SysWOW64\d3d9.dll
0x71c70000 - 0x71c76000 	C:\Windows\SysWOW64\d3d8thk.dll
0x74690000 - 0x746a3000 	C:\Windows\SysWOW64\dwmapi.dll
0x72cf0000 - 0x72cf9000 	C:\Windows\SysWOW64\vidcap.ax
0x72cd0000 - 0x72ced000 	C:\Windows\SysWOW64\kswdmcap.ax
0x71a10000 - 0x71b2c000 	C:\Windows\SysWOW64\MFC42.dll
0x72c40000 - 0x72cca000 	C:\Windows\SysWOW64\ODBC32.dll
0x72c00000 - 0x72c38000 	C:\Windows\SysWOW64\odbcint.dll
0x054b0000 - 0x054b7000 	C:\Windows\system32\VMCtrl325.ax
0x6d0b0000 - 0x6d1fa000 	C:\Program Files (x86)\Java\jdk1.6.0_24\jre\bin\awt.dll
0x74ef0000 - 0x74f41000 	C:\Windows\system32\WINSPOOL.DRV
0x6d2e0000 - 0x6d32f000 	C:\Program Files (x86)\Java\jdk1.6.0_24\jre\bin\fontmanager.dll
0x70350000 - 0x70ecf000 	C:\Windows\system32\nvd3dum.dll
0x71fb0000 - 0x71fd5000 	C:\Windows\system32\powrprof.dll
0x6d6b0000 - 0x6d6c3000 	C:\Program Files (x86)\Java\jdk1.6.0_24\jre\bin\net.dll
0x77690000 - 0x776c5000 	C:\Windows\syswow64\WS2_32.dll
0x76260000 - 0x76266000 	C:\Windows\syswow64\NSI.dll
0x72fd0000 - 0x7300c000 	C:\Windows\system32\mswsock.dll
0x722d0000 - 0x722d6000 	C:\Windows\System32\wship6.dll
0x74680000 - 0x74685000 	C:\Windows\System32\wshtcpip.dll
0x73090000 - 0x730d4000 	C:\Windows\system32\DNSAPI.dll
0x722a0000 - 0x722c7000 	C:\Program Files (x86)\Common Files\Microsoft Shared\Windows Live\WLIDNSP.DLL
0x75220000 - 0x7523c000 	C:\Windows\system32\IPHLPAPI.DLL
0x75480000 - 0x75487000 	C:\Windows\system32\WINNSI.DLL
0x72090000 - 0x72096000 	C:\Windows\system32\rasadhlp.dll
0x71c20000 - 0x71c58000 	C:\Windows\System32\fwpuclnt.dll

VM Arguments:
jvm_args: -Dfile.encoding=UTF-8 
java_command: jcamlan.Main
Launcher Type: SUN_STANDARD

Environment Variables:
PATH=C:\Program Files\Common Files\Microsoft Shared\Windows Live;C:\Program Files (x86)\Common Files\Microsoft Shared\Windows Live;C:\Program Files (x86)\PC Connectivity Solution\;C:\Windows\system32;C:\Windows;C:\Windows\System32\Wbem;C:\Windows\System32\WindowsPowerShell\v1.0\;C:\Program Files\TortoiseSVN\bin;C:\Program Files (x86)\Windows Live\Shared
USERNAME=Pedro
OS=Windows_NT
PROCESSOR_IDENTIFIER=AMD64 Family 15 Model 127 Stepping 1, AuthenticAMD



---------------  S Y S T E M  ---------------

OS: Windows 7 Build 7600 

CPU:total 1 (1 cores per cpu, 1 threads per core) family 15 model 127 stepping 1, cmov, cx8, fxsr, mmx, sse, sse2, sse3, mmxext, 3dnow, 3dnowext

Memory: 4k page, physical 981496k(67000k free), swap 2030072k(183048k free)

vm_info: Java HotSpot(TM) Client VM (19.1-b02) for windows-x86 JRE (1.6.0_24-b07), built on Feb  2 2011 17:44:41 by "java_re" with MS VC++ 7.1 (VS2003)

time: Sat Sep 03 10:25:07 2011
elapsed time: 142 seconds

