#
# A fatal error has been detected by the Java Runtime Environment:
#
#  EXCEPTION_ACCESS_VIOLATION (0xc0000005) at pc=0x575c3a43, pid=3496, tid=3024
#
# JRE version: 7.0-b147
# Java VM: Java HotSpot(TM) Client VM (21.0-b17 mixed mode, sharing windows-x86 )
# Problematic frame:
# C  0x575c3a43
#
# Failed to write core dump. Minidumps are not enabled by default on client versions of Windows
#
# If you would like to submit a bug report, please visit:
#   http://bugreport.sun.com/bugreport/crash.jsp
# The crash happened outside the Java Virtual Machine in native code.
# See problematic frame for where to report the bug.
#

---------------  T H R E A D  ---------------

Current thread (0x03c42800):  JavaThread "AWT-EventQueue-0" [_thread_in_native, id=3024, stack(0x04c20000,0x04c70000)]

siginfo: ExceptionCode=0xc0000005, ExceptionInformation=0x00000008 0x575c3a43

Registers:
EAX=0x575c3a43, EBX=0x32aa4b70, ECX=0x03fd0a78, EDX=0x03fd0d10
ESP=0x04c6f038, EBP=0x04c6f03c, ESI=0x03f20a78, EDI=0x00000000
EIP=0x575c3a43, EFLAGS=0x00010246

Top of Stack: (sp=0x04c6f038)
0x04c6f038:   00891835 04c6f0a0 100027d5 03c42800
0x04c6f048:   32aa4b70 04c6f0a0 32aa4b70 32aa4b70
0x04c6f058:   32aa4b70 04c6f0a0 0178a4a7 00c42800
0x04c6f068:   1000121b 0178a5a7 03c42928 04c6f0b0
0x04c6f078:   00a11ef4 00a11efc 04c6f080 32aa4b70
0x04c6f088:   04c6f0b0 32aa7688 00000000 32aa4b70
0x04c6f098:   00000000 04c6f0b0 04c6f0d4 01783187
0x04c6f0a8:   00000000 01788839 23ae21b0 04c6f0b4 

Instructions: (pc=0x575c3a43)
0x575c3a23:   
[error occurred during error reporting (printing registers, top of stack, instructions near pc), id 0xc0000005]

Register to memory mapping:

EAX=0x575c3a43 is an unknown value
EBX=0x32aa4b70 is an oop
{method} 
 - klass: {other class}
ECX=0x03fd0a78 is an unknown value
EDX=0x03fd0d10 is an unknown value
ESP=0x04c6f038 is pointing into the stack for thread: 0x03c42800
EBP=0x04c6f03c is pointing into the stack for thread: 0x03c42800
ESI=0x03f20a78 is an unknown value
EDI=0x00000000 is an unknown value


Stack: [0x04c20000,0x04c70000],  sp=0x04c6f038,  free space=316k
Native frames: (J=compiled Java code, j=interpreted, Vv=VM code, C=native code)
C  0x575c3a43
C  [JMyron.dll+0x27d5]  Java_JMyron_JMyron_native_1stop+0xf75
j  JMyron.JMyron.update()V+1
j  jcamlan.Cam$1.actionPerformed(Ljava/awt/event/ActionEvent;)V+7
j  javax.swing.Timer.fireActionPerformed(Ljava/awt/event/ActionEvent;)V+35
j  javax.swing.Timer$DoPostEvent.run()V+74
j  java.awt.event.InvocationEvent.dispatch()V+47
j  java.awt.EventQueue.dispatchEventImpl(Ljava/awt/AWTEvent;Ljava/lang/Object;)V+21
j  java.awt.EventQueue.access$000(Ljava/awt/EventQueue;Ljava/awt/AWTEvent;Ljava/lang/Object;)V+3
j  java.awt.EventQueue$3.run()Ljava/lang/Void;+12
j  java.awt.EventQueue$3.run()Ljava/lang/Object;+1
v  ~StubRoutines::call_stub
V  [jvm.dll+0x122c7e]
V  [jvm.dll+0x1c9c0e]
V  [jvm.dll+0x122d0d]
V  [jvm.dll+0xd3c3a]
C  [java.dll+0x102f]  Java_java_security_AccessController_doPrivileged__Ljava_security_PrivilegedAction_2Ljava_security_AccessControlContext_2+0x17
j  java.security.ProtectionDomain$1.doIntersectionPrivilege(Ljava/security/PrivilegedAction;Ljava/security/AccessControlContext;Ljava/security/AccessControlContext;)Ljava/lang/Object;+28
j  java.awt.EventQueue.dispatchEvent(Ljava/awt/AWTEvent;)V+46
j  java.awt.EventDispatchThread.pumpOneEventForFilters(I)Z+245
j  java.awt.EventDispatchThread.pumpEventsForFilter(ILjava/awt/Conditional;Ljava/awt/EventFilter;)V+35
j  java.awt.EventDispatchThread.pumpEventsForHierarchy(ILjava/awt/Conditional;Ljava/awt/Component;)V+11
j  java.awt.EventDispatchThread.pumpEvents(ILjava/awt/Conditional;)V+4
j  java.awt.EventDispatchThread.pumpEvents(Ljava/awt/Conditional;)V+3
j  java.awt.EventDispatchThread.run()V+9
v  ~StubRoutines::call_stub
V  [jvm.dll+0x122c7e]
V  [jvm.dll+0x1c9c0e]
V  [jvm.dll+0x122e73]
V  [jvm.dll+0x122ed7]
V  [jvm.dll+0xccd1f]
V  [jvm.dll+0x14433f]
V  [jvm.dll+0x171549]
C  [msvcr100.dll+0x5c6de]  endthreadex+0x3a
C  [msvcr100.dll+0x5c788]  endthreadex+0xe4
C  [kernel32.dll+0x51114]  BaseThreadInitThunk+0x12
C  [ntdll.dll+0x5b429]  RtlInitializeExceptionChain+0x63
C  [ntdll.dll+0x5b3fc]  RtlInitializeExceptionChain+0x36

Java frames: (J=compiled Java code, j=interpreted, Vv=VM code)
j  JMyron.JMyron.native_update()V+0
j  JMyron.JMyron.update()V+1
j  jcamlan.Cam$1.actionPerformed(Ljava/awt/event/ActionEvent;)V+7
j  javax.swing.Timer.fireActionPerformed(Ljava/awt/event/ActionEvent;)V+35
j  javax.swing.Timer$DoPostEvent.run()V+74
j  java.awt.event.InvocationEvent.dispatch()V+47
j  java.awt.EventQueue.dispatchEventImpl(Ljava/awt/AWTEvent;Ljava/lang/Object;)V+21
j  java.awt.EventQueue.access$000(Ljava/awt/EventQueue;Ljava/awt/AWTEvent;Ljava/lang/Object;)V+3
j  java.awt.EventQueue$3.run()Ljava/lang/Void;+12
j  java.awt.EventQueue$3.run()Ljava/lang/Object;+1
v  ~StubRoutines::call_stub
j  java.security.AccessController.doPrivileged(Ljava/security/PrivilegedAction;Ljava/security/AccessControlContext;)Ljava/lang/Object;+0
j  java.security.ProtectionDomain$1.doIntersectionPrivilege(Ljava/security/PrivilegedAction;Ljava/security/AccessControlContext;Ljava/security/AccessControlContext;)Ljava/lang/Object;+28
j  java.awt.EventQueue.dispatchEvent(Ljava/awt/AWTEvent;)V+46
j  java.awt.EventDispatchThread.pumpOneEventForFilters(I)Z+245
j  java.awt.EventDispatchThread.pumpEventsForFilter(ILjava/awt/Conditional;Ljava/awt/EventFilter;)V+35
j  java.awt.EventDispatchThread.pumpEventsForHierarchy(ILjava/awt/Conditional;Ljava/awt/Component;)V+11
j  java.awt.EventDispatchThread.pumpEvents(ILjava/awt/Conditional;)V+4
j  java.awt.EventDispatchThread.pumpEvents(Ljava/awt/Conditional;)V+3
j  java.awt.EventDispatchThread.run()V+9
v  ~StubRoutines::call_stub

---------------  P R O C E S S  ---------------

Java Threads: ( => current thread )
=>0x03c42800 JavaThread "AWT-EventQueue-0" [_thread_in_native, id=3024, stack(0x04c20000,0x04c70000)]
  0x03c41c00 JavaThread "AWT-Windows" daemon [_thread_in_native, id=2748, stack(0x04b10000,0x04b60000)]
  0x03c39000 JavaThread "AWT-Shutdown" [_thread_blocked, id=780, stack(0x04b60000,0x04bb0000)]
  0x03c38800 JavaThread "Java2D Disposer" daemon [_thread_blocked, id=2948, stack(0x038d0000,0x03920000)]
  0x00a4dc00 JavaThread "TimerQueue" daemon [_thread_blocked, id=2944, stack(0x04960000,0x049b0000)]
  0x00a0d400 JavaThread "Service Thread" daemon [_thread_blocked, id=3484, stack(0x03a90000,0x03ae0000)]
  0x009ffc00 JavaThread "C1 CompilerThread0" daemon [_thread_blocked, id=1020, stack(0x03ae0000,0x03b30000)]
  0x009fe800 JavaThread "Attach Listener" daemon [_thread_blocked, id=1532, stack(0x03b80000,0x03bd0000)]
  0x009fd800 JavaThread "Signal Dispatcher" daemon [_thread_blocked, id=3292, stack(0x03a00000,0x03a50000)]
  0x009f0000 JavaThread "Finalizer" daemon [_thread_blocked, id=1656, stack(0x00b00000,0x00b50000)]
  0x009ee800 JavaThread "Reference Handler" daemon [_thread_blocked, id=2060, stack(0x03880000,0x038d0000)]
  0x0094f400 JavaThread "main" [_thread_in_vm, id=608, stack(0x008c0000,0x00910000)]

Other Threads:
  0x009ec800 VMThread [stack: 0x03920000,0x03970000] [id=3848]
  0x00a0ec00 WatcherThread [stack: 0x03990000,0x039e0000] [id=2832]

VM state:not at safepoint (normal execution)

VM Mutex/Monitor currently owned by a thread: None

Heap
 def new generation   total 4608K, used 1461K [0x23a70000, 0x23f70000, 0x28a70000)
  eden space 4096K,  35% used [0x23a70000, 0x23bdd7d8, 0x23e70000)
  from space 512K,   0% used [0x23e70000, 0x23e70000, 0x23ef0000)
  to   space 512K,   0% used [0x23ef0000, 0x23ef0000, 0x23f70000)
 tenured generation   total 10240K, used 0K [0x28a70000, 0x29470000, 0x32a70000)
   the space 10240K,   0% used [0x28a70000, 0x28a70000, 0x28a70200, 0x29470000)
 compacting perm gen  total 12288K, used 756K [0x32a70000, 0x33670000, 0x36a70000)
   the space 12288K,   6% used [0x32a70000, 0x32b2d340, 0x32b2d400, 0x33670000)
    ro space 10240K,  45% used [0x36a70000, 0x36ef1888, 0x36ef1a00, 0x37470000)
    rw space 12288K,  54% used [0x37470000, 0x37af04f8, 0x37af0600, 0x38070000)

Code Cache  [0x01780000, 0x01808000, 0x03780000)
 total_blobs=238 nmethods=43 adapters=128 free_code_cache=32230Kb largest_free_block=33003840

Dynamic libraries:
0x00b50000 - 0x00b7e000 	C:\Program Files\Java\jdk1.7.0\bin\java.exe
0x76db0000 - 0x76eed000 	C:\Windows\SYSTEM32\ntdll.dll
0x76bc0000 - 0x76c94000 	C:\Windows\system32\kernel32.dll
0x75180000 - 0x751ca000 	C:\Windows\system32\KERNELBASE.dll
0x75510000 - 0x755b0000 	C:\Windows\system32\ADVAPI32.dll
0x755c0000 - 0x7566c000 	C:\Windows\system32\msvcrt.dll
0x76620000 - 0x76639000 	C:\Windows\SYSTEM32\sechost.dll
0x75460000 - 0x75501000 	C:\Windows\system32\RPCRT4.dll
0x76ce0000 - 0x76da9000 	C:\Windows\system32\USER32.dll
0x76760000 - 0x767ae000 	C:\Windows\system32\GDI32.dll
0x75670000 - 0x7567a000 	C:\Windows\system32\LPK.dll
0x75200000 - 0x7529d000 	C:\Windows\system32\USP10.dll
0x73e50000 - 0x73fee000 	C:\Windows\WinSxS\x86_microsoft.windows.common-controls_6595b64144ccf1df_6.0.7600.16661_none_420fe3fa2b8113bd\COMCTL32.dll
0x75400000 - 0x75457000 	C:\Windows\system32\SHLWAPI.dll
0x76ef0000 - 0x76f0f000 	C:\Windows\system32\IMM32.DLL
0x76af0000 - 0x76bbc000 	C:\Windows\system32\MSCTF.dll
0x6fd10000 - 0x6fdce000 	C:\Program Files\Java\jdk1.7.0\jre\bin\msvcr100.dll
0x685e0000 - 0x68901000 	C:\Program Files\Java\jdk1.7.0\jre\bin\client\jvm.dll
0x6f050000 - 0x6f057000 	C:\Windows\system32\WSOCK32.dll
0x76ca0000 - 0x76cd5000 	C:\Windows\system32\WS2_32.dll
0x75880000 - 0x75886000 	C:\Windows\system32\NSI.dll
0x6f010000 - 0x6f042000 	C:\Windows\system32\WINMM.dll
0x755b0000 - 0x755b5000 	C:\Windows\system32\PSAPI.DLL
0x6feb0000 - 0x6febc000 	C:\Program Files\Java\jdk1.7.0\jre\bin\verify.dll
0x6fe90000 - 0x6feb0000 	C:\Program Files\Java\jdk1.7.0\jre\bin\java.dll
0x6fe30000 - 0x6fe43000 	C:\Program Files\Java\jdk1.7.0\jre\bin\zip.dll
0x68340000 - 0x68482000 	C:\Program Files\Java\jdk1.7.0\jre\bin\awt.dll
0x76640000 - 0x766cf000 	C:\Windows\system32\OLEAUT32.dll
0x752a0000 - 0x753fc000 	C:\Windows\system32\ole32.dll
0x10000000 - 0x1001b000 	C:\Windows\System32\JMyron.dll
0x00890000 - 0x008a4000 	C:\Windows\system32\myron_ezcam.dll
0x00910000 - 0x00923000 	C:\Windows\system32\DSVL.dll
0x629a0000 - 0x62b17000 	C:\Windows\system32\QUARTZ.dll
0x75890000 - 0x764d9000 	C:\Windows\system32\SHELL32.dll
0x7c3a0000 - 0x7c41b000 	C:\Windows\system32\MSVCP71.dll
0x7c340000 - 0x7c396000 	C:\Windows\system32\MSVCR71.dll
0x74e80000 - 0x74e8c000 	C:\Windows\system32\CRYPTBASE.dll
0x73cd0000 - 0x73d10000 	C:\Windows\system32\uxtheme.dll
0x766d0000 - 0x76753000 	C:\Windows\system32\CLBCatQ.DLL
0x739a0000 - 0x739b3000 	C:\Windows\system32\dwmapi.dll
0x6fc40000 - 0x6fc72000 	C:\Windows\system32\qcap.dll
0x72e70000 - 0x72e91000 	C:\Windows\system32\MSVFW32.dll
0x743c0000 - 0x743c9000 	C:\Windows\system32\VERSION.dll
0x6df10000 - 0x6df90000 	C:\Windows\System32\qedit.dll
0x76f10000 - 0x76f8b000 	C:\Windows\system32\COMDLG32.dll
0x73b40000 - 0x73cd0000 	C:\Windows\WinSxS\x86_microsoft.windows.gdiplus_6595b64144ccf1df_1.1.7600.16385_none_72fc7cbf861225ca\gdiplus.dll
0x720d0000 - 0x720e4000 	C:\Windows\system32\devenum.dll
0x76950000 - 0x76aed000 	C:\Windows\system32\setupapi.dll
0x751d0000 - 0x751f7000 	C:\Windows\system32\CFGMGR32.dll
0x75010000 - 0x75022000 	C:\Windows\system32\DEVOBJ.dll
0x73390000 - 0x733b1000 	C:\Windows\system32\ntmarta.dll
0x76f90000 - 0x76fd5000 	C:\Windows\system32\WLDAP32.dll
0x75030000 - 0x7505d000 	C:\Windows\system32\WINTRUST.dll
0x75060000 - 0x7517c000 	C:\Windows\system32\CRYPT32.dll
0x74f70000 - 0x74f7c000 	C:\Windows\system32\MSASN1.dll
0x720c0000 - 0x720cb000 	C:\Windows\system32\msdmo.dll
0x63da0000 - 0x63f63000 	C:\Windows\system32\d3d9.dll
0x73690000 - 0x73696000 	C:\Windows\system32\d3d8thk.dll
0x70920000 - 0x7107c000 	C:\Windows\system32\nvd3dum.dll
0x73470000 - 0x73495000 	C:\Windows\system32\powrprof.dll
0x6fcc0000 - 0x6fcea000 	C:\Program Files\Java\jdk1.7.0\jre\bin\fontmanager.dll

VM Arguments:
jvm_args: -Dfile.encoding=UTF-8 
java_command: jcamlan.Main
Launcher Type: SUN_STANDARD

Environment Variables:
PATH=C:\Program Files\Common Files\Microsoft Shared\Windows Live;C:\Windows\system32;C:\Windows;C:\Windows\System32\Wbem;C:\Windows\System32\WindowsPowerShell\v1.0\;C:\Program Files\Windows Live\Shared
USERNAME=Pedro
OS=Windows_NT
PROCESSOR_IDENTIFIER=x86 Family 15 Model 127 Stepping 1, AuthenticAMD



---------------  S Y S T E M  ---------------

OS: Windows 7 Build 7600 

CPU:total 1 (1 cores per cpu, 1 threads per core) family 15 model 127 stepping 1, cmov, cx8, fxsr, mmx, sse, sse2, sse3, mmxext, 3dnowpref

Memory: 4k page, physical 981496k(103392k free), swap 2030072k(668400k free)

vm_info: Java HotSpot(TM) Client VM (21.0-b17) for windows-x86 JRE (1.7.0-b147), built on Jun 27 2011 02:25:52 by "java_re" with unknown MS VC++:1600

time: Mon Oct 10 14:49:44 2011
elapsed time: 3 seconds

