#
# A fatal error has been detected by the Java Runtime Environment:
#
#  EXCEPTION_ACCESS_VIOLATION (0xc0000005) at pc=0x00706d67, pid=2636, tid=2316
#
# JRE version: 6.0_24-b07
# Java VM: Java HotSpot(TM) Client VM (19.1-b02 mixed mode, sharing windows-x86 )
# Problematic frame:
# C  0x00706d67
#
# If you would like to submit a bug report, please visit:
#   http://java.sun.com/webapps/bugreport/crash.jsp
# The crash happened outside the Java Virtual Machine in native code.
# See problematic frame for where to report the bug.
#

---------------  T H R E A D  ---------------

Current thread (0x0233f800):  JavaThread "AWT-EventQueue-0" [_thread_in_native, id=2316, stack(0x061f0000,0x06240000)]

siginfo: ExceptionCode=0xc0000005, writing address 0x3a003100

Registers:
EAX=0x00706d65, EBX=0x3349bb80, ECX=0x04af0a78, EDX=0x04af0f30
ESP=0x0623f5f8, EBP=0x0623f5fc, ESI=0x04a90a78, EDI=0x00000000
EIP=0x00706d67, EFLAGS=0x00010a86

Register to memory mapping:

EAX=0x00706d65
0x00706d65 is pointing to unknown location

EBX=0x3349bb80
{method} 
 - klass: {other class}

ECX=0x04af0a78
0x04af0a78 is pointing to unknown location

EDX=0x04af0f30
0x04af0f30 is pointing to unknown location

ESP=0x0623f5f8
0x0623f5f8 is pointing into the stack for thread: 0x0233f800
"AWT-EventQueue-0" prio=6 tid=0x0233f800 nid=0x90c runnable [0x0623f000]
   java.lang.Thread.State: RUNNABLE

EBP=0x0623f5fc
0x0623f5fc is pointing into the stack for thread: 0x0233f800
"AWT-EventQueue-0" prio=6 tid=0x0233f800 nid=0x90c runnable [0x0623f000]
   java.lang.Thread.State: RUNNABLE

ESI=0x04a90a78
0x04a90a78 is pointing to unknown location

EDI=0x00000000
0x00000000 is pointing to unknown location


Top of Stack: (sp=0x0623f5f8)
0x0623f5f8:   048d1835 0623f65c 100027d5 0233f800
0x0623f608:   3349bb80 0623f65c 3349bb80 3349bb80
0x0623f618:   022c18dc 0623f65c 02349eb7 0033f800
0x0623f628:   1000121b 02349fb7 0233f918 0623f66c
0x0623f638:   00000007 0623f63c 3349bb80 0623f66c
0x0623f648:   3349e6f8 00000000 3349bb80 00000000
0x0623f658:   0623f66c 0623f690 02342e21 00000000
0x0623f668:   023482d9 244cff20 0623f670 3349d3c9 

Instructions: (pc=0x00706d67)
0x00706d57:   00 3d 00 3d 00 0d 00 0a 00 00 00 00 00 68 00 01
0x00706d67:   00 25 00 31 00 3a 00 20 00 3d 00 3d 00 3d 00 3d 


Stack: [0x061f0000,0x06240000],  sp=0x0623f5f8,  free space=317k
Native frames: (J=compiled Java code, j=interpreted, Vv=VM code, C=native code)
C  0x00706d67
C  [JMyron.dll+0x27d5]
j  JMyron.JMyron.update()V+1
j  jcamlan.Cam$1.actionPerformed(Ljava/awt/event/ActionEvent;)V+7
j  javax.swing.Timer.fireActionPerformed(Ljava/awt/event/ActionEvent;)V+35
j  javax.swing.Timer$DoPostEvent.run()V+71
j  java.awt.event.InvocationEvent.dispatch()V+47
j  java.awt.EventQueue.dispatchEventImpl(Ljava/awt/AWTEvent;Ljava/lang/Object;)V+21
j  java.awt.EventQueue.access$000(Ljava/awt/EventQueue;Ljava/awt/AWTEvent;Ljava/lang/Object;)V+3
j  java.awt.EventQueue$1.run()Ljava/lang/Void;+12
j  java.awt.EventQueue$1.run()Ljava/lang/Object;+1
v  ~StubRoutines::call_stub
V  [jvm.dll+0xf0ab9]
V  [jvm.dll+0x1837d1]
V  [jvm.dll+0xf0b3d]
V  [jvm.dll+0x1212df]
C  [java.dll+0x102f]
j  java.security.AccessControlContext$1.doIntersectionPrivilege(Ljava/security/PrivilegedAction;Ljava/security/AccessControlContext;Ljava/security/AccessControlContext;)Ljava/lang/Object;+28
j  java.awt.EventQueue.dispatchEvent(Ljava/awt/AWTEvent;)V+46
j  java.awt.EventDispatchThread.pumpOneEventForFilters(I)Z+204
j  java.awt.EventDispatchThread.pumpEventsForFilter(ILjava/awt/Conditional;Ljava/awt/EventFilter;)V+30
j  java.awt.EventDispatchThread.pumpEventsForHierarchy(ILjava/awt/Conditional;Ljava/awt/Component;)V+11
j  java.awt.EventDispatchThread.pumpEvents(ILjava/awt/Conditional;)V+4
j  java.awt.EventDispatchThread.pumpEvents(Ljava/awt/Conditional;)V+3
j  java.awt.EventDispatchThread.run()V+9
v  ~StubRoutines::call_stub
V  [jvm.dll+0xf0ab9]
V  [jvm.dll+0x1837d1]
V  [jvm.dll+0xf0c61]
V  [jvm.dll+0xf0cbb]
V  [jvm.dll+0x11b4b9]
V  [jvm.dll+0x1e4624]
V  [jvm.dll+0x18317c]
C  [msvcr71.dll+0x9565]
C  [kernel32.dll+0x13677]
C  [ntdll.dll+0x39d72]
C  [ntdll.dll+0x39d45]

Java frames: (J=compiled Java code, j=interpreted, Vv=VM code)
j  JMyron.JMyron.native_update()V+0
j  JMyron.JMyron.update()V+1
j  jcamlan.Cam$1.actionPerformed(Ljava/awt/event/ActionEvent;)V+7
j  javax.swing.Timer.fireActionPerformed(Ljava/awt/event/ActionEvent;)V+35
j  javax.swing.Timer$DoPostEvent.run()V+71
j  java.awt.event.InvocationEvent.dispatch()V+47
j  java.awt.EventQueue.dispatchEventImpl(Ljava/awt/AWTEvent;Ljava/lang/Object;)V+21
j  java.awt.EventQueue.access$000(Ljava/awt/EventQueue;Ljava/awt/AWTEvent;Ljava/lang/Object;)V+3
j  java.awt.EventQueue$1.run()Ljava/lang/Void;+12
j  java.awt.EventQueue$1.run()Ljava/lang/Object;+1
v  ~StubRoutines::call_stub
j  java.security.AccessController.doPrivileged(Ljava/security/PrivilegedAction;Ljava/security/AccessControlContext;)Ljava/lang/Object;+0
j  java.security.AccessControlContext$1.doIntersectionPrivilege(Ljava/security/PrivilegedAction;Ljava/security/AccessControlContext;Ljava/security/AccessControlContext;)Ljava/lang/Object;+28
j  java.awt.EventQueue.dispatchEvent(Ljava/awt/AWTEvent;)V+46
j  java.awt.EventDispatchThread.pumpOneEventForFilters(I)Z+204
j  java.awt.EventDispatchThread.pumpEventsForFilter(ILjava/awt/Conditional;Ljava/awt/EventFilter;)V+30
j  java.awt.EventDispatchThread.pumpEventsForHierarchy(ILjava/awt/Conditional;Ljava/awt/Component;)V+11
j  java.awt.EventDispatchThread.pumpEvents(ILjava/awt/Conditional;)V+4
j  java.awt.EventDispatchThread.pumpEvents(Ljava/awt/Conditional;)V+3
j  java.awt.EventDispatchThread.run()V+9
v  ~StubRoutines::call_stub

---------------  P R O C E S S  ---------------

Java Threads: ( => current thread )
=>0x0233f800 JavaThread "AWT-EventQueue-0" [_thread_in_native, id=2316, stack(0x061f0000,0x06240000)]
  0x0233ec00 JavaThread "AWT-Windows" daemon [_thread_in_native, id=5088, stack(0x06160000,0x061b0000)]
  0x0233ac00 JavaThread "AWT-Shutdown" [_thread_blocked, id=1536, stack(0x060d0000,0x06120000)]
  0x0233a400 JavaThread "Java2D Disposer" daemon [_thread_blocked, id=3620, stack(0x06040000,0x06090000)]
  0x022edc00 JavaThread "TimerQueue" daemon [_thread_blocked, id=4312, stack(0x05640000,0x05690000)]
  0x022be000 JavaThread "Low Memory Detector" daemon [_thread_blocked, id=4776, stack(0x047f0000,0x04840000)]
  0x022b1400 JavaThread "CompilerThread0" daemon [_thread_blocked, id=4768, stack(0x04760000,0x047b0000)]
  0x022ae000 JavaThread "Attach Listener" daemon [_thread_blocked, id=2984, stack(0x046d0000,0x04720000)]
  0x022ab000 JavaThread "Signal Dispatcher" daemon [_thread_blocked, id=4896, stack(0x04640000,0x04690000)]
  0x022a3c00 JavaThread "Finalizer" daemon [_thread_blocked, id=3264, stack(0x045b0000,0x04600000)]
  0x022a2400 JavaThread "Reference Handler" daemon [_thread_blocked, id=960, stack(0x04520000,0x04570000)]
  0x00b1f400 JavaThread "main" [_thread_in_native, id=3480, stack(0x00a00000,0x00a50000)]

Other Threads:
  0x02266c00 VMThread [stack: 0x04490000,0x044e0000] [id=2180]
  0x022d9000 WatcherThread [stack: 0x04880000,0x048d0000] [id=3824]

VM state:not at safepoint (normal execution)

VM Mutex/Monitor currently owned by a thread: None

Heap
 def new generation   total 4608K, used 1159K [0x24490000, 0x24990000, 0x29490000)
  eden space 4096K,  28% used [0x24490000, 0x245b1f90, 0x24890000)
  from space 512K,   0% used [0x24890000, 0x24890000, 0x24910000)
  to   space 512K,   0% used [0x24910000, 0x24910000, 0x24990000)
 tenured generation   total 10240K, used 0K [0x29490000, 0x29e90000, 0x33490000)
   the space 10240K,   0% used [0x29490000, 0x29490000, 0x29490200, 0x29e90000)
 compacting perm gen  total 12288K, used 153K [0x33490000, 0x34090000, 0x37490000)
   the space 12288K,   1% used [0x33490000, 0x334b66a8, 0x334b6800, 0x34090000)
    ro space 10240K,  54% used [0x37490000, 0x37a0d9f8, 0x37a0da00, 0x37e90000)
    rw space 12288K,  55% used [0x37e90000, 0x385313f8, 0x38531400, 0x38a90000)

Dynamic libraries:
0x00400000 - 0x00424000 	C:\Program Files (x86)\Java\jdk1.6.0_24\bin\java.exe
0x776b0000 - 0x77830000 	C:\Windows\SysWOW64\ntdll.dll
0x75a40000 - 0x75b40000 	C:\Windows\syswow64\kernel32.dll
0x75560000 - 0x755a6000 	C:\Windows\syswow64\KERNELBASE.dll
0x76790000 - 0x76830000 	C:\Windows\syswow64\ADVAPI32.dll
0x75980000 - 0x75a2c000 	C:\Windows\syswow64\msvcrt.dll
0x755d0000 - 0x755e9000 	C:\Windows\SysWOW64\sechost.dll
0x76870000 - 0x76960000 	C:\Windows\syswow64\RPCRT4.dll
0x75220000 - 0x75280000 	C:\Windows\syswow64\SspiCli.dll
0x75210000 - 0x7521c000 	C:\Windows\syswow64\CRYPTBASE.dll
0x7c340000 - 0x7c396000 	C:\Program Files (x86)\Java\jdk1.6.0_24\jre\bin\msvcr71.dll
0x6d8a0000 - 0x6db46000 	C:\Program Files (x86)\Java\jdk1.6.0_24\jre\bin\client\jvm.dll
0x76d50000 - 0x76e50000 	C:\Windows\syswow64\USER32.dll
0x754d0000 - 0x75560000 	C:\Windows\syswow64\GDI32.dll
0x75290000 - 0x7529a000 	C:\Windows\syswow64\LPK.dll
0x75630000 - 0x756cd000 	C:\Windows\syswow64\USP10.dll
0x74b20000 - 0x74b52000 	C:\Windows\system32\WINMM.dll
0x76a60000 - 0x76ac0000 	C:\Windows\system32\IMM32.DLL
0x76960000 - 0x76a2c000 	C:\Windows\syswow64\MSCTF.dll
0x72ce0000 - 0x72d2b000 	C:\Windows\system32\apphelp.dll
0x6d850000 - 0x6d85c000 	C:\Program Files (x86)\Java\jdk1.6.0_24\jre\bin\verify.dll
0x6d3d0000 - 0x6d3ef000 	C:\Program Files (x86)\Java\jdk1.6.0_24\jre\bin\java.dll
0x6d330000 - 0x6d338000 	C:\Program Files (x86)\Java\jdk1.6.0_24\jre\bin\hpi.dll
0x77680000 - 0x77685000 	C:\Windows\syswow64\PSAPI.DLL
0x6d890000 - 0x6d89f000 	C:\Program Files (x86)\Java\jdk1.6.0_24\jre\bin\zip.dll
0x10000000 - 0x1001b000 	C:\Program Files (x86)\Java\jdk1.6.0_24\bin\JMyron.dll
0x048d0000 - 0x048e4000 	C:\Program Files (x86)\Java\jdk1.6.0_24\bin\myron_ezcam.dll
0x752a0000 - 0x753fc000 	C:\Windows\syswow64\ole32.dll
0x048f0000 - 0x04903000 	C:\Program Files (x86)\Java\jdk1.6.0_24\bin\DSVL.dll
0x72ee0000 - 0x73057000 	C:\Windows\system32\QUARTZ.dll
0x76ac0000 - 0x76b4f000 	C:\Windows\syswow64\OLEAUT32.dll
0x75b40000 - 0x76789000 	C:\Windows\syswow64\SHELL32.dll
0x76eb0000 - 0x76f07000 	C:\Windows\syswow64\SHLWAPI.dll
0x7c3a0000 - 0x7c41b000 	C:\Windows\system32\MSVCP71.dll
0x756d0000 - 0x75753000 	C:\Windows\syswow64\CLBCatQ.DLL
0x73bf0000 - 0x73c22000 	C:\Windows\SysWOW64\qcap.dll
0x73c60000 - 0x73c81000 	C:\Windows\SysWOW64\MSVFW32.dll
0x74d10000 - 0x74eae000 	C:\Windows\WinSxS\x86_microsoft.windows.common-controls_6595b64144ccf1df_6.0.7600.16385_none_421189da2b7fabfc\COMCTL32.dll
0x74b10000 - 0x74b19000 	C:\Windows\SysWOW64\VERSION.dll
0x73b70000 - 0x73bf0000 	C:\Windows\SysWOW64\qedit.dll
0x75450000 - 0x754cb000 	C:\Windows\syswow64\COMDLG32.dll
0x74b70000 - 0x74d00000 	C:\Windows\WinSxS\x86_microsoft.windows.gdiplus_6595b64144ccf1df_1.1.7600.16385_none_72fc7cbf861225ca\gdiplus.dll
0x74f80000 - 0x74f94000 	C:\Windows\SysWOW64\devenum.dll
0x76fd0000 - 0x7716d000 	C:\Windows\syswow64\setupapi.dll
0x76840000 - 0x76867000 	C:\Windows\syswow64\CFGMGR32.dll
0x755b0000 - 0x755c2000 	C:\Windows\syswow64\DEVOBJ.dll
0x742f0000 - 0x74311000 	C:\Windows\system32\ntmarta.dll
0x75400000 - 0x75445000 	C:\Windows\syswow64\WLDAP32.dll
0x76f10000 - 0x76f3d000 	C:\Windows\syswow64\WINTRUST.dll
0x75860000 - 0x7597c000 	C:\Windows\syswow64\CRYPT32.dll
0x75280000 - 0x7528c000 	C:\Windows\syswow64\MSASN1.dll
0x74fc0000 - 0x74fcb000 	C:\Windows\system32\msdmo.dll
0x73b30000 - 0x73b63000 	C:\Windows\SysWOW64\ksproxy.ax
0x74f20000 - 0x74f24000 	C:\Windows\SysWOW64\ksuser.dll
0x6f610000 - 0x6f7d3000 	C:\Windows\SysWOW64\d3d9.dll
0x74fb0000 - 0x74fb6000 	C:\Windows\SysWOW64\d3d8thk.dll
0x73c30000 - 0x73c43000 	C:\Windows\SysWOW64\dwmapi.dll
0x744b0000 - 0x744b9000 	C:\Windows\SysWOW64\vidcap.ax
0x73b10000 - 0x73b2d000 	C:\Windows\SysWOW64\kswdmcap.ax
0x730c0000 - 0x731dc000 	C:\Windows\SysWOW64\MFC42.dll
0x715f0000 - 0x7167a000 	C:\Windows\SysWOW64\ODBC32.dll
0x73080000 - 0x730b8000 	C:\Windows\SysWOW64\odbcint.dll
0x054b0000 - 0x054b7000 	C:\Windows\system32\VMCtrl325.ax
0x05710000 - 0x05a3e000 	C:\Windows\SysWow64\ffdshow.ax
0x73ae0000 - 0x73b05000 	C:\Windows\SysWow64\DINPUT.dll
0x05b40000 - 0x05c3b000 	C:\Windows\SysWow64\VSFilter.dll
0x74ab0000 - 0x74b01000 	C:\Windows\SysWow64\WINSPOOL.DRV
0x75760000 - 0x75854000 	C:\Windows\syswow64\WININET.dll
0x75a30000 - 0x75a33000 	C:\Windows\syswow64\Normaliz.dll
0x77170000 - 0x772a5000 	C:\Windows\syswow64\urlmon.dll
0x76b50000 - 0x76d49000 	C:\Windows\syswow64\iertutil.dll
0x72350000 - 0x72357000 	C:\Windows\system32\msiltcfg.dll
0x74640000 - 0x74880000 	C:\Windows\system32\msi.dll
0x71690000 - 0x7170b000 	C:\Program Files (x86)\Common Files\Nokia\Codecs\NokiaH264HPMPDecTFilter.dll
0x70d60000 - 0x70e03000 	C:\Windows\WinSxS\x86_microsoft.vc90.crt_1fc8b3b9a1e18e3b_9.0.30729.4926_none_508ed732bcbc0e5a\MSVCR90.dll
0x6d0b0000 - 0x6d1fa000 	C:\Program Files (x86)\Java\jdk1.6.0_24\jre\bin\awt.dll
0x6d2e0000 - 0x6d32f000 	C:\Program Files (x86)\Java\jdk1.6.0_24\jre\bin\fontmanager.dll
0x67ff0000 - 0x68b6f000 	C:\Windows\system32\nvd3dum.dll
0x74f40000 - 0x74f65000 	C:\Windows\system32\powrprof.dll

VM Arguments:
jvm_args: -Dfile.encoding=UTF-8 
java_command: jcamlan.Main
Launcher Type: SUN_STANDARD

Environment Variables:
PATH=C:\Program Files\Common Files\Microsoft Shared\Windows Live;C:\Program Files (x86)\Common Files\Microsoft Shared\Windows Live;C:\Program Files (x86)\PC Connectivity Solution\;C:\Windows\system32;C:\Windows;C:\Windows\System32\Wbem;C:\Windows\System32\WindowsPowerShell\v1.0\;C:\Program Files\TortoiseSVN\bin;C:\Program Files (x86)\Windows Live\Shared
USERNAME=Pedro
OS=Windows_NT
PROCESSOR_IDENTIFIER=AMD64 Family 15 Model 127 Stepping 1, AuthenticAMD



---------------  S Y S T E M  ---------------

OS: Windows 7 Build 7600 

CPU:total 1 (1 cores per cpu, 1 threads per core) family 15 model 127 stepping 1, cmov, cx8, fxsr, mmx, sse, sse2, sse3, mmxext, 3dnow, 3dnowext

Memory: 4k page, physical 981496k(103220k free), swap 2030072k(307444k free)

vm_info: Java HotSpot(TM) Client VM (19.1-b02) for windows-x86 JRE (1.6.0_24-b07), built on Feb  2 2011 17:44:41 by "java_re" with MS VC++ 7.1 (VS2003)

time: Sat Sep 03 01:17:44 2011
elapsed time: 3 seconds

