#
# A fatal error has been detected by the Java Runtime Environment:
#
#  EXCEPTION_ACCESS_VIOLATION (0xc0000005) at pc=0x575c3a43, pid=3788, tid=2560
#
# JRE version: 7.0-b147
# Java VM: Java HotSpot(TM) Client VM (21.0-b17 mixed mode, sharing windows-x86 )
# Problematic frame:
# C  0x575c3a43
#
# Failed to write core dump. Minidumps are not enabled by default on client versions of Windows
#
# If you would like to submit a bug report, please visit:
#   http://bugreport.sun.com/bugreport/crash.jsp
# The crash happened outside the Java Virtual Machine in native code.
# See problematic frame for where to report the bug.
#

---------------  T H R E A D  ---------------

Current thread (0x069a3c00):  JavaThread "AWT-EventQueue-0" [_thread_in_native, id=2560, stack(0x06e60000,0x06eb0000)]

siginfo: ExceptionCode=0xc0000005, ExceptionInformation=0x00000008 0x575c3a43

Registers:
EAX=0x575c3a43, EBX=0x32a91bf8, ECX=0x00c00a78, EDX=0x00c00d10
ESP=0x06eaf268, EBP=0x06eaf26c, ESI=0x00720a78, EDI=0x00000000
EIP=0x575c3a43, EFLAGS=0x00010246

Top of Stack: (sp=0x06eaf268)
0x06eaf268:   00331835 06eaf2d0 100027d5 069a3c00
0x06eaf278:   32a91bf8 06eaf2d0 32a91bf8 32a91bf8
0x06eaf288:   32a91bf8 06eaf2d0 01c6a4a7 009a3c00
0x06eaf298:   1000121b 01c6a5a7 069a3d28 06eaf2e0
0x06eaf2a8:   00841ef4 00841efc 06eaf2b0 32a91bf8
0x06eaf2b8:   06eaf2e0 32a94710 00000000 32a91bf8
0x06eaf2c8:   00000000 06eaf2e0 06eaf304 01c63187
0x06eaf2d8:   00000000 01c68839 23b03bf0 06eaf2e4 

Instructions: (pc=0x575c3a43)
0x575c3a23:   
[error occurred during error reporting (printing registers, top of stack, instructions near pc), id 0xc0000005]

Register to memory mapping:

EAX=0x575c3a43 is an unknown value
EBX=0x32a91bf8 is an oop
{method} 
 - klass: {other class}
ECX=0x00c00a78 is an unknown value
EDX=0x00c00d10 is an unknown value
ESP=0x06eaf268 is pointing into the stack for thread: 0x069a3c00
EBP=0x06eaf26c is pointing into the stack for thread: 0x069a3c00
ESI=0x00720a78 is an unknown value
EDI=0x00000000 is an unknown value


Stack: [0x06e60000,0x06eb0000],  sp=0x06eaf268,  free space=316k
Native frames: (J=compiled Java code, j=interpreted, Vv=VM code, C=native code)
C  0x575c3a43
C  [JMyron.dll+0x27d5]  Java_JMyron_JMyron_native_1stop+0xf75
j  JMyron.JMyron.update()V+1
j  jcamlan.Cam$1.actionPerformed(Ljava/awt/event/ActionEvent;)V+7
j  javax.swing.Timer.fireActionPerformed(Ljava/awt/event/ActionEvent;)V+35
j  javax.swing.Timer$DoPostEvent.run()V+74
j  java.awt.event.InvocationEvent.dispatch()V+47
j  java.awt.EventQueue.dispatchEventImpl(Ljava/awt/AWTEvent;Ljava/lang/Object;)V+21
j  java.awt.EventQueue.access$000(Ljava/awt/EventQueue;Ljava/awt/AWTEvent;Ljava/lang/Object;)V+3
j  java.awt.EventQueue$3.run()Ljava/lang/Void;+12
j  java.awt.EventQueue$3.run()Ljava/lang/Object;+1
v  ~StubRoutines::call_stub
V  [jvm.dll+0x122c7e]
V  [jvm.dll+0x1c9c0e]
V  [jvm.dll+0x122d0d]
V  [jvm.dll+0xd3c3a]
C  [java.dll+0x102f]  Java_java_security_AccessController_doPrivileged__Ljava_security_PrivilegedAction_2Ljava_security_AccessControlContext_2+0x17
j  java.security.ProtectionDomain$1.doIntersectionPrivilege(Ljava/security/PrivilegedAction;Ljava/security/AccessControlContext;Ljava/security/AccessControlContext;)Ljava/lang/Object;+28
j  java.awt.EventQueue.dispatchEvent(Ljava/awt/AWTEvent;)V+46
j  java.awt.EventDispatchThread.pumpOneEventForFilters(I)Z+245
j  java.awt.EventDispatchThread.pumpEventsForFilter(ILjava/awt/Conditional;Ljava/awt/EventFilter;)V+35
j  java.awt.EventDispatchThread.pumpEventsForHierarchy(ILjava/awt/Conditional;Ljava/awt/Component;)V+11
j  java.awt.EventDispatchThread.pumpEvents(ILjava/awt/Conditional;)V+4
j  java.awt.EventDispatchThread.pumpEvents(Ljava/awt/Conditional;)V+3
j  java.awt.EventDispatchThread.run()V+9
v  ~StubRoutines::call_stub
V  [jvm.dll+0x122c7e]
V  [jvm.dll+0x1c9c0e]
V  [jvm.dll+0x122e73]
V  [jvm.dll+0x122ed7]
V  [jvm.dll+0xccd1f]
V  [jvm.dll+0x14433f]
V  [jvm.dll+0x171549]
C  [msvcr100.dll+0x5c6de]  endthreadex+0x3a
C  [msvcr100.dll+0x5c788]  endthreadex+0xe4
C  [kernel32.dll+0x51114]  BaseThreadInitThunk+0x12
C  [ntdll.dll+0x5b429]  RtlInitializeExceptionChain+0x63
C  [ntdll.dll+0x5b3fc]  RtlInitializeExceptionChain+0x36

Java frames: (J=compiled Java code, j=interpreted, Vv=VM code)
j  JMyron.JMyron.native_update()V+0
j  JMyron.JMyron.update()V+1
j  jcamlan.Cam$1.actionPerformed(Ljava/awt/event/ActionEvent;)V+7
j  javax.swing.Timer.fireActionPerformed(Ljava/awt/event/ActionEvent;)V+35
j  javax.swing.Timer$DoPostEvent.run()V+74
j  java.awt.event.InvocationEvent.dispatch()V+47
j  java.awt.EventQueue.dispatchEventImpl(Ljava/awt/AWTEvent;Ljava/lang/Object;)V+21
j  java.awt.EventQueue.access$000(Ljava/awt/EventQueue;Ljava/awt/AWTEvent;Ljava/lang/Object;)V+3
j  java.awt.EventQueue$3.run()Ljava/lang/Void;+12
j  java.awt.EventQueue$3.run()Ljava/lang/Object;+1
v  ~StubRoutines::call_stub
j  java.security.AccessController.doPrivileged(Ljava/security/PrivilegedAction;Ljava/security/AccessControlContext;)Ljava/lang/Object;+0
j  java.security.ProtectionDomain$1.doIntersectionPrivilege(Ljava/security/PrivilegedAction;Ljava/security/AccessControlContext;Ljava/security/AccessControlContext;)Ljava/lang/Object;+28
j  java.awt.EventQueue.dispatchEvent(Ljava/awt/AWTEvent;)V+46
j  java.awt.EventDispatchThread.pumpOneEventForFilters(I)Z+245
j  java.awt.EventDispatchThread.pumpEventsForFilter(ILjava/awt/Conditional;Ljava/awt/EventFilter;)V+35
j  java.awt.EventDispatchThread.pumpEventsForHierarchy(ILjava/awt/Conditional;Ljava/awt/Component;)V+11
j  java.awt.EventDispatchThread.pumpEvents(ILjava/awt/Conditional;)V+4
j  java.awt.EventDispatchThread.pumpEvents(Ljava/awt/Conditional;)V+3
j  java.awt.EventDispatchThread.run()V+9
v  ~StubRoutines::call_stub

---------------  P R O C E S S  ---------------

Java Threads: ( => current thread )
=>0x069a3c00 JavaThread "AWT-EventQueue-0" [_thread_in_native, id=2560, stack(0x06e60000,0x06eb0000)]
  0x069a2800 JavaThread "AWT-Windows" daemon [_thread_in_native, id=3384, stack(0x06dd0000,0x06e20000)]
  0x0699e800 JavaThread "AWT-Shutdown" [_thread_blocked, id=2332, stack(0x06ce0000,0x06d30000)]
  0x0699e000 JavaThread "Java2D Disposer" daemon [_thread_blocked, id=1476, stack(0x06890000,0x068e0000)]
  0x00873000 JavaThread "TimerQueue" daemon [_thread_blocked, id=2936, stack(0x068e0000,0x06930000)]
  0x0083d400 JavaThread "Service Thread" daemon [_thread_blocked, id=2400, stack(0x00c60000,0x00cb0000)]
  0x0082fc00 JavaThread "C1 CompilerThread0" daemon [_thread_blocked, id=852, stack(0x00af0000,0x00b40000)]
  0x0082e800 JavaThread "Attach Listener" daemon [_thread_blocked, id=3252, stack(0x00a70000,0x00ac0000)]
  0x0082d800 JavaThread "Signal Dispatcher" daemon [_thread_blocked, id=1992, stack(0x00940000,0x00990000)]
  0x00820000 JavaThread "Finalizer" daemon [_thread_blocked, id=1560, stack(0x00b40000,0x00b90000)]
  0x0081e800 JavaThread "Reference Handler" daemon [_thread_blocked, id=2892, stack(0x008c0000,0x00910000)]
  0x0032f400 JavaThread "main" [_thread_in_native, id=1132, stack(0x00650000,0x006a0000)]

Other Threads:
  0x0081c800 VMThread [stack: 0x00a00000,0x00a50000] [id=3160]
  0x0083ec00 WatcherThread [stack: 0x00d80000,0x00dd0000] [id=876]

VM state:not at safepoint (normal execution)

VM Mutex/Monitor currently owned by a thread: None

Heap
 def new generation   total 4608K, used 1086K [0x23a70000, 0x23f70000, 0x28a70000)
  eden space 4096K,  26% used [0x23a70000, 0x23b7f8c0, 0x23e70000)
  from space 512K,   0% used [0x23e70000, 0x23e70000, 0x23ef0000)
  to   space 512K,   0% used [0x23ef0000, 0x23ef0000, 0x23f70000)
 tenured generation   total 10240K, used 0K [0x28a70000, 0x29470000, 0x32a70000)
   the space 10240K,   0% used [0x28a70000, 0x28a70000, 0x28a70200, 0x29470000)
 compacting perm gen  total 12288K, used 411K [0x32a70000, 0x33670000, 0x36a70000)
   the space 12288K,   3% used [0x32a70000, 0x32ad6e18, 0x32ad7000, 0x33670000)
    ro space 10240K,  45% used [0x36a70000, 0x36ef1888, 0x36ef1a00, 0x37470000)
    rw space 12288K,  54% used [0x37470000, 0x37af04f8, 0x37af0600, 0x38070000)

Code Cache  [0x01c60000, 0x01ce0000, 0x03c60000)
 total_blobs=188 nmethods=23 adapters=99 free_code_cache=32263Kb largest_free_block=33038144

Dynamic libraries:
0x01030000 - 0x0105e000 	C:\Program Files\Java\jdk1.7.0\bin\java.exe
0x77880000 - 0x779bd000 	C:\Windows\SYSTEM32\ntdll.dll
0x76820000 - 0x768f4000 	C:\Windows\system32\kernel32.dll
0x75b30000 - 0x75b7a000 	C:\Windows\system32\KERNELBASE.dll
0x77630000 - 0x776d0000 	C:\Windows\system32\ADVAPI32.dll
0x766a0000 - 0x7674c000 	C:\Windows\system32\msvcrt.dll
0x76080000 - 0x76099000 	C:\Windows\SYSTEM32\sechost.dll
0x75ee0000 - 0x75f81000 	C:\Windows\system32\RPCRT4.dll
0x76750000 - 0x76819000 	C:\Windows\system32\USER32.dll
0x77a40000 - 0x77a8e000 	C:\Windows\system32\GDI32.dll
0x75cd0000 - 0x75cda000 	C:\Windows\system32\LPK.dll
0x77590000 - 0x7762d000 	C:\Windows\system32\USP10.dll
0x74920000 - 0x74abe000 	C:\Windows\WinSxS\x86_microsoft.windows.common-controls_6595b64144ccf1df_6.0.7600.16661_none_420fe3fa2b8113bd\COMCTL32.dll
0x76020000 - 0x76077000 	C:\Windows\system32\SHLWAPI.dll
0x77a90000 - 0x77aaf000 	C:\Windows\system32\IMM32.DLL
0x76360000 - 0x7642c000 	C:\Windows\system32\MSCTF.dll
0x679d0000 - 0x67a8e000 	C:\Program Files\Java\jdk1.7.0\jre\bin\msvcr100.dll
0x67a90000 - 0x67db1000 	C:\Program Files\Java\jdk1.7.0\jre\bin\client\jvm.dll
0x6e790000 - 0x6e797000 	C:\Windows\system32\WSOCK32.dll
0x760a0000 - 0x760d5000 	C:\Windows\system32\WS2_32.dll
0x76690000 - 0x76696000 	C:\Windows\system32\NSI.dll
0x6e750000 - 0x6e782000 	C:\Windows\system32\WINMM.dll
0x77870000 - 0x77875000 	C:\Windows\system32\PSAPI.DLL
0x73700000 - 0x7370c000 	C:\Program Files\Java\jdk1.7.0\jre\bin\verify.dll
0x73390000 - 0x733b0000 	C:\Program Files\Java\jdk1.7.0\jre\bin\java.dll
0x71bb0000 - 0x71bc3000 	C:\Program Files\Java\jdk1.7.0\jre\bin\zip.dll
0x10000000 - 0x1001b000 	C:\Windows\System32\JMyron.dll
0x00330000 - 0x00344000 	C:\Windows\system32\myron_ezcam.dll
0x76430000 - 0x7658c000 	C:\Windows\system32\ole32.dll
0x00700000 - 0x00713000 	C:\Windows\system32\DSVL.dll
0x62980000 - 0x62af7000 	C:\Windows\system32\QUARTZ.dll
0x760e0000 - 0x7616f000 	C:\Windows\system32\OLEAUT32.dll
0x76930000 - 0x77579000 	C:\Windows\system32\SHELL32.dll
0x7c3a0000 - 0x7c41b000 	C:\Windows\system32\MSVCP71.dll
0x7c340000 - 0x7c396000 	C:\Windows\system32\MSVCR71.dll
0x75950000 - 0x7595c000 	C:\Windows\system32\CRYPTBASE.dll
0x747a0000 - 0x747e0000 	C:\Windows\system32\uxtheme.dll
0x75f90000 - 0x76013000 	C:\Windows\system32\CLBCatQ.DLL
0x74470000 - 0x74483000 	C:\Windows\system32\dwmapi.dll
0x6ae60000 - 0x6ae92000 	C:\Windows\system32\qcap.dll
0x6ae30000 - 0x6ae51000 	C:\Windows\system32\MSVFW32.dll
0x74e90000 - 0x74e99000 	C:\Windows\system32\VERSION.dll
0x67800000 - 0x67880000 	C:\Windows\System32\qedit.dll
0x779c0000 - 0x77a3b000 	C:\Windows\system32\COMDLG32.dll
0x74610000 - 0x747a0000 	C:\Windows\WinSxS\x86_microsoft.windows.gdiplus_6595b64144ccf1df_1.1.7600.16385_none_72fc7cbf861225ca\gdiplus.dll
0x6d650000 - 0x6d664000 	C:\Windows\system32\devenum.dll
0x776d0000 - 0x7786d000 	C:\Windows\system32\setupapi.dll
0x75ae0000 - 0x75b07000 	C:\Windows\system32\CFGMGR32.dll
0x75b10000 - 0x75b22000 	C:\Windows\system32\DEVOBJ.dll
0x73e60000 - 0x73e81000 	C:\Windows\system32\ntmarta.dll
0x76170000 - 0x761b5000 	C:\Windows\system32\WLDAP32.dll
0x75b80000 - 0x75bad000 	C:\Windows\system32\WINTRUST.dll
0x75bb0000 - 0x75ccc000 	C:\Windows\system32\CRYPT32.dll
0x75a40000 - 0x75a4c000 	C:\Windows\system32\MSASN1.dll
0x70440000 - 0x7044b000 	C:\Windows\system32\msdmo.dll
0x67880000 - 0x679c2000 	C:\Program Files\Java\jdk1.7.0\jre\bin\awt.dll
0x68370000 - 0x68533000 	C:\Windows\system32\d3d9.dll
0x73770000 - 0x73776000 	C:\Windows\system32\d3d8thk.dll
0x6f480000 - 0x6fbdc000 	C:\Windows\system32\nvd3dum.dll
0x73ec0000 - 0x73ee5000 	C:\Windows\system32\powrprof.dll

VM Arguments:
jvm_args: -Dfile.encoding=UTF-8 
java_command: jcamlan.Main
Launcher Type: SUN_STANDARD

Environment Variables:
PATH=C:\Program Files\Common Files\Microsoft Shared\Windows Live;C:\Windows\system32;C:\Windows;C:\Windows\System32\Wbem;C:\Windows\System32\WindowsPowerShell\v1.0\;C:\Program Files\Windows Live\Shared
USERNAME=Pedro
OS=Windows_NT
PROCESSOR_IDENTIFIER=x86 Family 15 Model 127 Stepping 1, AuthenticAMD



---------------  S Y S T E M  ---------------

OS: Windows 7 Build 7600 

CPU:total 1 (1 cores per cpu, 1 threads per core) family 15 model 127 stepping 1, cmov, cx8, fxsr, mmx, sse, sse2, sse3, mmxext, 3dnowpref

Memory: 4k page, physical 981496k(116760k free), swap 2030072k(662996k free)

vm_info: Java HotSpot(TM) Client VM (21.0-b17) for windows-x86 JRE (1.7.0-b147), built on Jun 27 2011 02:25:52 by "java_re" with unknown MS VC++:1600

time: Tue Oct 04 23:54:03 2011
elapsed time: 4 seconds

